#
# There is insufficient memory for the Java Runtime Environment to continue.
# Native memory allocation (malloc) failed to allocate 1749616 bytes for Chunk::new
# Possible reasons:
#   The system is out of physical RAM or swap space
#   In 32 bit mode, the process size limit was hit
# Possible solutions:
#   Reduce memory load on the system
#   Increase physical memory or swap space
#   Check if swap backing store is full
#   Use 64 bit Java on a 64 bit OS
#   Decrease Java heap size (-Xmx/-Xms)
#   Decrease number of Java threads
#   Decrease Java thread stack sizes (-Xss)
#   Set larger code cache with -XX:ReservedCodeCacheSize=
# This output file may be truncated or incomplete.
#
#  Out of Memory Error (allocation.cpp:390), pid=26520, tid=0x0000000000006870
#
# JRE version: Java(TM) SE Runtime Environment (8.0_181-b13) (build 1.8.0_181-b13)
# Java VM: Java HotSpot(TM) 64-Bit Server VM (25.181-b13 mixed mode windows-amd64 compressed oops)
# Failed to write core dump. Minidumps are not enabled by default on client versions of Windows
#

---------------  T H R E A D  ---------------

Current thread (0x0000000019d78800):  JavaThread "C2 CompilerThread1" daemon [_thread_in_native, id=26736, stack(0x000000001a710000,0x000000001a810000)]

Stack: [0x000000001a710000,0x000000001a810000]
[error occurred during error reporting (printing stack bounds), id 0xc0000005]

Native frames: (J=compiled Java code, j=interpreted, Vv=VM code, C=native code)


Current CompileTask:
C2:   8888 1913   !   4       com.sun.beans.TypeResolver::resolve (274 bytes)


---------------  P R O C E S S  ---------------

Java Threads: ( => current thread )
  0x0000000019e06800 JavaThread "Service Thread" daemon [_thread_blocked, id=35284, stack(0x000000001ab10000,0x000000001ac10000)]
  0x0000000019dc4800 JavaThread "C1 CompilerThread3" daemon [_thread_blocked, id=17628, stack(0x000000001a910000,0x000000001aa10000)]
  0x0000000019db3800 JavaThread "C2 CompilerThread2" daemon [_thread_blocked, id=5520, stack(0x000000001a810000,0x000000001a910000)]
=>0x0000000019d78800 JavaThread "C2 CompilerThread1" daemon [_thread_in_native, id=26736, stack(0x000000001a710000,0x000000001a810000)]
  0x0000000019d59000 JavaThread "C2 CompilerThread0" daemon [_thread_in_native, id=38448, stack(0x000000001a610000,0x000000001a710000)]
  0x0000000019d57800 JavaThread "Attach Listener" daemon [_thread_blocked, id=12408, stack(0x000000001a510000,0x000000001a610000)]
  0x0000000019d56800 JavaThread "Signal Dispatcher" daemon [_thread_blocked, id=24568, stack(0x000000001a410000,0x000000001a510000)]
  0x0000000019d37800 JavaThread "Finalizer" daemon [_thread_blocked, id=36796, stack(0x000000001a210000,0x000000001a310000)]
  0x0000000019d30800 JavaThread "Reference Handler" daemon [_thread_blocked, id=40508, stack(0x000000001a110000,0x000000001a210000)]
  0x0000000002d96800 JavaThread "main" [_thread_in_vm, id=1984, stack(0x0000000002b80000,0x0000000002c80000)]

Other Threads:
  0x0000000017f33000 VMThread [stack: 0x0000000019c10000,0x0000000019d10000] [id=40524]
  0x0000000019e12000 WatcherThread [stack: 0x000000001ac10000,0x000000001ad10000] [id=33796]

VM state:not at safepoint (normal execution)

VM Mutex/Monitor currently owned by a thread: None

Heap:
 PSYoungGen      total 76288K, used 60028K [0x00000000d5580000, 0x00000000daa80000, 0x0000000100000000)
  eden space 65536K, 75% used [0x00000000d5580000,0x00000000d85a45e8,0x00000000d9580000)
  from space 10752K, 99% used [0x00000000d9580000,0x00000000d9ffaa58,0x00000000da000000)
  to   space 10752K, 0% used [0x00000000da000000,0x00000000da000000,0x00000000daa80000)
 ParOldGen       total 175104K, used 2561K [0x0000000080000000, 0x000000008ab00000, 0x00000000d5580000)
  object space 175104K, 1% used [0x0000000080000000,0x00000000802804f8,0x000000008ab00000)
 Metaspace       used 20491K, capacity 20752K, committed 21120K, reserved 1069056K
  class space    used 2286K, capacity 2372K, committed 2432K, reserved 1048576K

Card table byte_map: [0x0000000002e80000,0x0000000003290000] byte_map_base: 0x0000000002a80000

Marking Bits: (ParMarkBitMap*) 0x0000000054c02d00
 Begin Bits: [0x0000000003d40000, 0x0000000005d40000)
 End Bits:   [0x0000000005d40000, 0x0000000007d40000)

Polling page: 0x0000000001360000

CodeCache: size=245760Kb used=9220Kb max_used=9220Kb free=236539Kb
 bounds [0x0000000007d80000, 0x0000000008690000, 0x0000000016d80000]
 total_blobs=2630 nmethods=1999 adapters=543
 compilation: enabled

Compilation events (10 events):
Event: 8.853 Thread 0x0000000019dc4800 2001       3       java.util.LinkedHashMap$LinkedKeySet::iterator (12 bytes)
Event: 8.853 Thread 0x0000000019dc4800 nmethod 2001 0x0000000008652850 code [0x00000000086529c0, 0x0000000008652cd0]
Event: 8.860 Thread 0x0000000019dc4800 2002       3       org.codehaus.groovy.control.ResolveVisitor::resolveFromDefaultImports (148 bytes)
Event: 8.861 Thread 0x0000000019dc4800 nmethod 2002 0x0000000008680fd0 code [0x0000000008681220, 0x0000000008682128]
Event: 8.861 Thread 0x0000000019dc4800 2003       3       org.codehaus.groovy.control.ResolveVisitor::resolveFromStaticInnerClasses (125 bytes)
Event: 8.862 Thread 0x0000000019dc4800 nmethod 2003 0x00000000086825d0 code [0x0000000008682820, 0x0000000008683718]
Event: 8.862 Thread 0x0000000019dc4800 2004       3       org.codehaus.groovy.control.ResolveVisitor::resolveToOuter (110 bytes)
Event: 8.864 Thread 0x0000000019dc4800 nmethod 2004 0x0000000008683ad0 code [0x0000000008683d80, 0x00000000086851f8]
Event: 8.870 Thread 0x0000000019dc4800 2005       3       java.util.HashMap::isEmpty (13 bytes)
Event: 8.870 Thread 0x0000000019dc4800 nmethod 2005 0x00000000086489d0 code [0x0000000008648b20, 0x0000000008648cd0]

GC Heap History (6 events):
Event: 3.989 GC heap before
{Heap before GC invocations=1 (full 0):
 PSYoungGen      total 76288K, used 65536K [0x00000000d5580000, 0x00000000daa80000, 0x0000000100000000)
  eden space 65536K, 100% used [0x00000000d5580000,0x00000000d9580000,0x00000000d9580000)
  from space 10752K, 0% used [0x00000000da000000,0x00000000da000000,0x00000000daa80000)
  to   space 10752K, 0% used [0x00000000d9580000,0x00000000d9580000,0x00000000da000000)
 ParOldGen       total 175104K, used 0K [0x0000000080000000, 0x000000008ab00000, 0x00000000d5580000)
  object space 175104K, 0% used [0x0000000080000000,0x0000000080000000,0x000000008ab00000)
 Metaspace       used 9642K, capacity 9744K, committed 9856K, reserved 1058816K
  class space    used 1091K, capacity 1136K, committed 1152K, reserved 1048576K
Event: 4.009 GC heap after
Heap after GC invocations=1 (full 0):
 PSYoungGen      total 76288K, used 7874K [0x00000000d5580000, 0x00000000daa80000, 0x0000000100000000)
  eden space 65536K, 0% used [0x00000000d5580000,0x00000000d5580000,0x00000000d9580000)
  from space 10752K, 73% used [0x00000000d9580000,0x00000000d9d30a70,0x00000000da000000)
  to   space 10752K, 0% used [0x00000000da000000,0x00000000da000000,0x00000000daa80000)
 ParOldGen       total 175104K, used 16K [0x0000000080000000, 0x000000008ab00000, 0x00000000d5580000)
  object space 175104K, 0% used [0x0000000080000000,0x0000000080004000,0x000000008ab00000)
 Metaspace       used 9642K, capacity 9744K, committed 9856K, reserved 1058816K
  class space    used 1091K, capacity 1136K, committed 1152K, reserved 1048576K
}
Event: 5.556 GC heap before
{Heap before GC invocations=2 (full 0):
 PSYoungGen      total 76288K, used 73410K [0x00000000d5580000, 0x00000000daa80000, 0x0000000100000000)
  eden space 65536K, 100% used [0x00000000d5580000,0x00000000d9580000,0x00000000d9580000)
  from space 10752K, 73% used [0x00000000d9580000,0x00000000d9d30a70,0x00000000da000000)
  to   space 10752K, 0% used [0x00000000da000000,0x00000000da000000,0x00000000daa80000)
 ParOldGen       total 175104K, used 16K [0x0000000080000000, 0x000000008ab00000, 0x00000000d5580000)
  object space 175104K, 0% used [0x0000000080000000,0x0000000080004000,0x000000008ab00000)
 Metaspace       used 14603K, capacity 14758K, committed 14976K, reserved 1062912K
  class space    used 1524K, capacity 1569K, committed 1664K, reserved 1048576K
Event: 5.568 GC heap after
Heap after GC invocations=2 (full 0):
 PSYoungGen      total 76288K, used 8233K [0x00000000d5580000, 0x00000000daa80000, 0x0000000100000000)
  eden space 65536K, 0% used [0x00000000d5580000,0x00000000d5580000,0x00000000d9580000)
  from space 10752K, 76% used [0x00000000da000000,0x00000000da80a738,0x00000000daa80000)
  to   space 10752K, 0% used [0x00000000d9580000,0x00000000d9580000,0x00000000da000000)
 ParOldGen       total 175104K, used 24K [0x0000000080000000, 0x000000008ab00000, 0x00000000d5580000)
  object space 175104K, 0% used [0x0000000080000000,0x0000000080006000,0x000000008ab00000)
 Metaspace       used 14603K, capacity 14758K, committed 14976K, reserved 1062912K
  class space    used 1524K, capacity 1569K, committed 1664K, reserved 1048576K
}
Event: 7.576 GC heap before
{Heap before GC invocations=3 (full 0):
 PSYoungGen      total 76288K, used 73769K [0x00000000d5580000, 0x00000000daa80000, 0x0000000100000000)
  eden space 65536K, 100% used [0x00000000d5580000,0x00000000d9580000,0x00000000d9580000)
  from space 10752K, 76% used [0x00000000da000000,0x00000000da80a738,0x00000000daa80000)
  to   space 10752K, 0% used [0x00000000d9580000,0x00000000d9580000,0x00000000da000000)
 ParOldGen       total 175104K, used 24K [0x0000000080000000, 0x000000008ab00000, 0x00000000d5580000)
  object space 175104K, 0% used [0x0000000080000000,0x0000000080006000,0x000000008ab00000)
 Metaspace       used 19518K, capacity 19784K, committed 19968K, reserved 1067008K
  class space    used 2205K, capacity 2287K, committed 2304K, reserved 1048576K
Event: 7.608 GC heap after
Heap after GC invocations=3 (full 0):
 PSYoungGen      total 76288K, used 10730K [0x00000000d5580000, 0x00000000daa80000, 0x0000000100000000)
  eden space 65536K, 0% used [0x00000000d5580000,0x00000000d5580000,0x00000000d9580000)
  from space 10752K, 99% used [0x00000000d9580000,0x00000000d9ffaa58,0x00000000da000000)
  to   space 10752K, 0% used [0x00000000da000000,0x00000000da000000,0x00000000daa80000)
 ParOldGen       total 175104K, used 2561K [0x0000000080000000, 0x000000008ab00000, 0x00000000d5580000)
  object space 175104K, 1% used [0x0000000080000000,0x00000000802804f8,0x000000008ab00000)
 Metaspace       used 19518K, capacity 19784K, committed 19968K, reserved 1067008K
  class space    used 2205K, capacity 2287K, committed 2304K, reserved 1048576K
}

Deoptimization events (10 events):
Event: 7.043 Thread 0x0000000002d96800 Uncommon trap: reason=unstable_if action=reinterpret pc=0x00000000083c2f00 method=java.lang.Class$MethodArray.addIfNotPresent(Ljava/lang/reflect/Method;)V @ 19
Event: 7.383 Thread 0x0000000002d96800 Uncommon trap: reason=unstable_if action=reinterpret pc=0x0000000007f4d4e0 method=java.io.WinNTFileSystem.normalize(Ljava/lang/String;II)Ljava/lang/String; @ 8
Event: 7.571 Thread 0x0000000002d96800 Uncommon trap: reason=predicate action=maybe_recompile pc=0x00000000083ba6f0 method=java.lang.String.regionMatches(ZILjava/lang/String;II)Z @ 63
Event: 7.991 Thread 0x0000000002d96800 Uncommon trap: reason=unstable_if action=reinterpret pc=0x0000000008462124 method=groovyjarjarantlr.CharQueue.append(C)V @ 9
Event: 8.058 Thread 0x0000000002d96800 Uncommon trap: reason=unstable_if action=reinterpret pc=0x0000000008532abc method=java.io.StringReader.read()I @ 19
Event: 8.436 Thread 0x0000000002d96800 Uncommon trap: reason=unstable_if action=reinterpret pc=0x00000000084d4cac method=java.io.WinNTFileSystem.isLetter(C)Z @ 3
Event: 8.442 Thread 0x0000000002d96800 Uncommon trap: reason=class_check action=maybe_recompile pc=0x000000000847903c method=org.codehaus.groovy.antlr.UnicodeEscapingReader.read()I @ 59
Event: 8.442 Thread 0x0000000002d96800 Uncommon trap: reason=class_check action=maybe_recompile pc=0x000000000847903c method=org.codehaus.groovy.antlr.UnicodeEscapingReader.read()I @ 59
Event: 8.442 Thread 0x0000000002d96800 Uncommon trap: reason=class_check action=maybe_recompile pc=0x000000000847903c method=org.codehaus.groovy.antlr.UnicodeEscapingReader.read()I @ 59
Event: 8.442 Thread 0x0000000002d96800 Uncommon trap: reason=class_check action=maybe_recompile pc=0x000000000847903c method=org.codehaus.groovy.antlr.UnicodeEscapingReader.read()I @ 59

Classes redefined (0 events):
No events

Internal exceptions (10 events):
Event: 8.737 Thread 0x0000000002d96800 Exception <a 'java/security/PrivilegedActionException'> (0x00000000d7d08a50) thrown at [C:\re\workspace\8-2-build-windows-amd64-cygwin\jdk8u181\11358\hotspot\src\share\vm\prims\jvm.cpp, line 1435]
Event: 8.737 Thread 0x0000000002d96800 Exception <a 'java/security/PrivilegedActionException'> (0x00000000d7d09030) thrown at [C:\re\workspace\8-2-build-windows-amd64-cygwin\jdk8u181\11358\hotspot\src\share\vm\prims\jvm.cpp, line 1435]
Event: 8.823 Thread 0x0000000002d96800 Exception <a 'java/security/PrivilegedActionException'> (0x00000000d81e6ef0) thrown at [C:\re\workspace\8-2-build-windows-amd64-cygwin\jdk8u181\11358\hotspot\src\share\vm\prims\jvm.cpp, line 1435]
Event: 8.823 Thread 0x0000000002d96800 Exception <a 'java/security/PrivilegedActionException'> (0x00000000d81e74d0) thrown at [C:\re\workspace\8-2-build-windows-amd64-cygwin\jdk8u181\11358\hotspot\src\share\vm\prims\jvm.cpp, line 1435]
Event: 8.823 Thread 0x0000000002d96800 Exception <a 'java/security/PrivilegedActionException'> (0x00000000d81edc60) thrown at [C:\re\workspace\8-2-build-windows-amd64-cygwin\jdk8u181\11358\hotspot\src\share\vm\prims\jvm.cpp, line 1435]
Event: 8.823 Thread 0x0000000002d96800 Exception <a 'java/security/PrivilegedActionException'> (0x00000000d81ee240) thrown at [C:\re\workspace\8-2-build-windows-amd64-cygwin\jdk8u181\11358\hotspot\src\share\vm\prims\jvm.cpp, line 1435]
Event: 8.824 Thread 0x0000000002d96800 Exception <a 'java/security/PrivilegedActionException'> (0x00000000d81fcf50) thrown at [C:\re\workspace\8-2-build-windows-amd64-cygwin\jdk8u181\11358\hotspot\src\share\vm\prims\jvm.cpp, line 1435]
Event: 8.824 Thread 0x0000000002d96800 Exception <a 'java/security/PrivilegedActionException'> (0x00000000d81fd530) thrown at [C:\re\workspace\8-2-build-windows-amd64-cygwin\jdk8u181\11358\hotspot\src\share\vm\prims\jvm.cpp, line 1435]
Event: 8.824 Thread 0x0000000002d96800 Exception <a 'java/security/PrivilegedActionException'> (0x00000000d82041a0) thrown at [C:\re\workspace\8-2-build-windows-amd64-cygwin\jdk8u181\11358\hotspot\src\share\vm\prims\jvm.cpp, line 1435]
Event: 8.824 Thread 0x0000000002d96800 Exception <a 'java/security/PrivilegedActionException'> (0x00000000d8204780) thrown at [C:\re\workspace\8-2-build-windows-amd64-cygwin\jdk8u181\11358\hotspot\src\share\vm\prims\jvm.cpp, line 1435]

Events (10 events):
Event: 8.860 loading class groovy/lang/GroovyObject$java$util$com$kms$katalon$core$testdata$TestData
Event: 8.860 loading class groovy/lang/GroovyObject$java$util$com$kms$katalon$core$testdata$TestData done
Event: 8.868 loading class java/util/com$kms$katalon$core$testdata$TestData
Event: 8.868 loading class java/util/com$kms$katalon$core$testdata$TestData done
Event: 8.871 loading class groovy/lang/GroovyObject$groovy$lang$com$kms$katalon$core$testdata$TestData
Event: 8.871 loading class groovy/lang/GroovyObject$groovy$lang$com$kms$katalon$core$testdata$TestData done
Event: 8.873 loading class groovy/lang/com$kms$katalon$core$testdata$TestData
Event: 8.873 loading class groovy/lang/com$kms$katalon$core$testdata$TestData done
Event: 8.877 loading class groovy/lang/GroovyObject$groovy$util$com$kms$katalon$core$testdata$TestData
Event: 8.877 loading class groovy/lang/GroovyObject$groovy$util$com$kms$katalon$core$testdata$TestData done


Dynamic libraries:
0x00007ff78d0a0000 - 0x00007ff78d0d7000 	C:\Users\radhakrishnang2\Desktop\Katalon\Katalon_Studio_Windows_64-7.4.0\jre\bin\javaw.exe
0x00007ffdd8ac0000 - 0x00007ffdd8cb0000 	C:\WINDOWS\SYSTEM32\ntdll.dll
0x00007ffdd8070000 - 0x00007ffdd8122000 	C:\WINDOWS\System32\KERNEL32.DLL
0x00007ffdd5a30000 - 0x00007ffdd5cd5000 	C:\WINDOWS\System32\KERNELBASE.dll
0x00007ffdd7c50000 - 0x00007ffdd7cf3000 	C:\WINDOWS\System32\ADVAPI32.dll
0x00007ffdd7790000 - 0x00007ffdd782e000 	C:\WINDOWS\System32\msvcrt.dll
0x00007ffdd6ba0000 - 0x00007ffdd6c37000 	C:\WINDOWS\System32\sechost.dll
0x00007ffdd7f50000 - 0x00007ffdd806f000 	C:\WINDOWS\System32\RPCRT4.dll
0x00007ffdd6da0000 - 0x00007ffdd6f34000 	C:\WINDOWS\System32\USER32.dll
0x00007ffdd6930000 - 0x00007ffdd6951000 	C:\WINDOWS\System32\win32u.dll
0x00007ffdd8130000 - 0x00007ffdd8156000 	C:\WINDOWS\System32\GDI32.dll
0x00007ffdd5dd0000 - 0x00007ffdd5f68000 	C:\WINDOWS\System32\gdi32full.dll
0x00007ffdd5ce0000 - 0x00007ffdd5d7e000 	C:\WINDOWS\System32\msvcp_win.dll
0x00007ffdd6830000 - 0x00007ffdd692a000 	C:\WINDOWS\System32\ucrtbase.dll
0x00007ffdbc5d0000 - 0x00007ffdbc854000 	C:\WINDOWS\WinSxS\amd64_microsoft.windows.common-controls_6595b64144ccf1df_6.0.18362.1443_none_9e7d7b61e45edb4a\COMCTL32.dll
0x00007ffdd78a0000 - 0x00007ffdd7bd6000 	C:\WINDOWS\System32\combase.dll
0x00007ffdd5f70000 - 0x00007ffdd5ff1000 	C:\WINDOWS\System32\bcryptPrimitives.dll
0x00007ffdd6b70000 - 0x00007ffdd6b9e000 	C:\WINDOWS\System32\IMM32.DLL
0x00000000571d0000 - 0x00000000572a2000 	C:\Users\radhakrishnang2\Desktop\Katalon\Katalon_Studio_Windows_64-7.4.0\jre\bin\msvcr100.dll
0x00000000543e0000 - 0x0000000054c82000 	C:\Users\radhakrishnang2\Desktop\Katalon\Katalon_Studio_Windows_64-7.4.0\jre\bin\server\jvm.dll
0x00007ffdd88d0000 - 0x00007ffdd88d8000 	C:\WINDOWS\System32\PSAPI.DLL
0x00007ffdbc590000 - 0x00007ffdbc599000 	C:\WINDOWS\SYSTEM32\WSOCK32.dll
0x00007ffdd7be0000 - 0x00007ffdd7c4f000 	C:\WINDOWS\System32\WS2_32.dll
0x00007ffdd3480000 - 0x00007ffdd34a4000 	C:\WINDOWS\SYSTEM32\WINMM.dll
0x00007ffdcd8a0000 - 0x00007ffdcd8aa000 	C:\WINDOWS\SYSTEM32\VERSION.dll
0x00007ffdd33c0000 - 0x00007ffdd33ed000 	C:\WINDOWS\SYSTEM32\WINMMBASE.dll
0x00007ffdd5d80000 - 0x00007ffdd5dca000 	C:\WINDOWS\System32\cfgmgr32.dll
0x00000000573a0000 - 0x00000000573af000 	C:\Users\radhakrishnang2\Desktop\Katalon\Katalon_Studio_Windows_64-7.4.0\jre\bin\verify.dll
0x0000000057370000 - 0x0000000057399000 	C:\Users\radhakrishnang2\Desktop\Katalon\Katalon_Studio_Windows_64-7.4.0\jre\bin\java.dll
0x00007ffda5140000 - 0x00007ffda5272000 	C:\Program Files\von2\Endpoint Agent\clpbm64.dll
0x00007ffdd7630000 - 0x00007ffdd7787000 	C:\WINDOWS\System32\ole32.dll
0x00007ffdd8800000 - 0x00007ffdd88c5000 	C:\WINDOWS\System32\OLEAUT32.dll
0x00007ffdd6f40000 - 0x00007ffdd7628000 	C:\WINDOWS\System32\SHELL32.dll
0x00007ffdd7ea0000 - 0x00007ffdd7f47000 	C:\WINDOWS\System32\shcore.dll
0x00007ffdd60b0000 - 0x00007ffdd682b000 	C:\WINDOWS\System32\windows.storage.dll
0x00007ffdd59f0000 - 0x00007ffdd5a0e000 	C:\WINDOWS\System32\profapi.dll
0x00007ffdd59a0000 - 0x00007ffdd59ea000 	C:\WINDOWS\System32\powrprof.dll
0x00007ffdd5890000 - 0x00007ffdd58b5000 	C:\WINDOWS\SYSTEM32\USERENV.dll
0x00007ffdd5970000 - 0x00007ffdd5980000 	C:\WINDOWS\System32\UMPDC.dll
0x00007ffdd6d40000 - 0x00007ffdd6d92000 	C:\WINDOWS\System32\shlwapi.dll
0x00007ffdd5a10000 - 0x00007ffdd5a21000 	C:\WINDOWS\System32\kernel.appcore.dll
0x00007ffdd69f0000 - 0x00007ffdd6a07000 	C:\WINDOWS\System32\cryptsp.dll
0x00007ffdcd890000 - 0x00007ffdcd89c000 	C:\WINDOWS\SYSTEM32\Secur32.dll
0x00007ffdbb5d0000 - 0x00007ffdbb676000 	C:\WINDOWS\SYSTEM32\MSVCP120.dll
0x00007ffdbb030000 - 0x00007ffdbb11f000 	C:\WINDOWS\SYSTEM32\MSVCR120.dll
0x00007ffdd5850000 - 0x00007ffdd5887000 	C:\WINDOWS\SYSTEM32\SSPICLI.DLL
0x0000000057350000 - 0x0000000057366000 	C:\Users\radhakrishnang2\Desktop\Katalon\Katalon_Studio_Windows_64-7.4.0\jre\bin\zip.dll
0x00007ffda50d0000 - 0x00007ffda513d000 	C:\Program Files\von2\Endpoint Agent\prntm64.dll
0x00007ffdc8ad0000 - 0x00007ffdc8b59000 	C:\WINDOWS\SYSTEM32\WINSPOOL.DRV
0x00007ffdd6960000 - 0x00007ffdd6986000 	C:\WINDOWS\System32\bcrypt.dll
0x00007ffdd32d0000 - 0x00007ffdd33c0000 	C:\WINDOWS\SYSTEM32\PROPSYS.dll
0x00007ffdd4de0000 - 0x00007ffdd4e1a000 	C:\WINDOWS\SYSTEM32\IPHLPAPI.DLL
0x0000000057330000 - 0x000000005734a000 	C:\Users\radhakrishnang2\Desktop\Katalon\Katalon_Studio_Windows_64-7.4.0\jre\bin\net.dll
0x00007ffdd50c0000 - 0x00007ffdd5127000 	C:\WINDOWS\system32\mswsock.dll
0x0000000057310000 - 0x0000000057321000 	C:\Users\radhakrishnang2\Desktop\Katalon\Katalon_Studio_Windows_64-7.4.0\jre\bin\nio.dll

VM Arguments:
jvm_args: -Dgroovy.home=/C:/Users/radhakrishnang2/Desktop/Katalon/Katalon_Studio_Windows_64-7.4.0/plugins/org.codehaus.groovy_2.4.7.xx-201611170128-e46/ -Xmx2048m -Dfile.encoding=UTF-8 
java_command: org.codehaus.groovy.tools.GroovyStarter --classpath C:\Users\radhakrishnang2\Desktop\Commons_Automation\Include\scripts\groovy;C:\Users\radhakrishnang2\Desktop\Commons_Automation\Keywords;C:\Users\radhakrishnang2\Desktop\Commons_Automation\Libs;C:\Users\radhakrishnang2\Desktop\Commons_Automation\Test Listeners;C:\Users\radhakrishnang2\Desktop\Commons_Automation\Drivers\TesterDriver.jar;C:\Users\radhakrishnang2\Desktop\Commons_Automation\Drivers\com.kms.katalon.selenium-standalone_1.0.0.202003030905.jar;C:\Users\radhakrishnang2\Desktop\Commons_Automation\Drivers\com.kms.katalon.selenium.ide_1.0.0.202003030905.jar;C:\Users\radhakrishnang2\Desktop\Commons_Automation\Drivers\commons-beanutils-1.9.3.jar;C:\Users\radhakrishnang2\Desktop\Commons_Automation\Drivers\commons-collections-3.2.2.jar;C:\Users\radhakrishnang2\Desktop\Commons_Automation\Drivers\commons-csv-1.8.jar;C:\Users\radhakrishnang2\Desktop\Commons_Automation\Drivers\commons-lang3-3.6.jar;C:\Users\radhakrishnang2\Desktop\Commons_Automation\Drivers\commons-logging-1.2.jar;C:\Users\radhakrishnang2\Desktop\Commons_Automation\Drivers\commons-text-1.1.jar;C:\Users\radhakrishnang2\Desktop\Commons_Automation\Drivers\gson-2.7.jar;C:\Users\radhakrishnang2\Desktop\Commons_Automation\Drivers\neo4j-java-driver-1.7.5.jar;C:\Users\radhakrishnang2\Desktop\Commons_Automation\Drivers\opencsv-4.1.jar;C:\Users\radhakrishnang2\Desktop\Commons_Automation\Drivers\opencsv-5.1.jar;C:\Users\radhakrishnang2\Desktop\Commons_Automation\Drivers\org.apache.xmlbeans_2.6.0.jar;C:\Users\radhakrishnang2\Desktop\Commons_Automation\Drivers\org.dom4j_1.6.1.v201312101416.jar;C:\Users\radhakrishnang2\Desktop\Commons_Automation\Drivers\org.w3c.dom.events_3.0.0.draft20060413_v201105210656.jar;C:\Users\radhakrishnang2\Desktop\Commons_Automation\Drivers\org.w3c.dom.smil_1.0.1.v200903091627.jar;C:\Users\radhakrishnang2\Desktop\Commons_Automation\Drivers\org.w3c.dom.svg_1.1.0.v201011041433.jar;C:\Users\radhakrishnang2\Desktop\Commons_Aut
java_class_path (initial): C:\Users\radhakrishnang2\Desktop\Commons_Automation\bin\keyword;C:\Users\radhakrishnang2\Desktop\Commons_Automation\bin\listener;C:\Users\radhakrishnang2\Desktop\Commons_Automation\bin\lib;C:\Users\radhakrishnang2\Desktop\Commons_Automation\bin\groovy;C:\Users\radhakrishnang2\Desktop\Commons_Automation\bin;C:\Users\radhakrishnang2\Desktop\Katalon\Katalon_Studio_Windows_64-7.4.0\plugins\com.kms.katalon.core_1.0.0.202009141203.jar;C:\Users\radhakrishnang2\Desktop\Katalon\Katalon_Studio_Windows_64-7.4.0\configuration\resources\lib\aalto-xml-1.0.0.jar;C:\Users\radhakrishnang2\Desktop\Katalon\Katalon_Studio_Windows_64-7.4.0\configuration\resources\lib\aspectjweaver-1.9.1.jar;C:\Users\radhakrishnang2\Desktop\Katalon\Katalon_Studio_Windows_64-7.4.0\configuration\resources\lib\bcpkix-jdk15on-1.58.jar;C:\Users\radhakrishnang2\Desktop\Katalon\Katalon_Studio_Windows_64-7.4.0\configuration\resources\lib\bcprov-jdk15on-1.58.jar;C:\Users\radhakrishnang2\Desktop\Katalon\Katalon_Studio_Windows_64-7.4.0\configuration\resources\lib\browsermob-core-2.1.5.jar;C:\Users\radhakrishnang2\Desktop\Katalon\Katalon_Studio_Windows_64-7.4.0\configuration\resources\lib\cglib-3.2.10.jar;C:\Users\radhakrishnang2\Desktop\Katalon\Katalon_Studio_Windows_64-7.4.0\configuration\resources\lib\commons-codec-1.10.jar;C:\Users\radhakrishnang2\Desktop\Katalon\Katalon_Studio_Windows_64-7.4.0\configuration\resources\lib\commons-collections4-4.1.jar;C:\Users\radhakrishnang2\Desktop\Katalon\Katalon_Studio_Windows_64-7.4.0\configuration\resources\lib\commons-validator-1.6.jar;C:\Users\radhakrishnang2\Desktop\Katalon\Katalon_Studio_Windows_64-7.4.0\configuration\resources\lib\curvesapi-1.04.jar;C:\Users\radhakrishnang2\Desktop\Katalon\Katalon_Studio_Windows_64-7.4.0\configuration\resources\lib\dnsjava-2.1.8.jar;C:\Users\radhakrishnang2\Desktop\Katalon\Katalon_Studio_Windows_64-7.4.0\configuration\resources\lib\java-client-7.0.0.jar;C:\Users\radhakrishnang2\Desktop\Katalon\Katalon_Studi
Launcher Type: SUN_STANDARD

Environment Variables:
PATH=C:/Users/radhakrishnang2/Desktop/Katalon/Katalon_Studio_Windows_64-7.4.0/jre/bin/server;C:/Users/radhakrishnang2/Desktop/Katalon/Katalon_Studio_Windows_64-7.4.0/jre/bin;C:/Users/radhakrishnang2/Desktop/Katalon/Katalon_Studio_Windows_64-7.4.0/jre/lib/amd64;C:\Python27\;C:\Python27\Scripts;C:\Program Files (x86)\Common Files\Oracle\Java\javapath;C:\WINDOWS\system32;C:\WINDOWS;C:\WINDOWS\System32\Wbem;C:\WINDOWS\System32\WindowsPowerShell\v1.0\;C:\Program Files\nodejs\;C:\ProgramData\chocolatey\bin;C:\WINDOWS\System32\OpenSSH\;C:\Program Files\PuTTY\;C:\Program Files\Docker\Docker\resources\bin;C:\ProgramData\DockerDesktop\version-bin;C:\Users\radhakrishnang2\AppData\Local\Programs\Git\cmd;C:\Program Files (x86)\HID Global\ActivClient\;C:\Program Files\HID Global\ActivClient\;C:\Program Files\Amazon\AWSCLIV2\;C:\Program Files\k6\;C:\Program Files (x86)\Webex\Plugins;C:\Program Files (x86)\Sennheiser\SenncomSDK\;C:\Users\radhakrishnang2\AppData\Local\GitHubDesktop\bin;C:\Users\radhakrishnang2\AppData\Local\Programs\Microsoft VS Code\bin;C:\Users\radhakrishnang2\AppData\Local\Microsoft\WindowsApps;;C:\Users\radhakrishnang2\Desktop\Katalon\Katalon_Studio_Windows_64-7.4.0;
USERNAME=radhakrishnang2
OS=Windows_NT
PROCESSOR_IDENTIFIER=Intel64 Family 6 Model 142 Stepping 10, GenuineIntel



---------------  S Y S T E M  ---------------

OS: Windows 10.0 , 64 bit Build 18362 (10.0.18362.1350)

CPU:total 8 (initial active 8) (4 cores per cpu, 2 threads per core) family 6 model 142 stepping 10, cmov, cx8, fxsr, mmx, sse, sse2, sse3, ssse3, sse4.1, sse4.2, popcnt, avx, avx2, aes, clmul, erms, rtm, 3dnowpref, lzcnt, ht, tsc, tscinvbit, bmi1, bmi2, adx

Memory: 4k page, physical 16655108k(1974108k free), swap 66986756k(8768k free)

vm_info: Java HotSpot(TM) 64-Bit Server VM (25.181-b13) for windows-amd64 JRE (1.8.0_181-b13), built on Jul  7 2018 04:01:33 by "java_re" with MS VC++ 10.0 (VS2010)

time: Wed Apr 28 07:46:09 2021
elapsed time: 8 seconds (0d 0h 0m 8s)

