#
# There is insufficient memory for the Java Runtime Environment to continue.
# Native memory allocation (malloc) failed to allocate 1605760 bytes for Chunk::new
# Possible reasons:
#   The system is out of physical RAM or swap space
#   In 32 bit mode, the process size limit was hit
# Possible solutions:
#   Reduce memory load on the system
#   Increase physical memory or swap space
#   Check if swap backing store is full
#   Use 64 bit Java on a 64 bit OS
#   Decrease Java heap size (-Xmx/-Xms)
#   Decrease number of Java threads
#   Decrease Java thread stack sizes (-Xss)
#   Set larger code cache with -XX:ReservedCodeCacheSize=
# This output file may be truncated or incomplete.
#
#  Out of Memory Error (allocation.cpp:390), pid=29004, tid=0x000000000000e49c
#
# JRE version: Java(TM) SE Runtime Environment (8.0_181-b13) (build 1.8.0_181-b13)
# Java VM: Java HotSpot(TM) 64-Bit Server VM (25.181-b13 mixed mode windows-amd64 compressed oops)
# Failed to write core dump. Minidumps are not enabled by default on client versions of Windows
#

---------------  T H R E A D  ---------------

Current thread (0x0000000019ab6800):  JavaThread "C2 CompilerThread2" daemon [_thread_in_native, id=58524, stack(0x000000001a510000,0x000000001a610000)]

Stack: [0x000000001a510000,0x000000001a610000]
[error occurred during error reporting (printing stack bounds), id 0xc0000005]

Native frames: (J=compiled Java code, j=interpreted, Vv=VM code, C=native code)


Current CompileTask:
C2:  14172 1725       4       sun.misc.URLClassPath::getResource (83 bytes)


---------------  P R O C E S S  ---------------

Java Threads: ( => current thread )
  0x0000000019ac9800 JavaThread "Service Thread" daemon [_thread_blocked, id=40792, stack(0x000000001a810000,0x000000001a910000)]
  0x0000000019abb000 JavaThread "C1 CompilerThread3" daemon [_thread_blocked, id=53328, stack(0x000000001a710000,0x000000001a810000)]
=>0x0000000019ab6800 JavaThread "C2 CompilerThread2" daemon [_thread_in_native, id=58524, stack(0x000000001a510000,0x000000001a610000)]
  0x0000000019ab5800 JavaThread "C2 CompilerThread1" daemon [_thread_blocked, id=51180, stack(0x000000001a410000,0x000000001a510000)]
  0x0000000019a56800 JavaThread "C2 CompilerThread0" daemon [_thread_blocked, id=9264, stack(0x000000001a310000,0x000000001a410000)]
  0x0000000019a55800 JavaThread "Attach Listener" daemon [_thread_blocked, id=55592, stack(0x000000001a210000,0x000000001a310000)]
  0x0000000019a62800 JavaThread "Signal Dispatcher" daemon [_thread_blocked, id=55672, stack(0x000000001a110000,0x000000001a210000)]
  0x0000000019a36000 JavaThread "Finalizer" daemon [_thread_blocked, id=55252, stack(0x0000000019f10000,0x000000001a010000)]
  0x0000000017c5e000 JavaThread "Reference Handler" daemon [_thread_blocked, id=58860, stack(0x0000000019e10000,0x0000000019f10000)]
  0x0000000002ac6000 JavaThread "main" [_thread_in_native, id=57732, stack(0x00000000029a0000,0x0000000002aa0000)]

Other Threads:
  0x0000000017c54800 VMThread [stack: 0x0000000019910000,0x0000000019a10000] [id=56600]
  0x0000000019b0b000 WatcherThread [stack: 0x000000001a910000,0x000000001aa10000] [id=7988]

VM state:not at safepoint (normal execution)

VM Mutex/Monitor currently owned by a thread: None

Heap:
 PSYoungGen      total 76288K, used 26354K [0x00000000d5580000, 0x00000000daa80000, 0x0000000100000000)
  eden space 65536K, 24% used [0x00000000d5580000,0x00000000d64e6e30,0x00000000d9580000)
  from space 10752K, 98% used [0x00000000d9580000,0x00000000d9fd5a10,0x00000000da000000)
  to   space 10752K, 0% used [0x00000000da000000,0x00000000da000000,0x00000000daa80000)
 ParOldGen       total 175104K, used 96K [0x0000000080000000, 0x000000008ab00000, 0x00000000d5580000)
  object space 175104K, 0% used [0x0000000080000000,0x0000000080018010,0x000000008ab00000)
 Metaspace       used 20093K, capacity 20290K, committed 20608K, reserved 1067008K
  class space    used 2249K, capacity 2329K, committed 2432K, reserved 1048576K

Card table byte_map: [0x0000000011f70000,0x0000000012380000] byte_map_base: 0x0000000011b70000

Marking Bits: (ParMarkBitMap*) 0x0000000071d22d00
 Begin Bits: [0x0000000012e30000, 0x0000000014e30000)
 End Bits:   [0x0000000014e30000, 0x0000000016e30000)

Polling page: 0x0000000000bd0000

CodeCache: size=245760Kb used=8022Kb max_used=8022Kb free=237737Kb
 bounds [0x0000000002bb0000, 0x0000000003390000, 0x0000000011bb0000]
 total_blobs=2437 nmethods=1807 adapters=542
 compilation: enabled

Compilation events (10 events):
Event: 14.098 Thread 0x0000000019abb000 nmethod 1796 0x0000000003380750 code [0x00000000033808a0, 0x0000000003380a30]
Event: 14.099 Thread 0x0000000019abb000 1792       3       groovyjarjarantlr.TokenQueue::append (47 bytes)
Event: 14.099 Thread 0x0000000019abb000 nmethod 1792 0x0000000003380110 code [0x0000000003380280, 0x00000000033805c8]
Event: 14.099 Thread 0x0000000019abb000 1805       3       org.codehaus.groovy.antlr.LineColumn::<init> (15 bytes)
Event: 14.099 Thread 0x0000000019abb000 nmethod 1805 0x000000000337fd50 code [0x000000000337fea0, 0x0000000003380050]
Event: 14.165 Thread 0x0000000019abb000 1808       3       java.beans.FeatureDescriptor::addTable (20 bytes)
Event: 14.166 Thread 0x0000000019abb000 nmethod 1808 0x00000000033858d0 code [0x0000000003385aa0, 0x00000000033861f8]
Event: 14.166 Thread 0x0000000019abb000 1809       1       sun.reflect.generics.scope.AbstractScope::getRecvr (5 bytes)
Event: 14.166 Thread 0x0000000019abb000 nmethod 1809 0x0000000003380ed0 code [0x0000000003381020, 0x0000000003381130]
Event: 14.168 Thread 0x0000000019abb000 1810       3       sun.reflect.generics.parser.SignatureParser::parseTypeArgument (133 bytes)

GC Heap History (6 events):
Event: 6.955 GC heap before
{Heap before GC invocations=1 (full 0):
 PSYoungGen      total 76288K, used 65536K [0x00000000d5580000, 0x00000000daa80000, 0x0000000100000000)
  eden space 65536K, 100% used [0x00000000d5580000,0x00000000d9580000,0x00000000d9580000)
  from space 10752K, 0% used [0x00000000da000000,0x00000000da000000,0x00000000daa80000)
  to   space 10752K, 0% used [0x00000000d9580000,0x00000000d9580000,0x00000000da000000)
 ParOldGen       total 175104K, used 0K [0x0000000080000000, 0x000000008ab00000, 0x00000000d5580000)
  object space 175104K, 0% used [0x0000000080000000,0x0000000080000000,0x000000008ab00000)
 Metaspace       used 9625K, capacity 9712K, committed 9856K, reserved 1058816K
  class space    used 1090K, capacity 1104K, committed 1152K, reserved 1048576K
Event: 7.008 GC heap after
Heap after GC invocations=1 (full 0):
 PSYoungGen      total 76288K, used 7831K [0x00000000d5580000, 0x00000000daa80000, 0x0000000100000000)
  eden space 65536K, 0% used [0x00000000d5580000,0x00000000d5580000,0x00000000d9580000)
  from space 10752K, 72% used [0x00000000d9580000,0x00000000d9d25c10,0x00000000da000000)
  to   space 10752K, 0% used [0x00000000da000000,0x00000000da000000,0x00000000daa80000)
 ParOldGen       total 175104K, used 8K [0x0000000080000000, 0x000000008ab00000, 0x00000000d5580000)
  object space 175104K, 0% used [0x0000000080000000,0x0000000080002000,0x000000008ab00000)
 Metaspace       used 9625K, capacity 9712K, committed 9856K, reserved 1058816K
  class space    used 1090K, capacity 1104K, committed 1152K, reserved 1048576K
}
Event: 9.900 GC heap before
{Heap before GC invocations=2 (full 0):
 PSYoungGen      total 76288K, used 73367K [0x00000000d5580000, 0x00000000daa80000, 0x0000000100000000)
  eden space 65536K, 100% used [0x00000000d5580000,0x00000000d9580000,0x00000000d9580000)
  from space 10752K, 72% used [0x00000000d9580000,0x00000000d9d25c10,0x00000000da000000)
  to   space 10752K, 0% used [0x00000000da000000,0x00000000da000000,0x00000000daa80000)
 ParOldGen       total 175104K, used 8K [0x0000000080000000, 0x000000008ab00000, 0x00000000d5580000)
  object space 175104K, 0% used [0x0000000080000000,0x0000000080002000,0x000000008ab00000)
 Metaspace       used 14592K, capacity 14752K, committed 14976K, reserved 1062912K
  class space    used 1521K, capacity 1566K, committed 1664K, reserved 1048576K
Event: 9.919 GC heap after
Heap after GC invocations=2 (full 0):
 PSYoungGen      total 76288K, used 8295K [0x00000000d5580000, 0x00000000daa80000, 0x0000000100000000)
  eden space 65536K, 0% used [0x00000000d5580000,0x00000000d5580000,0x00000000d9580000)
  from space 10752K, 77% used [0x00000000da000000,0x00000000da819da8,0x00000000daa80000)
  to   space 10752K, 0% used [0x00000000d9580000,0x00000000d9580000,0x00000000da000000)
 ParOldGen       total 175104K, used 24K [0x0000000080000000, 0x000000008ab00000, 0x00000000d5580000)
  object space 175104K, 0% used [0x0000000080000000,0x0000000080006000,0x000000008ab00000)
 Metaspace       used 14592K, capacity 14752K, committed 14976K, reserved 1062912K
  class space    used 1521K, capacity 1566K, committed 1664K, reserved 1048576K
}
Event: 13.339 GC heap before
{Heap before GC invocations=3 (full 0):
 PSYoungGen      total 76288K, used 73831K [0x00000000d5580000, 0x00000000daa80000, 0x0000000100000000)
  eden space 65536K, 100% used [0x00000000d5580000,0x00000000d9580000,0x00000000d9580000)
  from space 10752K, 77% used [0x00000000da000000,0x00000000da819da8,0x00000000daa80000)
  to   space 10752K, 0% used [0x00000000d9580000,0x00000000d9580000,0x00000000da000000)
 ParOldGen       total 175104K, used 24K [0x0000000080000000, 0x000000008ab00000, 0x00000000d5580000)
  object space 175104K, 0% used [0x0000000080000000,0x0000000080006000,0x000000008ab00000)
 Metaspace       used 19396K, capacity 19650K, committed 19968K, reserved 1067008K
  class space    used 2191K, capacity 2285K, committed 2304K, reserved 1048576K
Event: 13.392 GC heap after
Heap after GC invocations=3 (full 0):
 PSYoungGen      total 76288K, used 10582K [0x00000000d5580000, 0x00000000daa80000, 0x0000000100000000)
  eden space 65536K, 0% used [0x00000000d5580000,0x00000000d5580000,0x00000000d9580000)
  from space 10752K, 98% used [0x00000000d9580000,0x00000000d9fd5a10,0x00000000da000000)
  to   space 10752K, 0% used [0x00000000da000000,0x00000000da000000,0x00000000daa80000)
 ParOldGen       total 175104K, used 96K [0x0000000080000000, 0x000000008ab00000, 0x00000000d5580000)
  object space 175104K, 0% used [0x0000000080000000,0x0000000080018010,0x000000008ab00000)
 Metaspace       used 19396K, capacity 19650K, committed 19968K, reserved 1067008K
  class space    used 2191K, capacity 2285K, committed 2304K, reserved 1048576K
}

Deoptimization events (10 events):
Event: 10.563 Thread 0x0000000002ac6000 Uncommon trap: reason=unstable_if action=reinterpret pc=0x0000000003172248 method=java.util.jar.Attributes.read(Ljava/util/jar/Manifest$FastInputStream;[B)V @ 17
Event: 11.915 Thread 0x0000000002ac6000 Uncommon trap: reason=class_check action=maybe_recompile pc=0x0000000002e1ba20 method=java.io.BufferedInputStream.read([BII)I @ 101
Event: 11.941 Thread 0x0000000002ac6000 Uncommon trap: reason=unstable_if action=reinterpret pc=0x0000000002e1b8f4 method=java.io.DataInputStream.readUTF(Ljava/io/DataInput;)Ljava/lang/String; @ 31
Event: 12.000 Thread 0x0000000002ac6000 Uncommon trap: reason=unstable_if action=reinterpret pc=0x0000000002f0b5c8 method=sun.misc.URLClassPath$FileLoader.getResource(Ljava/lang/String;Z)Lsun/misc/Resource; @ 139
Event: 12.032 Thread 0x0000000002ac6000 Uncommon trap: reason=unstable_if action=reinterpret pc=0x00000000031f69c4 method=java.util.concurrent.ConcurrentHashMap.putVal(Ljava/lang/Object;Ljava/lang/Object;Z)Ljava/lang/Object; @ 181
Event: 12.161 Thread 0x0000000002ac6000 Uncommon trap: reason=unstable_if action=reinterpret pc=0x000000000313c70c method=java.lang.ThreadLocal$ThreadLocalMap.getEntry(Ljava/lang/ThreadLocal;)Ljava/lang/ThreadLocal$ThreadLocalMap$Entry; @ 29
Event: 12.176 Thread 0x0000000002ac6000 Uncommon trap: reason=unstable_if action=reinterpret pc=0x000000000313fe5c method=java.lang.ThreadLocal$ThreadLocalMap.getEntry(Ljava/lang/ThreadLocal;)Ljava/lang/ThreadLocal$ThreadLocalMap$Entry; @ 29
Event: 12.857 Thread 0x0000000002ac6000 Uncommon trap: reason=unstable_if action=reinterpret pc=0x0000000002d7ece0 method=java.io.WinNTFileSystem.normalize(Ljava/lang/String;II)Ljava/lang/String; @ 8
Event: 13.279 Thread 0x0000000002ac6000 Uncommon trap: reason=predicate action=maybe_recompile pc=0x00000000031f92b0 method=java.lang.String.regionMatches(ZILjava/lang/String;II)Z @ 63
Event: 13.995 Thread 0x0000000002ac6000 Uncommon trap: reason=predicate action=maybe_recompile pc=0x0000000002f610f0 method=groovyjarjarantlr.InputBuffer.syncConsume()V @ 7

Classes redefined (0 events):
No events

Internal exceptions (10 events):
Event: 13.889 Thread 0x0000000002ac6000 Exception <a 'java/lang/ClassNotFoundException': org/codehaus/groovy/control/ProcessingUnitBeanInfo> (0x00000000d5fa5a58) thrown at [C:\re\workspace\8-2-build-windows-amd64-cygwin\jdk8u181\11358\hotspot\src\share\vm\classfile\systemDictionary.cpp, line 21
Event: 13.893 Thread 0x0000000002ac6000 Exception <a 'java/lang/ClassNotFoundException': org/codehaus/groovy/control/ProcessingUnitCustomizer> (0x00000000d5fe15b8) thrown at [C:\re\workspace\8-2-build-windows-amd64-cygwin\jdk8u181\11358\hotspot\src\share\vm\classfile\systemDictionary.cpp, line 
Event: 13.897 Thread 0x0000000002ac6000 Exception <a 'java/lang/ClassNotFoundException': org/codehaus/groovy/control/CompilationUnitCustomizer> (0x00000000d60291f0) thrown at [C:\re\workspace\8-2-build-windows-amd64-cygwin\jdk8u181\11358\hotspot\src\share\vm\classfile\systemDictionary.cpp, line
Event: 13.953 Thread 0x0000000002ac6000 Exception <a 'java/lang/ClassNotFoundException': org/codehaus/groovy/control/CompilePhaseBeanInfo> (0x00000000d60d3100) thrown at [C:\re\workspace\8-2-build-windows-amd64-cygwin\jdk8u181\11358\hotspot\src\share\vm\classfile\systemDictionary.cpp, line 210]
Event: 13.961 Thread 0x0000000002ac6000 Exception <a 'java/lang/ClassNotFoundException': org/codehaus/groovy/control/CompilePhaseCustomizer> (0x00000000d610c838) thrown at [C:\re\workspace\8-2-build-windows-amd64-cygwin\jdk8u181\11358\hotspot\src\share\vm\classfile\systemDictionary.cpp, line 21
Event: 14.078 Thread 0x0000000002ac6000 Exception <a 'java/lang/ClassNotFoundException': org/codehaus/groovy/ast/CompileUnitBeanInfo> (0x00000000d6230838) thrown at [C:\re\workspace\8-2-build-windows-amd64-cygwin\jdk8u181\11358\hotspot\src\share\vm\classfile\systemDictionary.cpp, line 210]
Event: 14.082 Thread 0x0000000002ac6000 Exception <a 'java/lang/ClassNotFoundException': org/codehaus/groovy/ast/CompileUnitCustomizer> (0x00000000d63ae8f0) thrown at [C:\re\workspace\8-2-build-windows-amd64-cygwin\jdk8u181\11358\hotspot\src\share\vm\classfile\systemDictionary.cpp, line 210]
Event: 14.091 Thread 0x0000000002ac6000 Exception <a 'java/lang/ClassNotFoundException': groovy/lang/Closure$1BeanInfo> (0x00000000d6432170) thrown at [C:\re\workspace\8-2-build-windows-amd64-cygwin\jdk8u181\11358\hotspot\src\share\vm\classfile\systemDictionary.cpp, line 210]
Event: 14.093 Thread 0x0000000002ac6000 Exception <a 'java/lang/ClassNotFoundException': groovy/lang/ClosureBeanInfo> (0x00000000d645c568) thrown at [C:\re\workspace\8-2-build-windows-amd64-cygwin\jdk8u181\11358\hotspot\src\share\vm\classfile\systemDictionary.cpp, line 210]
Event: 14.164 Thread 0x0000000002ac6000 Exception <a 'java/lang/ClassNotFoundException': groovy/lang/ClosureCustomizer> (0x00000000d64876b0) thrown at [C:\re\workspace\8-2-build-windows-amd64-cygwin\jdk8u181\11358\hotspot\src\share\vm\classfile\systemDictionary.cpp, line 210]

Events (10 events):
Event: 14.091 loading class groovy/lang/ClosureBeanInfo
Event: 14.091 loading class groovy/lang/ClosureBeanInfo done
Event: 14.093 loading class groovy/lang/ClosureBeanInfo
Event: 14.093 loading class groovy/lang/ClosureBeanInfo done
Event: 14.093 loading class groovy/lang/ClosureCustomizer
Event: 14.093 loading class groovy/lang/ClosureCustomizer done
Event: 14.094 loading class groovy/lang/ClosureCustomizer
Event: 14.094 loading class groovy/lang/ClosureCustomizer done
Event: 14.163 loading class groovy/lang/ClosureCustomizer
Event: 14.163 loading class groovy/lang/ClosureCustomizer done


Dynamic libraries:
0x00007ff65bdd0000 - 0x00007ff65be07000 	C:\Users\radhakrishnang2\Desktop\Katalon\Katalon_Studio_Windows_64-7.4.0\jre\bin\javaw.exe
0x00007ffb8fac0000 - 0x00007ffb8fcad000 	C:\WINDOWS\SYSTEM32\ntdll.dll
0x00007ffb8e3b0000 - 0x00007ffb8e463000 	C:\WINDOWS\System32\KERNEL32.DLL
0x00007ffb8ca40000 - 0x00007ffb8ccd5000 	C:\WINDOWS\System32\KERNELBASE.dll
0x00007ffb8e100000 - 0x00007ffb8e1a3000 	C:\WINDOWS\System32\ADVAPI32.dll
0x00007ffb8e1b0000 - 0x00007ffb8e24e000 	C:\WINDOWS\System32\msvcrt.dll
0x00007ffb8f9f0000 - 0x00007ffb8fa8e000 	C:\WINDOWS\System32\sechost.dll
0x00007ffb8d630000 - 0x00007ffb8d752000 	C:\WINDOWS\System32\RPCRT4.dll
0x00007ffb8d760000 - 0x00007ffb8d8f7000 	C:\WINDOWS\System32\USER32.dll
0x00007ffb8c400000 - 0x00007ffb8c420000 	C:\WINDOWS\System32\win32u.dll
0x00007ffb8dde0000 - 0x00007ffb8de09000 	C:\WINDOWS\System32\GDI32.dll
0x00007ffb8c4a0000 - 0x00007ffb8c63c000 	C:\WINDOWS\System32\gdi32full.dll
0x00007ffb8c640000 - 0x00007ffb8c6e0000 	C:\WINDOWS\System32\msvcp_win.dll
0x00007ffb8c920000 - 0x00007ffb8ca1a000 	C:\WINDOWS\System32\ucrtbase.dll
0x00007ffb74a40000 - 0x00007ffb74cb9000 	C:\WINDOWS\WinSxS\amd64_microsoft.windows.common-controls_6595b64144ccf1df_6.0.17763.1577_none_de7444545348a3d0\COMCTL32.dll
0x00007ffb8dab0000 - 0x00007ffb8dddd000 	C:\WINDOWS\System32\combase.dll
0x00007ffb8bb70000 - 0x00007ffb8bbee000 	C:\WINDOWS\System32\bcryptPrimitives.dll
0x00007ffb8cfe0000 - 0x00007ffb8d00e000 	C:\WINDOWS\System32\IMM32.DLL
0x00007ffb8b8c0000 - 0x00007ffb8b8fc000 	C:\WINDOWS\SYSTEM32\privman64.dll
0x00007ffb8e470000 - 0x00007ffb8f969000 	C:\WINDOWS\System32\SHELL32.dll
0x00007ffb8c450000 - 0x00007ffb8c49a000 	C:\WINDOWS\System32\cfgmgr32.dll
0x00007ffb8df80000 - 0x00007ffb8e028000 	C:\WINDOWS\System32\shcore.dll
0x00007ffb8bca0000 - 0x00007ffb8c3f3000 	C:\WINDOWS\System32\windows.storage.dll
0x00007ffb8bb20000 - 0x00007ffb8bb44000 	C:\WINDOWS\System32\profapi.dll
0x00007ffb8bac0000 - 0x00007ffb8bb1d000 	C:\WINDOWS\System32\powrprof.dll
0x00007ffb8f990000 - 0x00007ffb8f9e2000 	C:\WINDOWS\System32\shlwapi.dll
0x00007ffb8baa0000 - 0x00007ffb8bab1000 	C:\WINDOWS\System32\kernel.appcore.dll
0x00007ffb8ca20000 - 0x00007ffb8ca37000 	C:\WINDOWS\System32\cryptsp.dll
0x00007ffb8cda0000 - 0x00007ffb8cef6000 	C:\WINDOWS\System32\ole32.dll
0x00007ffb8b9d0000 - 0x00007ffb8b9f9000 	C:\WINDOWS\SYSTEM32\USERENV.dll
0x0000000071250000 - 0x0000000071322000 	C:\Users\radhakrishnang2\Desktop\Katalon\Katalon_Studio_Windows_64-7.4.0\jre\bin\msvcr100.dll
0x0000000071500000 - 0x0000000071da2000 	C:\Users\radhakrishnang2\Desktop\Katalon\Katalon_Studio_Windows_64-7.4.0\jre\bin\server\jvm.dll
0x00007ffb8e340000 - 0x00007ffb8e348000 	C:\WINDOWS\System32\PSAPI.DLL
0x00007ffb72800000 - 0x00007ffb72809000 	C:\WINDOWS\SYSTEM32\WSOCK32.dll
0x00007ffb8e250000 - 0x00007ffb8e2bd000 	C:\WINDOWS\System32\WS2_32.dll
0x00007ffb7aa30000 - 0x00007ffb7aa54000 	C:\WINDOWS\SYSTEM32\WINMM.dll
0x00007ffb85ac0000 - 0x00007ffb85aca000 	C:\WINDOWS\SYSTEM32\VERSION.dll
0x00007ffb7aa00000 - 0x00007ffb7aa2d000 	C:\WINDOWS\SYSTEM32\WINMMBASE.dll
0x00000000714f0000 - 0x00000000714ff000 	C:\Users\radhakrishnang2\Desktop\Katalon\Katalon_Studio_Windows_64-7.4.0\jre\bin\verify.dll
0x00000000714c0000 - 0x00000000714e9000 	C:\Users\radhakrishnang2\Desktop\Katalon\Katalon_Studio_Windows_64-7.4.0\jre\bin\java.dll
0x00000000714a0000 - 0x00000000714b6000 	C:\Users\radhakrishnang2\Desktop\Katalon\Katalon_Studio_Windows_64-7.4.0\jre\bin\zip.dll
0x0000000071480000 - 0x000000007149a000 	C:\Users\radhakrishnang2\Desktop\Katalon\Katalon_Studio_Windows_64-7.4.0\jre\bin\net.dll
0x00007ffb8b220000 - 0x00007ffb8b287000 	C:\WINDOWS\system32\mswsock.dll
0x0000000071460000 - 0x0000000071471000 	C:\Users\radhakrishnang2\Desktop\Katalon\Katalon_Studio_Windows_64-7.4.0\jre\bin\nio.dll

VM Arguments:
jvm_args: -Dgroovy.home=/C:/Users/radhakrishnang2/Desktop/Katalon/Katalon_Studio_Windows_64-7.4.0/plugins/org.codehaus.groovy_2.4.7.xx-201611170128-e46/ -Xmx2048m -Dfile.encoding=UTF-8 
java_command: org.codehaus.groovy.tools.GroovyStarter --classpath C:\Users\radhakrishnang2\Desktop\Commons_Automation\Include\scripts\groovy;C:\Users\radhakrishnang2\Desktop\Commons_Automation\Keywords;C:\Users\radhakrishnang2\Desktop\Commons_Automation\Libs;C:\Users\radhakrishnang2\Desktop\Commons_Automation\Test Listeners;C:\Users\radhakrishnang2\Desktop\Commons_Automation\Drivers\TesterDriver.jar;C:\Users\radhakrishnang2\Desktop\Commons_Automation\Drivers\com.kms.katalon.selenium-standalone_1.0.0.202003030905.jar;C:\Users\radhakrishnang2\Desktop\Commons_Automation\Drivers\com.kms.katalon.selenium.ide_1.0.0.202003030905.jar;C:\Users\radhakrishnang2\Desktop\Commons_Automation\Drivers\commons-beanutils-1.9.3.jar;C:\Users\radhakrishnang2\Desktop\Commons_Automation\Drivers\commons-collections-3.2.2.jar;C:\Users\radhakrishnang2\Desktop\Commons_Automation\Drivers\commons-csv-1.8.jar;C:\Users\radhakrishnang2\Desktop\Commons_Automation\Drivers\commons-lang3-3.6.jar;C:\Users\radhakrishnang2\Desktop\Commons_Automation\Drivers\commons-logging-1.2.jar;C:\Users\radhakrishnang2\Desktop\Commons_Automation\Drivers\commons-text-1.1.jar;C:\Users\radhakrishnang2\Desktop\Commons_Automation\Drivers\gson-2.7.jar;C:\Users\radhakrishnang2\Desktop\Commons_Automation\Drivers\neo4j-java-driver-1.7.5.jar;C:\Users\radhakrishnang2\Desktop\Commons_Automation\Drivers\opencsv-4.1.jar;C:\Users\radhakrishnang2\Desktop\Commons_Automation\Drivers\opencsv-5.1.jar;C:\Users\radhakrishnang2\Desktop\Commons_Automation\Drivers\org.apache.xmlbeans_2.6.0.jar;C:\Users\radhakrishnang2\Desktop\Commons_Automation\Drivers\org.dom4j_1.6.1.v201312101416.jar;C:\Users\radhakrishnang2\Desktop\Commons_Automation\Drivers\org.w3c.dom.events_3.0.0.draft20060413_v201105210656.jar;C:\Users\radhakrishnang2\Desktop\Commons_Automation\Drivers\org.w3c.dom.smil_1.0.1.v200903091627.jar;C:\Users\radhakrishnang2\Desktop\Commons_Automation\Drivers\org.w3c.dom.svg_1.1.0.v201011041433.jar;C:\Users\radhakrishnang2\Desktop\Commons_Aut
java_class_path (initial): C:\Users\radhakrishnang2\Desktop\Commons_Automation\bin\keyword;C:\Users\radhakrishnang2\Desktop\Commons_Automation\bin\listener;C:\Users\radhakrishnang2\Desktop\Commons_Automation\bin\lib;C:\Users\radhakrishnang2\Desktop\Commons_Automation\bin\groovy;C:\Users\radhakrishnang2\Desktop\Commons_Automation\bin;C:\Users\radhakrishnang2\Desktop\Katalon\Katalon_Studio_Windows_64-7.4.0\plugins\com.kms.katalon.core_1.0.0.202009141203.jar;C:\Users\radhakrishnang2\Desktop\Katalon\Katalon_Studio_Windows_64-7.4.0\configuration\resources\lib\aalto-xml-1.0.0.jar;C:\Users\radhakrishnang2\Desktop\Katalon\Katalon_Studio_Windows_64-7.4.0\configuration\resources\lib\aspectjweaver-1.9.1.jar;C:\Users\radhakrishnang2\Desktop\Katalon\Katalon_Studio_Windows_64-7.4.0\configuration\resources\lib\bcpkix-jdk15on-1.58.jar;C:\Users\radhakrishnang2\Desktop\Katalon\Katalon_Studio_Windows_64-7.4.0\configuration\resources\lib\bcprov-jdk15on-1.58.jar;C:\Users\radhakrishnang2\Desktop\Katalon\Katalon_Studio_Windows_64-7.4.0\configuration\resources\lib\browsermob-core-2.1.5.jar;C:\Users\radhakrishnang2\Desktop\Katalon\Katalon_Studio_Windows_64-7.4.0\configuration\resources\lib\cglib-3.2.10.jar;C:\Users\radhakrishnang2\Desktop\Katalon\Katalon_Studio_Windows_64-7.4.0\configuration\resources\lib\commons-codec-1.10.jar;C:\Users\radhakrishnang2\Desktop\Katalon\Katalon_Studio_Windows_64-7.4.0\configuration\resources\lib\commons-collections4-4.1.jar;C:\Users\radhakrishnang2\Desktop\Katalon\Katalon_Studio_Windows_64-7.4.0\configuration\resources\lib\commons-validator-1.6.jar;C:\Users\radhakrishnang2\Desktop\Katalon\Katalon_Studio_Windows_64-7.4.0\configuration\resources\lib\curvesapi-1.04.jar;C:\Users\radhakrishnang2\Desktop\Katalon\Katalon_Studio_Windows_64-7.4.0\configuration\resources\lib\dnsjava-2.1.8.jar;C:\Users\radhakrishnang2\Desktop\Katalon\Katalon_Studio_Windows_64-7.4.0\configuration\resources\lib\java-client-7.0.0.jar;C:\Users\radhakrishnang2\Desktop\Katalon\Katalon_Studi
Launcher Type: SUN_STANDARD

Environment Variables:
PATH=C:/Users/radhakrishnang2/Desktop/Katalon/Katalon_Studio_Windows_64-7.4.0/jre/bin/server;C:/Users/radhakrishnang2/Desktop/Katalon/Katalon_Studio_Windows_64-7.4.0/jre/bin;C:/Users/radhakrishnang2/Desktop/Katalon/Katalon_Studio_Windows_64-7.4.0/jre/lib/amd64;C:\Python27\;C:\Python27\Scripts;C:\Program Files (x86)\Common Files\Oracle\Java\javapath;C:\WINDOWS\system32;C:\WINDOWS;C:\WINDOWS\System32\Wbem;C:\WINDOWS\System32\WindowsPowerShell\v1.0\;C:\Program Files\nodejs\;C:\ProgramData\chocolatey\bin;C:\WINDOWS\System32\OpenSSH\;C:\Program Files\PuTTY\;C:\Program Files\Docker\Docker\resources\bin;C:\ProgramData\DockerDesktop\version-bin;C:\Users\radhakrishnang2\AppData\Local\Programs\Git\cmd;C:\Program Files (x86)\HID Global\ActivClient\;C:\Program Files\HID Global\ActivClient\;C:\Program Files (x86)\Sennheiser\SenncomSDK\;C:\Program Files\Amazon\AWSCLIV2\;C:\Program Files\k6\;C:\Users\radhakrishnang2\AppData\Local\GitHubDesktop\bin;C:\Users\radhakrishnang2\AppData\Local\Programs\Microsoft VS Code\bin;C:\Users\radhakrishnang2\Desktop\Katalon\Katalon_Studio_Windows_64-7.4.0;
USERNAME=radhakrishnang2
OS=Windows_NT
PROCESSOR_IDENTIFIER=Intel64 Family 6 Model 142 Stepping 10, GenuineIntel



---------------  S Y S T E M  ---------------

OS: Windows 10.0 , 64 bit Build 17763 (10.0.17763.475)

CPU:total 8 (initial active 8) (4 cores per cpu, 2 threads per core) family 6 model 142 stepping 10, cmov, cx8, fxsr, mmx, sse, sse2, sse3, ssse3, sse4.1, sse4.2, popcnt, avx, avx2, aes, clmul, erms, rtm, 3dnowpref, lzcnt, ht, tsc, tscinvbit, bmi1, bmi2, adx

Memory: 4k page, physical 16655124k(322360k free), swap 66986772k(6472k free)

vm_info: Java HotSpot(TM) 64-Bit Server VM (25.181-b13) for windows-amd64 JRE (1.8.0_181-b13), built on Jul  7 2018 04:01:33 by "java_re" with MS VC++ 10.0 (VS2010)

time: Fri Dec 11 17:47:44 2020
elapsed time: 14 seconds (0d 0h 0m 14s)

