<?xml version="1.0" encoding="UTF-8" standalone="no"?>
<!DOCTYPE log SYSTEM "logger.dtd">
<log>
<record>
  <date>2020-05-11T14:14:30</date>
  <millis>1589231670364</millis>
  <sequence>0</sequence>
  <level>START</level>
  <class>com.kms.katalon.core.logging.XmlKeywordLogger</class>
  <method>startSuite</method>
  <thread>1</thread>
  <message>Start Test Suite : Test Suites/TrialSuite</message>
  <nestedLevel>0</nestedLevel>
  <property name="name">TrialSuite</property>
  <property name="description"></property>
  <property name="id">Test Suites/TrialSuite</property>
</record>
<record>
  <date>2020-05-11T14:14:30</date>
  <millis>1589231670378</millis>
  <sequence>1</sequence>
  <level>RUN_DATA</level>
  <class>com.kms.katalon.core.logging.XmlKeywordLogger</class>
  <method>logMessage</method>
  <thread>1</thread>
  <message>hostName = radhakrishnang2 - NCI-02150368-L.nci.nih.gov</message>
  <nestedLevel>0</nestedLevel>
  <property name="hostName">radhakrishnang2 - NCI-02150368-L.nci.nih.gov</property>
</record>
<record>
  <date>2020-05-11T14:14:30</date>
  <millis>1589231670381</millis>
  <sequence>2</sequence>
  <level>RUN_DATA</level>
  <class>com.kms.katalon.core.logging.XmlKeywordLogger</class>
  <method>logMessage</method>
  <thread>1</thread>
  <message>os = Windows 10 64bit</message>
  <nestedLevel>0</nestedLevel>
  <property name="os">Windows 10 64bit</property>
</record>
<record>
  <date>2020-05-11T14:14:30</date>
  <millis>1589231670381</millis>
  <sequence>3</sequence>
  <level>RUN_DATA</level>
  <class>com.kms.katalon.core.logging.XmlKeywordLogger</class>
  <method>logMessage</method>
  <thread>1</thread>
  <message>hostAddress = 10.243.22.175</message>
  <nestedLevel>0</nestedLevel>
  <property name="hostAddress">10.243.22.175</property>
</record>
<record>
  <date>2020-05-11T14:14:30</date>
  <millis>1589231670382</millis>
  <sequence>4</sequence>
  <level>RUN_DATA</level>
  <class>com.kms.katalon.core.logging.XmlKeywordLogger</class>
  <method>logMessage</method>
  <thread>1</thread>
  <message>katalonVersion = 7.2.6.1</message>
  <nestedLevel>0</nestedLevel>
  <property name="katalonVersion">7.2.6.1</property>
</record>
<record>
  <date>2020-05-11T14:14:30</date>
  <millis>1589231670630</millis>
  <sequence>5</sequence>
  <level>START</level>
  <class>com.kms.katalon.core.logging.XmlKeywordLogger</class>
  <method>startTest</method>
  <thread>1</thread>
  <message>Start Test Case : Test Cases/Diagnosis/TC15_Canine_Filter_Diagnosis-NotSpecified</message>
  <nestedLevel>1</nestedLevel>
  <property name="name">Test Cases/Diagnosis/TC15_Canine_Filter_Diagnosis-NotSpecified</property>
  <property name="description"></property>
  <property name="id">Test Cases/Diagnosis/TC15_Canine_Filter_Diagnosis-NotSpecified</property>
  <property name="source">C:\\Users\\radhakrishnang2\\Desktop\\DataCommons_Automation\\ICDC_Automation\\Test Cases\\Diagnosis\\TC15_Canine_Filter_Diagnosis-NotSpecified.tc</property>
  <property name="tag">Filter</property>
  <property name="isOptional">false</property>
</record>
<record>
  <date>2020-05-11T14:14:31</date>
  <millis>1589231671662</millis>
  <sequence>7</sequence>
  <level>START</level>
  <class>com.kms.katalon.core.logging.XmlKeywordLogger</class>
  <method>startKeyword</method>
  <thread>1</thread>
  <message>Start action : openBrowser(\&amp;quot;\&amp;quot;)</message>
  <nestedLevel>1</nestedLevel>
  <property name="startLine">41</property>
  <property name="stepIndex">1</property>
</record>
<record>
  <date>2020-05-11T14:14:32</date>
  <millis>1589231672171</millis>
  <sequence>9</sequence>
  <level>INFO</level>
  <class>com.kms.katalon.core.logging.XmlKeywordLogger</class>
  <method>logMessage</method>
  <thread>1</thread>
  <message>Starting &amp;apos;Firefox (headless)&amp;apos; driver</message>
  <nestedLevel>1</nestedLevel>
</record>
<record>
  <date>2020-05-11T14:14:32</date>
  <millis>1589231672378</millis>
  <sequence>11</sequence>
  <level>INFO</level>
  <class>com.kms.katalon.core.logging.XmlKeywordLogger</class>
  <method>logMessage</method>
  <thread>1</thread>
  <message>Action delay is set to 0 seconds</message>
  <nestedLevel>1</nestedLevel>
</record>
<record>
  <date>2020-05-11T14:14:38</date>
  <millis>1589231678142</millis>
  <sequence>13</sequence>
  <level>RUN_DATA</level>
  <class>com.kms.katalon.core.logging.XmlKeywordLogger</class>
  <method>logMessage</method>
  <thread>1</thread>
  <message>sessionId = c4bd6347-6429-4d5e-b15b-baef5f4e1c50</message>
  <nestedLevel>1</nestedLevel>
  <property name="sessionId">c4bd6347-6429-4d5e-b15b-baef5f4e1c50</property>
</record>
<record>
  <date>2020-05-11T14:14:38</date>
  <millis>1589231678159</millis>
  <sequence>14</sequence>
  <level>RUN_DATA</level>
  <class>com.kms.katalon.core.logging.XmlKeywordLogger</class>
  <method>logMessage</method>
  <thread>1</thread>
  <message>browser = Firefox 68.0</message>
  <nestedLevel>1</nestedLevel>
  <property name="browser">Firefox 68.0</property>
</record>
<record>
  <date>2020-05-11T14:14:38</date>
  <millis>1589231678159</millis>
  <sequence>15</sequence>
  <level>RUN_DATA</level>
  <class>com.kms.katalon.core.logging.XmlKeywordLogger</class>
  <method>logMessage</method>
  <thread>1</thread>
  <message>platform = Windows 10</message>
  <nestedLevel>1</nestedLevel>
  <property name="platform">Windows 10</property>
</record>
<record>
  <date>2020-05-11T14:14:38</date>
  <millis>1589231678160</millis>
  <sequence>16</sequence>
  <level>RUN_DATA</level>
  <class>com.kms.katalon.core.logging.XmlKeywordLogger</class>
  <method>logMessage</method>
  <thread>1</thread>
  <message>seleniumVersion = 3.141.59</message>
  <nestedLevel>1</nestedLevel>
  <property name="seleniumVersion">3.141.59</property>
</record>
<record>
  <date>2020-05-11T14:14:38</date>
  <millis>1589231678162</millis>
  <sequence>17</sequence>
  <level>RUN_DATA</level>
  <class>com.kms.katalon.core.logging.XmlKeywordLogger</class>
  <method>logMessage</method>
  <thread>1</thread>
  <message>proxyInformation = ProxyInformation{proxyOption=NO_PROXY, proxyServerType=HTTP, password=, proxyServerAddress=, proxyServerPort=0, executionList=}</message>
  <nestedLevel>1</nestedLevel>
  <property name="proxyInformation">ProxyInformation{proxyOption=NO_PROXY, proxyServerType=HTTP, password=, proxyServerAddress=, proxyServerPort=0, executionList=}</property>
</record>
<record>
  <date>2020-05-11T14:14:38</date>
  <millis>1589231678179</millis>
  <sequence>18</sequence>
  <level>PASSED</level>
  <class>com.kms.katalon.core.logging.XmlKeywordLogger</class>
  <method>logMessage</method>
  <thread>1</thread>
  <message>Browser is opened with url: &amp;apos;&amp;apos;</message>
  <nestedLevel>1</nestedLevel>
</record>
<record>
  <date>2020-05-11T14:14:38</date>
  <millis>1589231678180</millis>
  <sequence>19</sequence>
  <level>END</level>
  <class>com.kms.katalon.core.logging.XmlKeywordLogger</class>
  <method>endKeyword</method>
  <thread>1</thread>
  <message>End action : openBrowser(\&amp;quot;\&amp;quot;)</message>
  <nestedLevel>1</nestedLevel>
</record>
<record>
  <date>2020-05-11T14:14:38</date>
  <millis>1589231678180</millis>
  <sequence>20</sequence>
  <level>START</level>
  <class>com.kms.katalon.core.logging.XmlKeywordLogger</class>
  <method>startKeyword</method>
  <thread>1</thread>
  <message>Start action : ctdc.utilities.runtestcaseforKatalon.browserDriver(\&amp;quot;\&amp;quot;)</message>
  <nestedLevel>1</nestedLevel>
  <property name="startLine">43</property>
  <property name="stepIndex">2</property>
</record>
<record>
  <date>2020-05-11T14:14:38</date>
  <millis>1589231678217</millis>
  <sequence>21</sequence>
  <level>PASSED</level>
  <class>com.kms.katalon.core.logging.XmlKeywordLogger</class>
  <method>logMessage</method>
  <thread>1</thread>
  <message>ctdc.utilities.runtestcaseforKatalon.browserDriver is PASSED</message>
  <nestedLevel>1</nestedLevel>
</record>
<record>
  <date>2020-05-11T14:14:38</date>
  <millis>1589231678218</millis>
  <sequence>22</sequence>
  <level>END</level>
  <class>com.kms.katalon.core.logging.XmlKeywordLogger</class>
  <method>endKeyword</method>
  <thread>1</thread>
  <message>End action : ctdc.utilities.runtestcaseforKatalon.browserDriver(\&amp;quot;\&amp;quot;)</message>
  <nestedLevel>1</nestedLevel>
</record>
<record>
  <date>2020-05-11T14:14:38</date>
  <millis>1589231678219</millis>
  <sequence>23</sequence>
  <level>START</level>
  <class>com.kms.katalon.core.logging.XmlKeywordLogger</class>
  <method>startKeyword</method>
  <thread>1</thread>
  <message>Start action : ctdc.utilities.runtestcaseforKatalon.RunKatalon(\&amp;quot;TC15_Canine_Filter_Diagnosis-NotSpecified.xlsx\&amp;quot;)</message>
  <nestedLevel>1</nestedLevel>
  <property name="startLine">45</property>
  <property name="stepIndex">3</property>
</record>
<record>
  <date>2020-05-11T14:14:38</date>
  <millis>1589231678281</millis>
  <sequence>24</sequence>
  <level>PASSED</level>
  <class>com.kms.katalon.core.logging.XmlKeywordLogger</class>
  <method>logMessage</method>
  <thread>1</thread>
  <message>Test case file loaded This is the full filepath after converting to string :C:\\Users\\radhakrishnang2\\Desktop\\DataCommons_Automation\\ICDC_Automation\\InputFiles\\TC15_Canine_Filter_Diagnosis-NotSpecified.xlsx</message>
  <nestedLevel>1</nestedLevel>
</record>
<record>
  <date>2020-05-11T14:14:39</date>
  <millis>1589231679133</millis>
  <sequence>25</sequence>
  <level>INFO</level>
  <class>com.kms.katalon.core.logging.XmlKeywordLogger</class>
  <method>logMessage</method>
  <thread>1</thread>
  <message>Global variable set for password file is :  C:\\Users\\radhakrishnang2\\Desktop\\DataCommons_Automation\\ICDC_Automation\\InputFiles\\TC15_Canine_Filter_Diagnosis-NotSpecified.xlsx</message>
  <nestedLevel>1</nestedLevel>
</record>
<record>
  <date>2020-05-11T14:14:40</date>
  <millis>1589231680042</millis>
  <sequence>26</sequence>
  <level>PASSED</level>
  <class>com.kms.katalon.core.logging.XmlKeywordLogger</class>
  <method>logMessage</method>
  <thread>1</thread>
  <message>Data loaded from input file for the test case. </message>
  <nestedLevel>1</nestedLevel>
</record>
<record>
  <date>2020-05-11T14:14:42</date>
  <millis>1589231682945</millis>
  <sequence>27</sequence>
  <level>END</level>
  <class>com.kms.katalon.core.logging.XmlKeywordLogger</class>
  <method>endKeyword</method>
  <thread>1</thread>
  <message>End action : ctdc.utilities.runtestcaseforKatalon.RunKatalon(\&amp;quot;TC15_Canine_Filter_Diagnosis-NotSpecified.xlsx\&amp;quot;)</message>
  <nestedLevel>1</nestedLevel>
</record>
<record>
  <date>2020-05-11T14:14:42</date>
  <millis>1589231682946</millis>
  <sequence>28</sequence>
  <level>START</level>
  <class>com.kms.katalon.core.logging.XmlKeywordLogger</class>
  <method>startKeyword</method>
  <thread>1</thread>
  <message>Start action : click(findTestObject(\&amp;quot;Object Repository/Canine/Canine_Cases_Btn\&amp;quot;))</message>
  <nestedLevel>1</nestedLevel>
  <property name="startLine">47</property>
  <property name="stepIndex">4</property>
</record>
<record>
  <date>2020-05-11T14:14:43</date>
  <millis>1589231683136</millis>
  <sequence>37</sequence>
  <level>PASSED</level>
  <class>com.kms.katalon.core.logging.XmlKeywordLogger</class>
  <method>logMessage</method>
  <thread>1</thread>
  <message>Object: &amp;apos;Object Repository/Canine/Canine_Cases_Btn&amp;apos; is clicked on</message>
  <nestedLevel>1</nestedLevel>
</record>
<record>
  <date>2020-05-11T14:14:43</date>
  <millis>1589231683138</millis>
  <sequence>38</sequence>
  <level>END</level>
  <class>com.kms.katalon.core.logging.XmlKeywordLogger</class>
  <method>endKeyword</method>
  <thread>1</thread>
  <message>End action : click(findTestObject(\&amp;quot;Object Repository/Canine/Canine_Cases_Btn\&amp;quot;))</message>
  <nestedLevel>1</nestedLevel>
</record>
<record>
  <date>2020-05-11T14:14:43</date>
  <millis>1589231683138</millis>
  <sequence>39</sequence>
  <level>START</level>
  <class>com.kms.katalon.core.logging.XmlKeywordLogger</class>
  <method>startKeyword</method>
  <thread>1</thread>
  <message>Start action : click(findTestObject(\&amp;quot;Object Repository/Canine/Filter/Diagnosis/DIAGNOSIS_Ddn\&amp;quot;))</message>
  <nestedLevel>1</nestedLevel>
  <property name="startLine">49</property>
  <property name="stepIndex">5</property>
</record>
<record>
  <date>2020-05-11T14:14:45</date>
  <millis>1589231685126</millis>
  <sequence>50</sequence>
  <level>PASSED</level>
  <class>com.kms.katalon.core.logging.XmlKeywordLogger</class>
  <method>logMessage</method>
  <thread>1</thread>
  <message>Object: &amp;apos;Object Repository/Canine/Filter/Diagnosis/DIAGNOSIS_Ddn&amp;apos; is clicked on</message>
  <nestedLevel>1</nestedLevel>
</record>
<record>
  <date>2020-05-11T14:14:45</date>
  <millis>1589231685127</millis>
  <sequence>51</sequence>
  <level>END</level>
  <class>com.kms.katalon.core.logging.XmlKeywordLogger</class>
  <method>endKeyword</method>
  <thread>1</thread>
  <message>End action : click(findTestObject(\&amp;quot;Object Repository/Canine/Filter/Diagnosis/DIAGNOSIS_Ddn\&amp;quot;))</message>
  <nestedLevel>1</nestedLevel>
</record>
<record>
  <date>2020-05-11T14:14:45</date>
  <millis>1589231685128</millis>
  <sequence>52</sequence>
  <level>START</level>
  <class>com.kms.katalon.core.logging.XmlKeywordLogger</class>
  <method>startKeyword</method>
  <thread>1</thread>
  <message>Start action : click(findTestObject(\&amp;quot;Object Repository/Canine/Filter/Diagnosis/NotSpecified_Chkbx\&amp;quot;))</message>
  <nestedLevel>1</nestedLevel>
  <property name="startLine">51</property>
  <property name="stepIndex">6</property>
</record>
<record>
  <date>2020-05-11T14:14:45</date>
  <millis>1589231685718</millis>
  <sequence>64</sequence>
  <level>FAILED</level>
  <class>com.kms.katalon.core.logging.XmlKeywordLogger</class>
  <method>logMessage</method>
  <thread>1</thread>
  <message>Unable to click on object &amp;apos;Object Repository/Canine/Filter/Diagnosis/NotSpecified_Chkbx&amp;apos; (Root cause: com.kms.katalon.core.exception.StepFailedException: Unable to click on object &amp;apos;Object Repository/Canine/Filter/Diagnosis/NotSpecified_Chkbx&amp;apos;\r\n\tat com.kms.katalon.core.webui.keyword.internal.WebUIKeywordMain.stepFailed(WebUIKeywordMain.groovy:64)\r\n\tat com.kms.katalon.core.webui.keyword.internal.WebUIKeywordMain.runKeyword(WebUIKeywordMain.groovy:26)\r\n\tat com.kms.katalon.core.webui.keyword.builtin.ClickKeyword.click(ClickKeyword.groovy:76)\r\n\tat com.kms.katalon.core.webui.keyword.builtin.ClickKeyword.execute(ClickKeyword.groovy:43)\r\n\tat com.kms.katalon.core.keyword.internal.KeywordExecutor.executeKeywordForPlatform(KeywordExecutor.groovy:72)\r\n\tat com.kms.katalon.core.webui.keyword.WebUiBuiltInKeywords.click(WebUiBuiltInKeywords.groovy:616)\r\n\tat com.kms.katalon.core.webui.keyword.WebUiBuiltInKeywords$click$0.call(Unknown Source)\r\n\tat TC15_Canine_Filter_Diagnosis-NotSpecified.run(TC15_Canine_Filter_Diagnosis-NotSpecified:51)\r\n\tat com.kms.katalon.core.main.ScriptEngine.run(ScriptEngine.java:194)\r\n\tat com.kms.katalon.core.main.ScriptEngine.runScriptAsRawText(ScriptEngine.java:119)\r\n\tat com.kms.katalon.core.main.TestCaseExecutor.runScript(TestCaseExecutor.java:337)\r\n\tat com.kms.katalon.core.main.TestCaseExecutor.doExecute(TestCaseExecutor.java:328)\r\n\tat com.kms.katalon.core.main.TestCaseExecutor.processExecutionPhase(TestCaseExecutor.java:307)\r\n\tat com.kms.katalon.core.main.TestCaseExecutor.accessMainPhase(TestCaseExecutor.java:299)\r\n\tat com.kms.katalon.core.main.TestCaseExecutor.execute(TestCaseExecutor.java:233)\r\n\tat com.kms.katalon.core.main.TestSuiteExecutor.accessTestCaseMainPhase(TestSuiteExecutor.java:169)\r\n\tat com.kms.katalon.core.main.TestSuiteExecutor.accessTestSuiteMainPhase(TestSuiteExecutor.java:142)\r\n\tat com.kms.katalon.core.main.TestSuiteExecutor.execute(TestSuiteExecutor.java:91)\r\n\tat com.kms.katalon.core.main.TestCaseMain.startTestSuite(TestCaseMain.java:157)\r\n\tat com.kms.katalon.core.main.TestCaseMain$startTestSuite$0.call(Unknown Source)\r\n\tat TempTestSuite1589231668126.run(TempTestSuite1589231668126.groovy:36)\r\nCaused by: org.openqa.selenium.ElementNotInteractableException: Element &amp;lt;span class=\&amp;quot;jss91\&amp;quot;&amp;gt; could not be scrolled into view\nBuild info: version: &amp;apos;3.141.59&amp;apos;, revision: &amp;apos;e82be7d358&amp;apos;, time: &amp;apos;2018-11-14T08:25:53&amp;apos;\nSystem info: host: &amp;apos;NCI-02150368-L&amp;apos;, ip: &amp;apos;10.243.22.175&amp;apos;, os.name: &amp;apos;Windows 10&amp;apos;, os.arch: &amp;apos;amd64&amp;apos;, os.version: &amp;apos;10.0&amp;apos;, java.version: &amp;apos;1.8.0_181&amp;apos;\nDriver info: com.kms.katalon.core.webui.driver.firefox.CGeckoDriver\nCapabilities {acceptInsecureCerts: true, browserName: firefox, browserVersion: 68.7.0, javascriptEnabled: true, moz:accessibilityChecks: false, moz:buildID: 20200403171148, moz:geckodriverVersion: 0.23.0, moz:headless: true, moz:processID: 16592, moz:profile: C:\\Users\\radhakrishnang2\\Ap..., moz:shutdownTimeout: 60000, moz:useNonSpecCompliantPointerOrigin: false, moz:webdriverClick: true, pageLoadStrategy: normal, platform: WINDOWS, platformName: WINDOWS, platformVersion: 10.0, proxy: Proxy(direct), rotatable: false, setWindowRect: true, strictFileInteractability: false, timeouts: {implicit: 0, pageLoad: 300000, script: 30000}, unhandledPromptBehavior: dismiss and notify}\nSession ID: c4bd6347-6429-4d5e-b15b-baef5f4e1c50\r\n\tat org.openqa.selenium.remote.http.W3CHttpResponseCodec.createException(W3CHttpResponseCodec.java:187)\r\n\tat org.openqa.selenium.remote.http.W3CHttpResponseCodec.decode(W3CHttpResponseCodec.java:122)\r\n\tat org.openqa.selenium.remote.http.W3CHttpResponseCodec.decode(W3CHttpResponseCodec.java:49)\r\n\tat org.openqa.selenium.remote.HttpCommandExecutor.execute(HttpCommandExecutor.java:158)\r\n\tat org.openqa.selenium.remote.service.DriverCommandExecutor.execute(DriverCommandExecutor.java:83)\r\n\tat org.openqa.selenium.remote.RemoteWebDriver.execute(RemoteWebDriver.java:552)\r\n\tat com.kms.katalon.selenium.driver.CFirefoxDriver.execute(CFirefoxDriver.java:27)\r\n\tat org.openqa.selenium.remote.RemoteWebElement.execute(RemoteWebElement.java:285)\r\n\tat org.openqa.selenium.remote.RemoteWebElement.click(RemoteWebElement.java:84)\r\n\tat org.openqa.selenium.support.events.EventFiringWebDriver$EventFiringWebElement.lambda$new$0(EventFiringWebDriver.java:404)\r\n\tat com.sun.proxy.$Proxy12.click(Unknown Source)\r\n\tat org.openqa.selenium.support.events.EventFiringWebDriver$EventFiringWebElement.click(EventFiringWebDriver.java:417)\r\n\tat com.kms.katalon.core.webui.keyword.builtin.ClickKeyword$_click_closure1.doCall(ClickKeyword.groovy:69)\r\n\tat com.kms.katalon.core.webui.keyword.builtin.ClickKeyword$_click_closure1.call(ClickKeyword.groovy)\r\n\tat com.kms.katalon.core.webui.keyword.internal.WebUIKeywordMain.runKeyword(WebUIKeywordMain.groovy:20)\r\n\tat com.kms.katalon.core.webui.keyword.builtin.ClickKeyword.click(ClickKeyword.groovy:76)\r\n\tat com.kms.katalon.core.webui.keyword.builtin.ClickKeyword.execute(ClickKeyword.groovy:43)\r\n\tat com.kms.katalon.core.keyword.internal.KeywordExecutor.executeKeywordForPlatform(KeywordExecutor.groovy:72)\r\n\tat com.kms.katalon.core.webui.keyword.WebUiBuiltInKeywords.click(WebUiBuiltInKeywords.groovy:616)\r\n\tat com.kms.katalon.core.webui.keyword.WebUiBuiltInKeywords$click$0.call(Unknown Source)\r\n\tat Script1589153472656.run(Script1589153472656.groovy:51)\r\n\t... 13 more\r\n)</message>
  <nestedLevel>1</nestedLevel>
  <property name="failed.exception.class">org.openqa.selenium.ElementNotInteractableException</property>
  <property name="attachment">1589231685550.png</property>
  <property name="failed.exception.stacktrace">org.openqa.selenium.ElementNotInteractableException: Element &lt;span class=\&quot;jss91\&quot;&gt; could not be scrolled into view\nBuild info: version: &apos;3.141.59&apos;, revision: &apos;e82be7d358&apos;, time: &apos;2018-11-14T08:25:53&apos;\nSystem info: host: &apos;NCI-02150368-L&apos;, ip: &apos;10.243.22.175&apos;, os.name: &apos;Windows 10&apos;, os.arch: &apos;amd64&apos;, os.version: &apos;10.0&apos;, java.version: &apos;1.8.0_181&apos;\nDriver info: com.kms.katalon.core.webui.driver.firefox.CGeckoDriver\nCapabilities {acceptInsecureCerts: true, browserName: firefox, browserVersion: 68.7.0, javascriptEnabled: true, moz:accessibilityChecks: false, moz:buildID: 20200403171148, moz:geckodriverVersion: 0.23.0, moz:headless: true, moz:processID: 16592, moz:profile: C:\\Users\\radhakrishnang2\\Ap..., moz:shutdownTimeout: 60000, moz:useNonSpecCompliantPointerOrigin: false, moz:webdriverClick: true, pageLoadStrategy: normal, platform: WINDOWS, platformName: WINDOWS, platformVersion: 10.0, proxy: Proxy(direct), rotatable: false, setWindowRect: true, strictFileInteractability: false, timeouts: {implicit: 0, pageLoad: 300000, script: 30000}, unhandledPromptBehavior: dismiss and notify}\nSession ID: c4bd6347-6429-4d5e-b15b-baef5f4e1c50\r\n\tat org.openqa.selenium.remote.http.W3CHttpResponseCodec.createException(W3CHttpResponseCodec.java:187)\r\n\tat org.openqa.selenium.remote.http.W3CHttpResponseCodec.decode(W3CHttpResponseCodec.java:122)\r\n\tat org.openqa.selenium.remote.http.W3CHttpResponseCodec.decode(W3CHttpResponseCodec.java:49)\r\n\tat org.openqa.selenium.remote.HttpCommandExecutor.execute(HttpCommandExecutor.java:158)\r\n\tat org.openqa.selenium.remote.service.DriverCommandExecutor.execute(DriverCommandExecutor.java:83)\r\n\tat org.openqa.selenium.remote.RemoteWebDriver.execute(RemoteWebDriver.java:552)\r\n\tat com.kms.katalon.selenium.driver.CFirefoxDriver.execute(CFirefoxDriver.java:27)\r\n\tat org.openqa.selenium.remote.RemoteWebElement.execute(RemoteWebElement.java:285)\r\n\tat org.openqa.selenium.remote.RemoteWebElement.click(RemoteWebElement.java:84)\r\n\tat org.openqa.selenium.support.events.EventFiringWebDriver$EventFiringWebElement.lambda$new$0(EventFiringWebDriver.java:404)\r\n\tat com.sun.proxy.$Proxy12.click(Unknown Source)\r\n\tat org.openqa.selenium.support.events.EventFiringWebDriver$EventFiringWebElement.click(EventFiringWebDriver.java:417)\r\n\tat com.kms.katalon.core.webui.keyword.builtin.ClickKeyword$_click_closure1.doCall(ClickKeyword.groovy:69)\r\n\tat com.kms.katalon.core.webui.keyword.builtin.ClickKeyword$_click_closure1.call(ClickKeyword.groovy)\r\n\tat com.kms.katalon.core.webui.keyword.internal.WebUIKeywordMain.runKeyword(WebUIKeywordMain.groovy:20)\r\n\tat com.kms.katalon.core.webui.keyword.builtin.ClickKeyword.click(ClickKeyword.groovy:76)\r\n\tat com.kms.katalon.core.webui.keyword.builtin.ClickKeyword.execute(ClickKeyword.groovy:43)\r\n\tat com.kms.katalon.core.keyword.internal.KeywordExecutor.executeKeywordForPlatform(KeywordExecutor.groovy:72)\r\n\tat com.kms.katalon.core.webui.keyword.WebUiBuiltInKeywords.click(WebUiBuiltInKeywords.groovy:616)\r\n\tat com.kms.katalon.core.webui.keyword.WebUiBuiltInKeywords$click$0.call(Unknown Source)\r\n\tat TC15_Canine_Filter_Diagnosis-NotSpecified.run(TC15_Canine_Filter_Diagnosis-NotSpecified:51)\r\n\tat com.kms.katalon.core.main.ScriptEngine.run(ScriptEngine.java:194)\r\n\tat com.kms.katalon.core.main.ScriptEngine.runScriptAsRawText(ScriptEngine.java:119)\r\n\tat com.kms.katalon.core.main.TestCaseExecutor.runScript(TestCaseExecutor.java:337)\r\n\tat com.kms.katalon.core.main.TestCaseExecutor.doExecute(TestCaseExecutor.java:328)\r\n\tat com.kms.katalon.core.main.TestCaseExecutor.processExecutionPhase(TestCaseExecutor.java:307)\r\n\tat com.kms.katalon.core.main.TestCaseExecutor.accessMainPhase(TestCaseExecutor.java:299)\r\n\tat com.kms.katalon.core.main.TestCaseExecutor.execute(TestCaseExecutor.java:233)\r\n\tat com.kms.katalon.core.main.TestSuiteExecutor.accessTestCaseMainPhase(TestSuiteExecutor.java:169)\r\n\tat com.kms.katalon.core.main.TestSuiteExecutor.accessTestSuiteMainPhase(TestSuiteExecutor.java:142)\r\n\tat com.kms.katalon.core.main.TestSuiteExecutor.execute(TestSuiteExecutor.java:91)\r\n\tat com.kms.katalon.core.main.TestCaseMain.startTestSuite(TestCaseMain.java:157)\r\n\tat com.kms.katalon.core.main.TestCaseMain$startTestSuite$0.call(Unknown Source)\r\n\tat TempTestSuite1589231668126.run(TempTestSuite1589231668126.groovy:36)\r\n</property>
  <property name="failed.exception.message">Element &lt;span class=\&quot;jss91\&quot;&gt; could not be scrolled into view\nBuild info: version: &apos;3.141.59&apos;, revision: &apos;e82be7d358&apos;, time: &apos;2018-11-14T08:25:53&apos;\nSystem info: host: &apos;NCI-02150368-L&apos;, ip: &apos;10.243.22.175&apos;, os.name: &apos;Windows 10&apos;, os.arch: &apos;amd64&apos;, os.version: &apos;10.0&apos;, java.version: &apos;1.8.0_181&apos;\nDriver info: com.kms.katalon.core.webui.driver.firefox.CGeckoDriver\nCapabilities {acceptInsecureCerts: true, browserName: firefox, browserVersion: 68.7.0, javascriptEnabled: true, moz:accessibilityChecks: false, moz:buildID: 20200403171148, moz:geckodriverVersion: 0.23.0, moz:headless: true, moz:processID: 16592, moz:profile: C:\\Users\\radhakrishnang2\\Ap..., moz:shutdownTimeout: 60000, moz:useNonSpecCompliantPointerOrigin: false, moz:webdriverClick: true, pageLoadStrategy: normal, platform: WINDOWS, platformName: WINDOWS, platformVersion: 10.0, proxy: Proxy(direct), rotatable: false, setWindowRect: true, strictFileInteractability: false, timeouts: {implicit: 0, pageLoad: 300000, script: 30000}, unhandledPromptBehavior: dismiss and notify}\nSession ID: c4bd6347-6429-4d5e-b15b-baef5f4e1c50</property>
</record>
<record>
  <date>2020-05-11T14:14:45</date>
  <millis>1589231685723</millis>
  <sequence>65</sequence>
  <level>END</level>
  <class>com.kms.katalon.core.logging.XmlKeywordLogger</class>
  <method>endKeyword</method>
  <thread>1</thread>
  <message>End action : click(findTestObject(\&amp;quot;Object Repository/Canine/Filter/Diagnosis/NotSpecified_Chkbx\&amp;quot;))</message>
  <nestedLevel>1</nestedLevel>
</record>
<record>
  <date>2020-05-11T14:14:45</date>
  <millis>1589231685724</millis>
  <sequence>68</sequence>
  <level>FAILED</level>
  <class>com.kms.katalon.core.logging.XmlKeywordLogger</class>
  <method>logMessage</method>
  <thread>1</thread>
  <message>Test Cases/Diagnosis/TC15_Canine_Filter_Diagnosis-NotSpecified FAILED.\nReason:\ncom.kms.katalon.core.exception.StepFailedException: Unable to click on object &amp;apos;Object Repository/Canine/Filter/Diagnosis/NotSpecified_Chkbx&amp;apos;\r\n\tat com.kms.katalon.core.webui.keyword.internal.WebUIKeywordMain.stepFailed(WebUIKeywordMain.groovy:64)\r\n\tat com.kms.katalon.core.webui.keyword.internal.WebUIKeywordMain.runKeyword(WebUIKeywordMain.groovy:26)\r\n\tat com.kms.katalon.core.webui.keyword.builtin.ClickKeyword.click(ClickKeyword.groovy:76)\r\n\tat com.kms.katalon.core.webui.keyword.builtin.ClickKeyword.execute(ClickKeyword.groovy:43)\r\n\tat com.kms.katalon.core.keyword.internal.KeywordExecutor.executeKeywordForPlatform(KeywordExecutor.groovy:72)\r\n\tat com.kms.katalon.core.webui.keyword.WebUiBuiltInKeywords.click(WebUiBuiltInKeywords.groovy:616)\r\n\tat com.kms.katalon.core.webui.keyword.WebUiBuiltInKeywords$click$0.call(Unknown Source)\r\n\tat TC15_Canine_Filter_Diagnosis-NotSpecified.run(TC15_Canine_Filter_Diagnosis-NotSpecified:51)\r\n\tat com.kms.katalon.core.main.ScriptEngine.run(ScriptEngine.java:194)\r\n\tat com.kms.katalon.core.main.ScriptEngine.runScriptAsRawText(ScriptEngine.java:119)\r\n\tat com.kms.katalon.core.main.TestCaseExecutor.runScript(TestCaseExecutor.java:337)\r\n\tat com.kms.katalon.core.main.TestCaseExecutor.doExecute(TestCaseExecutor.java:328)\r\n\tat com.kms.katalon.core.main.TestCaseExecutor.processExecutionPhase(TestCaseExecutor.java:307)\r\n\tat com.kms.katalon.core.main.TestCaseExecutor.accessMainPhase(TestCaseExecutor.java:299)\r\n\tat com.kms.katalon.core.main.TestCaseExecutor.execute(TestCaseExecutor.java:233)\r\n\tat com.kms.katalon.core.main.TestSuiteExecutor.accessTestCaseMainPhase(TestSuiteExecutor.java:169)\r\n\tat com.kms.katalon.core.main.TestSuiteExecutor.accessTestSuiteMainPhase(TestSuiteExecutor.java:142)\r\n\tat com.kms.katalon.core.main.TestSuiteExecutor.execute(TestSuiteExecutor.java:91)\r\n\tat com.kms.katalon.core.main.TestCaseMain.startTestSuite(TestCaseMain.java:157)\r\n\tat com.kms.katalon.core.main.TestCaseMain$startTestSuite$0.call(Unknown Source)\r\n\tat TempTestSuite1589231668126.run(TempTestSuite1589231668126.groovy:36)\r\nCaused by: org.openqa.selenium.ElementNotInteractableException: Element &amp;lt;span class=\&amp;quot;jss91\&amp;quot;&amp;gt; could not be scrolled into view\nBuild info: version: &amp;apos;3.141.59&amp;apos;, revision: &amp;apos;e82be7d358&amp;apos;, time: &amp;apos;2018-11-14T08:25:53&amp;apos;\nSystem info: host: &amp;apos;NCI-02150368-L&amp;apos;, ip: &amp;apos;10.243.22.175&amp;apos;, os.name: &amp;apos;Windows 10&amp;apos;, os.arch: &amp;apos;amd64&amp;apos;, os.version: &amp;apos;10.0&amp;apos;, java.version: &amp;apos;1.8.0_181&amp;apos;\nDriver info: com.kms.katalon.core.webui.driver.firefox.CGeckoDriver\nCapabilities {acceptInsecureCerts: true, browserName: firefox, browserVersion: 68.7.0, javascriptEnabled: true, moz:accessibilityChecks: false, moz:buildID: 20200403171148, moz:geckodriverVersion: 0.23.0, moz:headless: true, moz:processID: 16592, moz:profile: C:\\Users\\radhakrishnang2\\Ap..., moz:shutdownTimeout: 60000, moz:useNonSpecCompliantPointerOrigin: false, moz:webdriverClick: true, pageLoadStrategy: normal, platform: WINDOWS, platformName: WINDOWS, platformVersion: 10.0, proxy: Proxy(direct), rotatable: false, setWindowRect: true, strictFileInteractability: false, timeouts: {implicit: 0, pageLoad: 300000, script: 30000}, unhandledPromptBehavior: dismiss and notify}\nSession ID: c4bd6347-6429-4d5e-b15b-baef5f4e1c50\r\n\tat org.openqa.selenium.remote.http.W3CHttpResponseCodec.createException(W3CHttpResponseCodec.java:187)\r\n\tat org.openqa.selenium.remote.http.W3CHttpResponseCodec.decode(W3CHttpResponseCodec.java:122)\r\n\tat org.openqa.selenium.remote.http.W3CHttpResponseCodec.decode(W3CHttpResponseCodec.java:49)\r\n\tat org.openqa.selenium.remote.HttpCommandExecutor.execute(HttpCommandExecutor.java:158)\r\n\tat org.openqa.selenium.remote.service.DriverCommandExecutor.execute(DriverCommandExecutor.java:83)\r\n\tat org.openqa.selenium.remote.RemoteWebDriver.execute(RemoteWebDriver.java:552)\r\n\tat com.kms.katalon.selenium.driver.CFirefoxDriver.execute(CFirefoxDriver.java:27)\r\n\tat org.openqa.selenium.remote.RemoteWebElement.execute(RemoteWebElement.java:285)\r\n\tat org.openqa.selenium.remote.RemoteWebElement.click(RemoteWebElement.java:84)\r\n\tat org.openqa.selenium.support.events.EventFiringWebDriver$EventFiringWebElement.lambda$new$0(EventFiringWebDriver.java:404)\r\n\tat com.sun.proxy.$Proxy12.click(Unknown Source)\r\n\tat org.openqa.selenium.support.events.EventFiringWebDriver$EventFiringWebElement.click(EventFiringWebDriver.java:417)\r\n\tat com.kms.katalon.core.webui.keyword.builtin.ClickKeyword$_click_closure1.doCall(ClickKeyword.groovy:69)\r\n\tat com.kms.katalon.core.webui.keyword.builtin.ClickKeyword$_click_closure1.call(ClickKeyword.groovy)\r\n\tat com.kms.katalon.core.webui.keyword.internal.WebUIKeywordMain.runKeyword(WebUIKeywordMain.groovy:20)\r\n\t... 19 more\r\n</message>
  <exception>
    <message>com.kms.katalon.core.exception.StepFailedException: Unable to click on object 'Object Repository/Canine/Filter/Diagnosis/NotSpecified_Chkbx'</message>
    <frame>
      <class>com.kms.katalon.core.webui.keyword.internal.WebUIKeywordMain</class>
      <method>stepFailed</method>
      <line>64</line>
    </frame>
    <frame>
      <class>com.kms.katalon.core.webui.keyword.internal.WebUIKeywordMain</class>
      <method>runKeyword</method>
      <line>26</line>
    </frame>
    <frame>
      <class>com.kms.katalon.core.webui.keyword.builtin.ClickKeyword</class>
      <method>click</method>
      <line>76</line>
    </frame>
    <frame>
      <class>com.kms.katalon.core.webui.keyword.builtin.ClickKeyword</class>
      <method>execute</method>
      <line>43</line>
    </frame>
    <frame>
      <class>com.kms.katalon.core.keyword.internal.KeywordExecutor</class>
      <method>executeKeywordForPlatform</method>
      <line>72</line>
    </frame>
    <frame>
      <class>com.kms.katalon.core.webui.keyword.WebUiBuiltInKeywords</class>
      <method>click</method>
      <line>616</line>
    </frame>
    <frame>
      <class>com.kms.katalon.core.webui.keyword.WebUiBuiltInKeywords$click$0</class>
      <method>call</method>
    </frame>
    <frame>
      <class>TC15_Canine_Filter_Diagnosis-NotSpecified</class>
      <method>run</method>
      <line>51</line>
    </frame>
    <frame>
      <class>com.kms.katalon.core.main.ScriptEngine</class>
      <method>run</method>
      <line>194</line>
    </frame>
    <frame>
      <class>com.kms.katalon.core.main.ScriptEngine</class>
      <method>runScriptAsRawText</method>
      <line>119</line>
    </frame>
    <frame>
      <class>com.kms.katalon.core.main.TestCaseExecutor</class>
      <method>runScript</method>
      <line>337</line>
    </frame>
    <frame>
      <class>com.kms.katalon.core.main.TestCaseExecutor</class>
      <method>doExecute</method>
      <line>328</line>
    </frame>
    <frame>
      <class>com.kms.katalon.core.main.TestCaseExecutor</class>
      <method>processExecutionPhase</method>
      <line>307</line>
    </frame>
    <frame>
      <class>com.kms.katalon.core.main.TestCaseExecutor</class>
      <method>accessMainPhase</method>
      <line>299</line>
    </frame>
    <frame>
      <class>com.kms.katalon.core.main.TestCaseExecutor</class>
      <method>execute</method>
      <line>233</line>
    </frame>
    <frame>
      <class>com.kms.katalon.core.main.TestSuiteExecutor</class>
      <method>accessTestCaseMainPhase</method>
      <line>169</line>
    </frame>
    <frame>
      <class>com.kms.katalon.core.main.TestSuiteExecutor</class>
      <method>accessTestSuiteMainPhase</method>
      <line>142</line>
    </frame>
    <frame>
      <class>com.kms.katalon.core.main.TestSuiteExecutor</class>
      <method>execute</method>
      <line>91</line>
    </frame>
    <frame>
      <class>com.kms.katalon.core.main.TestCaseMain</class>
      <method>startTestSuite</method>
      <line>157</line>
    </frame>
    <frame>
      <class>com.kms.katalon.core.main.TestCaseMain$startTestSuite$0</class>
      <method>call</method>
    </frame>
    <frame>
      <class>TempTestSuite1589231668126</class>
      <method>run</method>
      <line>36</line>
    </frame>
  </exception>
  <nestedLevel>0</nestedLevel>
  <property name="failed.exception.stacktrace">org.openqa.selenium.ElementNotInteractableException: Element &lt;span class=\&quot;jss91\&quot;&gt; could not be scrolled into view\nBuild info: version: &apos;3.141.59&apos;, revision: &apos;e82be7d358&apos;, time: &apos;2018-11-14T08:25:53&apos;\nSystem info: host: &apos;NCI-02150368-L&apos;, ip: &apos;10.243.22.175&apos;, os.name: &apos;Windows 10&apos;, os.arch: &apos;amd64&apos;, os.version: &apos;10.0&apos;, java.version: &apos;1.8.0_181&apos;\nDriver info: com.kms.katalon.core.webui.driver.firefox.CGeckoDriver\nCapabilities {acceptInsecureCerts: true, browserName: firefox, browserVersion: 68.7.0, javascriptEnabled: true, moz:accessibilityChecks: false, moz:buildID: 20200403171148, moz:geckodriverVersion: 0.23.0, moz:headless: true, moz:processID: 16592, moz:profile: C:\\Users\\radhakrishnang2\\Ap..., moz:shutdownTimeout: 60000, moz:useNonSpecCompliantPointerOrigin: false, moz:webdriverClick: true, pageLoadStrategy: normal, platform: WINDOWS, platformName: WINDOWS, platformVersion: 10.0, proxy: Proxy(direct), rotatable: false, setWindowRect: true, strictFileInteractability: false, timeouts: {implicit: 0, pageLoad: 300000, script: 30000}, unhandledPromptBehavior: dismiss and notify}\nSession ID: c4bd6347-6429-4d5e-b15b-baef5f4e1c50\r\n\tat org.openqa.selenium.remote.http.W3CHttpResponseCodec.createException(W3CHttpResponseCodec.java:187)\r\n\tat org.openqa.selenium.remote.http.W3CHttpResponseCodec.decode(W3CHttpResponseCodec.java:122)\r\n\tat org.openqa.selenium.remote.http.W3CHttpResponseCodec.decode(W3CHttpResponseCodec.java:49)\r\n\tat org.openqa.selenium.remote.HttpCommandExecutor.execute(HttpCommandExecutor.java:158)\r\n\tat org.openqa.selenium.remote.service.DriverCommandExecutor.execute(DriverCommandExecutor.java:83)\r\n\tat org.openqa.selenium.remote.RemoteWebDriver.execute(RemoteWebDriver.java:552)\r\n\tat com.kms.katalon.selenium.driver.CFirefoxDriver.execute(CFirefoxDriver.java:27)\r\n\tat org.openqa.selenium.remote.RemoteWebElement.execute(RemoteWebElement.java:285)\r\n\tat org.openqa.selenium.remote.RemoteWebElement.click(RemoteWebElement.java:84)\r\n\tat org.openqa.selenium.support.events.EventFiringWebDriver$EventFiringWebElement.lambda$new$0(EventFiringWebDriver.java:404)\r\n\tat com.sun.proxy.$Proxy12.click(Unknown Source)\r\n\tat org.openqa.selenium.support.events.EventFiringWebDriver$EventFiringWebElement.click(EventFiringWebDriver.java:417)\r\n\tat com.kms.katalon.core.webui.keyword.builtin.ClickKeyword$_click_closure1.doCall(ClickKeyword.groovy:69)\r\n\tat com.kms.katalon.core.webui.keyword.builtin.ClickKeyword$_click_closure1.call(ClickKeyword.groovy)\r\n\tat com.kms.katalon.core.webui.keyword.internal.WebUIKeywordMain.runKeyword(WebUIKeywordMain.groovy:20)\r\n\tat com.kms.katalon.core.webui.keyword.builtin.ClickKeyword.click(ClickKeyword.groovy:76)\r\n\tat com.kms.katalon.core.webui.keyword.builtin.ClickKeyword.execute(ClickKeyword.groovy:43)\r\n\tat com.kms.katalon.core.keyword.internal.KeywordExecutor.executeKeywordForPlatform(KeywordExecutor.groovy:72)\r\n\tat com.kms.katalon.core.webui.keyword.WebUiBuiltInKeywords.click(WebUiBuiltInKeywords.groovy:616)\r\n\tat com.kms.katalon.core.webui.keyword.WebUiBuiltInKeywords$click$0.call(Unknown Source)\r\n\tat TC15_Canine_Filter_Diagnosis-NotSpecified.run(TC15_Canine_Filter_Diagnosis-NotSpecified:51)\r\n\tat com.kms.katalon.core.main.ScriptEngine.run(ScriptEngine.java:194)\r\n\tat com.kms.katalon.core.main.ScriptEngine.runScriptAsRawText(ScriptEngine.java:119)\r\n\tat com.kms.katalon.core.main.TestCaseExecutor.runScript(TestCaseExecutor.java:337)\r\n\tat com.kms.katalon.core.main.TestCaseExecutor.doExecute(TestCaseExecutor.java:328)\r\n\tat com.kms.katalon.core.main.TestCaseExecutor.processExecutionPhase(TestCaseExecutor.java:307)\r\n\tat com.kms.katalon.core.main.TestCaseExecutor.accessMainPhase(TestCaseExecutor.java:299)\r\n\tat com.kms.katalon.core.main.TestCaseExecutor.execute(TestCaseExecutor.java:233)\r\n\tat com.kms.katalon.core.main.TestSuiteExecutor.accessTestCaseMainPhase(TestSuiteExecutor.java:169)\r\n\tat com.kms.katalon.core.main.TestSuiteExecutor.accessTestSuiteMainPhase(TestSuiteExecutor.java:142)\r\n\tat com.kms.katalon.core.main.TestSuiteExecutor.execute(TestSuiteExecutor.java:91)\r\n\tat com.kms.katalon.core.main.TestCaseMain.startTestSuite(TestCaseMain.java:157)\r\n\tat com.kms.katalon.core.main.TestCaseMain$startTestSuite$0.call(Unknown Source)\r\n\tat TempTestSuite1589231668126.run(TempTestSuite1589231668126.groovy:36)\r\n</property>
  <property name="failed.exception.class">org.openqa.selenium.ElementNotInteractableException</property>
  <property name="failed.exception.message">Element &lt;span class=\&quot;jss91\&quot;&gt; could not be scrolled into view\nBuild info: version: &apos;3.141.59&apos;, revision: &apos;e82be7d358&apos;, time: &apos;2018-11-14T08:25:53&apos;\nSystem info: host: &apos;NCI-02150368-L&apos;, ip: &apos;10.243.22.175&apos;, os.name: &apos;Windows 10&apos;, os.arch: &apos;amd64&apos;, os.version: &apos;10.0&apos;, java.version: &apos;1.8.0_181&apos;\nDriver info: com.kms.katalon.core.webui.driver.firefox.CGeckoDriver\nCapabilities {acceptInsecureCerts: true, browserName: firefox, browserVersion: 68.7.0, javascriptEnabled: true, moz:accessibilityChecks: false, moz:buildID: 20200403171148, moz:geckodriverVersion: 0.23.0, moz:headless: true, moz:processID: 16592, moz:profile: C:\\Users\\radhakrishnang2\\Ap..., moz:shutdownTimeout: 60000, moz:useNonSpecCompliantPointerOrigin: false, moz:webdriverClick: true, pageLoadStrategy: normal, platform: WINDOWS, platformName: WINDOWS, platformVersion: 10.0, proxy: Proxy(direct), rotatable: false, setWindowRect: true, strictFileInteractability: false, timeouts: {implicit: 0, pageLoad: 300000, script: 30000}, unhandledPromptBehavior: dismiss and notify}\nSession ID: c4bd6347-6429-4d5e-b15b-baef5f4e1c50</property>
</record>
<record>
  <date>2020-05-11T14:14:47</date>
  <millis>1589231687829</millis>
  <sequence>70</sequence>
  <level>START</level>
  <class>com.kms.katalon.core.logging.XmlKeywordLogger</class>
  <method>startKeyword</method>
  <thread>1</thread>
  <message>Start action : Video</message>
  <nestedLevel>1</nestedLevel>
</record>
<record>
  <date>2020-05-11T14:14:47</date>
  <millis>1589231687830</millis>
  <sequence>71</sequence>
  <level>INFO</level>
  <class>com.kms.katalon.core.logging.XmlKeywordLogger</class>
  <method>logMessage</method>
  <thread>1</thread>
  <message>Video recording for test case &amp;apos;Test Cases/Diagnosis/TC15_Canine_Filter_Diagnosis-NotSpecified&amp;apos; .</message>
  <nestedLevel>1</nestedLevel>
  <property name="attachment">C:\\Users\\radhakrishnang2\\Desktop\\DataCommons_Automation\\ICDC_Automation\\Reports\\20200511_141428\\TrialSuite\\20200511_141428/videos\\test_1.avi</property>
</record>
<record>
  <date>2020-05-11T14:14:47</date>
  <millis>1589231687830</millis>
  <sequence>72</sequence>
  <level>END</level>
  <class>com.kms.katalon.core.logging.XmlKeywordLogger</class>
  <method>endKeyword</method>
  <thread>1</thread>
  <message>End End action : Video</message>
  <nestedLevel>1</nestedLevel>
</record>
<record>
  <date>2020-05-11T14:14:47</date>
  <millis>1589231687830</millis>
  <sequence>73</sequence>
  <level>END</level>
  <class>com.kms.katalon.core.logging.XmlKeywordLogger</class>
  <method>endTest</method>
  <thread>1</thread>
  <message>End Test Case : Test Cases/Diagnosis/TC15_Canine_Filter_Diagnosis-NotSpecified</message>
  <nestedLevel>0</nestedLevel>
</record>
<record>
  <date>2020-05-11T14:14:47</date>
  <millis>1589231687838</millis>
  <sequence>74</sequence>
  <level>START</level>
  <class>com.kms.katalon.core.logging.XmlKeywordLogger</class>
  <method>startTest</method>
  <thread>1</thread>
  <message>Start Test Case : Test Cases/Diagnosis/TC16_Canine_Filter_Diagnosis-RespCarci</message>
  <nestedLevel>1</nestedLevel>
  <property name="name">Test Cases/Diagnosis/TC16_Canine_Filter_Diagnosis-RespCarci</property>
  <property name="description"></property>
  <property name="id">Test Cases/Diagnosis/TC16_Canine_Filter_Diagnosis-RespCarci</property>
  <property name="source">C:\\Users\\radhakrishnang2\\Desktop\\DataCommons_Automation\\ICDC_Automation\\Test Cases\\Diagnosis\\TC16_Canine_Filter_Diagnosis-RespCarci.tc</property>
  <property name="tag">Filter</property>
  <property name="isOptional">false</property>
</record>
<record>
  <date>2020-05-11T14:14:48</date>
  <millis>1589231688287</millis>
  <sequence>76</sequence>
  <level>START</level>
  <class>com.kms.katalon.core.logging.XmlKeywordLogger</class>
  <method>startKeyword</method>
  <thread>1</thread>
  <message>Start action : openBrowser(\&amp;quot;\&amp;quot;)</message>
  <nestedLevel>1</nestedLevel>
  <property name="startLine">41</property>
  <property name="stepIndex">1</property>
</record>
<record>
  <date>2020-05-11T14:14:48</date>
  <millis>1589231688297</millis>
  <sequence>78</sequence>
  <level>WARNING</level>
  <class>com.kms.katalon.core.logging.XmlKeywordLogger</class>
  <method>logMessage</method>
  <thread>1</thread>
  <message>A browser is already opened. Closing browser and opening a new one</message>
  <nestedLevel>1</nestedLevel>
</record>
<record>
  <date>2020-05-11T14:14:49</date>
  <millis>1589231689689</millis>
  <sequence>79</sequence>
  <level>INFO</level>
  <class>com.kms.katalon.core.logging.XmlKeywordLogger</class>
  <method>logMessage</method>
  <thread>1</thread>
  <message>Starting &amp;apos;Firefox (headless)&amp;apos; driver</message>
  <nestedLevel>1</nestedLevel>
</record>
<record>
  <date>2020-05-11T14:14:53</date>
  <millis>1589231693061</millis>
  <sequence>82</sequence>
  <level>RUN_DATA</level>
  <class>com.kms.katalon.core.logging.XmlKeywordLogger</class>
  <method>logMessage</method>
  <thread>1</thread>
  <message>sessionId = e2875d8a-773a-4cec-9d37-1fa716ecf752</message>
  <nestedLevel>1</nestedLevel>
  <property name="sessionId">e2875d8a-773a-4cec-9d37-1fa716ecf752</property>
</record>
<record>
  <date>2020-05-11T14:14:53</date>
  <millis>1589231693071</millis>
  <sequence>83</sequence>
  <level>RUN_DATA</level>
  <class>com.kms.katalon.core.logging.XmlKeywordLogger</class>
  <method>logMessage</method>
  <thread>1</thread>
  <message>browser = Firefox 68.0</message>
  <nestedLevel>1</nestedLevel>
  <property name="browser">Firefox 68.0</property>
</record>
<record>
  <date>2020-05-11T14:14:53</date>
  <millis>1589231693072</millis>
  <sequence>84</sequence>
  <level>RUN_DATA</level>
  <class>com.kms.katalon.core.logging.XmlKeywordLogger</class>
  <method>logMessage</method>
  <thread>1</thread>
  <message>platform = Windows 10</message>
  <nestedLevel>1</nestedLevel>
  <property name="platform">Windows 10</property>
</record>
<record>
  <date>2020-05-11T14:14:53</date>
  <millis>1589231693072</millis>
  <sequence>85</sequence>
  <level>RUN_DATA</level>
  <class>com.kms.katalon.core.logging.XmlKeywordLogger</class>
  <method>logMessage</method>
  <thread>1</thread>
  <message>seleniumVersion = 3.141.59</message>
  <nestedLevel>1</nestedLevel>
  <property name="seleniumVersion">3.141.59</property>
</record>
<record>
  <date>2020-05-11T14:14:53</date>
  <millis>1589231693072</millis>
  <sequence>86</sequence>
  <level>RUN_DATA</level>
  <class>com.kms.katalon.core.logging.XmlKeywordLogger</class>
  <method>logMessage</method>
  <thread>1</thread>
  <message>proxyInformation = ProxyInformation{proxyOption=NO_PROXY, proxyServerType=HTTP, password=, proxyServerAddress=, proxyServerPort=0, executionList=}</message>
  <nestedLevel>1</nestedLevel>
  <property name="proxyInformation">ProxyInformation{proxyOption=NO_PROXY, proxyServerType=HTTP, password=, proxyServerAddress=, proxyServerPort=0, executionList=}</property>
</record>
<record>
  <date>2020-05-11T14:14:53</date>
  <millis>1589231693081</millis>
  <sequence>87</sequence>
  <level>PASSED</level>
  <class>com.kms.katalon.core.logging.XmlKeywordLogger</class>
  <method>logMessage</method>
  <thread>1</thread>
  <message>Browser is opened with url: &amp;apos;&amp;apos;</message>
  <nestedLevel>1</nestedLevel>
</record>
<record>
  <date>2020-05-11T14:14:53</date>
  <millis>1589231693082</millis>
  <sequence>88</sequence>
  <level>END</level>
  <class>com.kms.katalon.core.logging.XmlKeywordLogger</class>
  <method>endKeyword</method>
  <thread>1</thread>
  <message>End action : openBrowser(\&amp;quot;\&amp;quot;)</message>
  <nestedLevel>1</nestedLevel>
</record>
<record>
  <date>2020-05-11T14:14:53</date>
  <millis>1589231693082</millis>
  <sequence>89</sequence>
  <level>START</level>
  <class>com.kms.katalon.core.logging.XmlKeywordLogger</class>
  <method>startKeyword</method>
  <thread>1</thread>
  <message>Start action : ctdc.utilities.runtestcaseforKatalon.browserDriver(\&amp;quot;\&amp;quot;)</message>
  <nestedLevel>1</nestedLevel>
  <property name="startLine">43</property>
  <property name="stepIndex">2</property>
</record>
<record>
  <date>2020-05-11T14:14:53</date>
  <millis>1589231693084</millis>
  <sequence>90</sequence>
  <level>PASSED</level>
  <class>com.kms.katalon.core.logging.XmlKeywordLogger</class>
  <method>logMessage</method>
  <thread>1</thread>
  <message>ctdc.utilities.runtestcaseforKatalon.browserDriver is PASSED</message>
  <nestedLevel>1</nestedLevel>
</record>
<record>
  <date>2020-05-11T14:14:53</date>
  <millis>1589231693084</millis>
  <sequence>91</sequence>
  <level>END</level>
  <class>com.kms.katalon.core.logging.XmlKeywordLogger</class>
  <method>endKeyword</method>
  <thread>1</thread>
  <message>End action : ctdc.utilities.runtestcaseforKatalon.browserDriver(\&amp;quot;\&amp;quot;)</message>
  <nestedLevel>1</nestedLevel>
</record>
<record>
  <date>2020-05-11T14:14:53</date>
  <millis>1589231693085</millis>
  <sequence>92</sequence>
  <level>START</level>
  <class>com.kms.katalon.core.logging.XmlKeywordLogger</class>
  <method>startKeyword</method>
  <thread>1</thread>
  <message>Start action : ctdc.utilities.runtestcaseforKatalon.RunKatalon(\&amp;quot;TC16_Canine_Filter_Diagnosis-RespCarci.xlsx\&amp;quot;)</message>
  <nestedLevel>1</nestedLevel>
  <property name="startLine">45</property>
  <property name="stepIndex">3</property>
</record>
<record>
  <date>2020-05-11T14:14:53</date>
  <millis>1589231693087</millis>
  <sequence>93</sequence>
  <level>PASSED</level>
  <class>com.kms.katalon.core.logging.XmlKeywordLogger</class>
  <method>logMessage</method>
  <thread>1</thread>
  <message>Test case file loaded This is the full filepath after converting to string :C:\\Users\\radhakrishnang2\\Desktop\\DataCommons_Automation\\ICDC_Automation\\InputFiles\\TC16_Canine_Filter_Diagnosis-RespCarci.xlsx</message>
  <nestedLevel>1</nestedLevel>
</record>
<record>
  <date>2020-05-11T14:14:53</date>
  <millis>1589231693089</millis>
  <sequence>94</sequence>
  <level>INFO</level>
  <class>com.kms.katalon.core.logging.XmlKeywordLogger</class>
  <method>logMessage</method>
  <thread>1</thread>
  <message>Global variable set for password file is :  C:\\Users\\radhakrishnang2\\Desktop\\DataCommons_Automation\\ICDC_Automation\\InputFiles\\TC16_Canine_Filter_Diagnosis-RespCarci.xlsx</message>
  <nestedLevel>1</nestedLevel>
</record>
<record>
  <date>2020-05-11T14:14:53</date>
  <millis>1589231693133</millis>
  <sequence>95</sequence>
  <level>PASSED</level>
  <class>com.kms.katalon.core.logging.XmlKeywordLogger</class>
  <method>logMessage</method>
  <thread>1</thread>
  <message>Data loaded from input file for the test case. </message>
  <nestedLevel>1</nestedLevel>
</record>
<record>
  <date>2020-05-11T14:14:57</date>
  <millis>1589231697363</millis>
  <sequence>96</sequence>
  <level>END</level>
  <class>com.kms.katalon.core.logging.XmlKeywordLogger</class>
  <method>endKeyword</method>
  <thread>1</thread>
  <message>End action : ctdc.utilities.runtestcaseforKatalon.RunKatalon(\&amp;quot;TC16_Canine_Filter_Diagnosis-RespCarci.xlsx\&amp;quot;)</message>
  <nestedLevel>1</nestedLevel>
</record>
<record>
  <date>2020-05-11T14:14:57</date>
  <millis>1589231697364</millis>
  <sequence>97</sequence>
  <level>START</level>
  <class>com.kms.katalon.core.logging.XmlKeywordLogger</class>
  <method>startKeyword</method>
  <thread>1</thread>
  <message>Start action : click(findTestObject(\&amp;quot;Object Repository/Canine/Canine_Cases_Btn\&amp;quot;))</message>
  <nestedLevel>1</nestedLevel>
  <property name="startLine">47</property>
  <property name="stepIndex">4</property>
</record>
<record>
  <date>2020-05-11T14:14:57</date>
  <millis>1589231697498</millis>
  <sequence>106</sequence>
  <level>PASSED</level>
  <class>com.kms.katalon.core.logging.XmlKeywordLogger</class>
  <method>logMessage</method>
  <thread>1</thread>
  <message>Object: &amp;apos;Object Repository/Canine/Canine_Cases_Btn&amp;apos; is clicked on</message>
  <nestedLevel>1</nestedLevel>
</record>
<record>
  <date>2020-05-11T14:14:57</date>
  <millis>1589231697499</millis>
  <sequence>107</sequence>
  <level>END</level>
  <class>com.kms.katalon.core.logging.XmlKeywordLogger</class>
  <method>endKeyword</method>
  <thread>1</thread>
  <message>End action : click(findTestObject(\&amp;quot;Object Repository/Canine/Canine_Cases_Btn\&amp;quot;))</message>
  <nestedLevel>1</nestedLevel>
</record>
<record>
  <date>2020-05-11T14:14:57</date>
  <millis>1589231697499</millis>
  <sequence>108</sequence>
  <level>START</level>
  <class>com.kms.katalon.core.logging.XmlKeywordLogger</class>
  <method>startKeyword</method>
  <thread>1</thread>
  <message>Start action : click(findTestObject(\&amp;quot;Object Repository/Canine/Filter/Diagnosis/DIAGNOSIS_Ddn\&amp;quot;))</message>
  <nestedLevel>1</nestedLevel>
  <property name="startLine">49</property>
  <property name="stepIndex">5</property>
</record>
<record>
  <date>2020-05-11T14:14:59</date>
  <millis>1589231699911</millis>
  <sequence>120</sequence>
  <level>PASSED</level>
  <class>com.kms.katalon.core.logging.XmlKeywordLogger</class>
  <method>logMessage</method>
  <thread>1</thread>
  <message>Object: &amp;apos;Object Repository/Canine/Filter/Diagnosis/DIAGNOSIS_Ddn&amp;apos; is clicked on</message>
  <nestedLevel>1</nestedLevel>
</record>
<record>
  <date>2020-05-11T14:14:59</date>
  <millis>1589231699912</millis>
  <sequence>121</sequence>
  <level>END</level>
  <class>com.kms.katalon.core.logging.XmlKeywordLogger</class>
  <method>endKeyword</method>
  <thread>1</thread>
  <message>End action : click(findTestObject(\&amp;quot;Object Repository/Canine/Filter/Diagnosis/DIAGNOSIS_Ddn\&amp;quot;))</message>
  <nestedLevel>1</nestedLevel>
</record>
<record>
  <date>2020-05-11T14:14:59</date>
  <millis>1589231699912</millis>
  <sequence>122</sequence>
  <level>START</level>
  <class>com.kms.katalon.core.logging.XmlKeywordLogger</class>
  <method>startKeyword</method>
  <thread>1</thread>
  <message>Start action : click(findTestObject(\&amp;quot;Object Repository/Canine/Filter/Diagnosis/RespiratoryCarci_Chkbx\&amp;quot;))</message>
  <nestedLevel>1</nestedLevel>
  <property name="startLine">51</property>
  <property name="stepIndex">6</property>
</record>
<record>
  <date>2020-05-11T14:15:00</date>
  <millis>1589231700537</millis>
  <sequence>131</sequence>
  <level>PASSED</level>
  <class>com.kms.katalon.core.logging.XmlKeywordLogger</class>
  <method>logMessage</method>
  <thread>1</thread>
  <message>Object: &amp;apos;Object Repository/Canine/Filter/Diagnosis/RespiratoryCarci_Chkbx&amp;apos; is clicked on</message>
  <nestedLevel>1</nestedLevel>
</record>
<record>
  <date>2020-05-11T14:15:00</date>
  <millis>1589231700537</millis>
  <sequence>132</sequence>
  <level>END</level>
  <class>com.kms.katalon.core.logging.XmlKeywordLogger</class>
  <method>endKeyword</method>
  <thread>1</thread>
  <message>End action : click(findTestObject(\&amp;quot;Object Repository/Canine/Filter/Diagnosis/RespiratoryCarci_Chkbx\&amp;quot;))</message>
  <nestedLevel>1</nestedLevel>
</record>
<record>
  <date>2020-05-11T14:15:00</date>
  <millis>1589231700538</millis>
  <sequence>133</sequence>
  <level>START</level>
  <class>com.kms.katalon.core.logging.XmlKeywordLogger</class>
  <method>startKeyword</method>
  <thread>1</thread>
  <message>Start action : ctdc.utilities.runtestcaseforKatalon.ReadCasesTableKatalon(\&amp;quot;Object Repository/Canine/Canine_CasesTable\&amp;quot;, \&amp;quot;Object Repository/Canine/Canine_TableHeader\&amp;quot;, \&amp;quot;Object Repository/Canine/Canine_NextBtn\&amp;quot;)</message>
  <nestedLevel>1</nestedLevel>
  <property name="startLine">53</property>
  <property name="stepIndex">7</property>
</record>
<record>
  <date>2020-05-11T14:15:02</date>
  <millis>1589231702137</millis>
  <sequence>153</sequence>
  <level>PASSED</level>
  <class>com.kms.katalon.core.logging.XmlKeywordLogger</class>
  <method>logMessage</method>
  <thread>1</thread>
  <message>ctdc.utilities.runtestcaseforKatalon.ReadCasesTableKatalon is PASSED</message>
  <nestedLevel>1</nestedLevel>
</record>
<record>
  <date>2020-05-11T14:15:02</date>
  <millis>1589231702139</millis>
  <sequence>154</sequence>
  <level>END</level>
  <class>com.kms.katalon.core.logging.XmlKeywordLogger</class>
  <method>endKeyword</method>
  <thread>1</thread>
  <message>End action : ctdc.utilities.runtestcaseforKatalon.ReadCasesTableKatalon(\&amp;quot;Object Repository/Canine/Canine_CasesTable\&amp;quot;, \&amp;quot;Object Repository/Canine/Canine_TableHeader\&amp;quot;, \&amp;quot;Object Repository/Canine/Canine_NextBtn\&amp;quot;)</message>
  <nestedLevel>1</nestedLevel>
</record>
<record>
  <date>2020-05-11T14:15:02</date>
  <millis>1589231702140</millis>
  <sequence>155</sequence>
  <level>START</level>
  <class>com.kms.katalon.core.logging.XmlKeywordLogger</class>
  <method>startKeyword</method>
  <thread>1</thread>
  <message>Start action : ctdc.utilities.ReadExcel.Neo4j()</message>
  <nestedLevel>1</nestedLevel>
  <property name="startLine">56</property>
  <property name="stepIndex">8</property>
</record>
<record>
  <date>2020-05-11T14:15:07</date>
  <millis>1589231707213</millis>
  <sequence>159</sequence>
  <level>PASSED</level>
  <class>com.kms.katalon.core.logging.XmlKeywordLogger</class>
  <method>logMessage</method>
  <thread>1</thread>
  <message>ctdc.utilities.ReadExcel.Neo4j is PASSED</message>
  <nestedLevel>1</nestedLevel>
</record>
<record>
  <date>2020-05-11T14:15:07</date>
  <millis>1589231707213</millis>
  <sequence>160</sequence>
  <level>END</level>
  <class>com.kms.katalon.core.logging.XmlKeywordLogger</class>
  <method>endKeyword</method>
  <thread>1</thread>
  <message>End action : ctdc.utilities.ReadExcel.Neo4j()</message>
  <nestedLevel>1</nestedLevel>
</record>
<record>
  <date>2020-05-11T14:15:07</date>
  <millis>1589231707213</millis>
  <sequence>161</sequence>
  <level>START</level>
  <class>com.kms.katalon.core.logging.XmlKeywordLogger</class>
  <method>startKeyword</method>
  <thread>1</thread>
  <message>Start action : ctdc.utilities.runtestcaseforKatalon.compareLists()</message>
  <nestedLevel>1</nestedLevel>
  <property name="startLine">58</property>
  <property name="stepIndex">9</property>
</record>
<record>
  <date>2020-05-11T14:15:07</date>
  <millis>1589231707294</millis>
  <sequence>162</sequence>
  <level>PASSED</level>
  <class>com.kms.katalon.core.logging.XmlKeywordLogger</class>
  <method>logMessage</method>
  <thread>1</thread>
  <message>ctdc.utilities.runtestcaseforKatalon.compareLists is PASSED</message>
  <nestedLevel>1</nestedLevel>
</record>
<record>
  <date>2020-05-11T14:15:07</date>
  <millis>1589231707295</millis>
  <sequence>163</sequence>
  <level>END</level>
  <class>com.kms.katalon.core.logging.XmlKeywordLogger</class>
  <method>endKeyword</method>
  <thread>1</thread>
  <message>End action : ctdc.utilities.runtestcaseforKatalon.compareLists()</message>
  <nestedLevel>1</nestedLevel>
</record>
<record>
  <date>2020-05-11T14:15:07</date>
  <millis>1589231707295</millis>
  <sequence>164</sequence>
  <level>PASSED</level>
  <class>com.kms.katalon.core.logging.XmlKeywordLogger</class>
  <method>logMessage</method>
  <thread>1</thread>
  <message>Test Cases/Diagnosis/TC16_Canine_Filter_Diagnosis-RespCarci</message>
  <nestedLevel>1</nestedLevel>
</record>
<record>
  <date>2020-05-11T14:15:09</date>
  <millis>1589231709333</millis>
  <sequence>165</sequence>
  <level>START</level>
  <class>com.kms.katalon.core.logging.XmlKeywordLogger</class>
  <method>startKeyword</method>
  <thread>1</thread>
  <message>Start action : Video</message>
  <nestedLevel>1</nestedLevel>
</record>
<record>
  <date>2020-05-11T14:15:09</date>
  <millis>1589231709333</millis>
  <sequence>166</sequence>
  <level>INFO</level>
  <class>com.kms.katalon.core.logging.XmlKeywordLogger</class>
  <method>logMessage</method>
  <thread>1</thread>
  <message>Video recording for test case &amp;apos;Test Cases/Diagnosis/TC16_Canine_Filter_Diagnosis-RespCarci&amp;apos; .</message>
  <nestedLevel>1</nestedLevel>
  <property name="attachment">C:\\Users\\radhakrishnang2\\Desktop\\DataCommons_Automation\\ICDC_Automation\\Reports\\20200511_141428\\TrialSuite\\20200511_141428/videos\\test_2.avi</property>
</record>
<record>
  <date>2020-05-11T14:15:09</date>
  <millis>1589231709334</millis>
  <sequence>167</sequence>
  <level>END</level>
  <class>com.kms.katalon.core.logging.XmlKeywordLogger</class>
  <method>endKeyword</method>
  <thread>1</thread>
  <message>End End action : Video</message>
  <nestedLevel>1</nestedLevel>
</record>
<record>
  <date>2020-05-11T14:15:09</date>
  <millis>1589231709334</millis>
  <sequence>168</sequence>
  <level>END</level>
  <class>com.kms.katalon.core.logging.XmlKeywordLogger</class>
  <method>endTest</method>
  <thread>1</thread>
  <message>End Test Case : Test Cases/Diagnosis/TC16_Canine_Filter_Diagnosis-RespCarci</message>
  <nestedLevel>0</nestedLevel>
</record>
<record>
  <date>2020-05-11T14:15:09</date>
  <millis>1589231709338</millis>
  <sequence>169</sequence>
  <level>START</level>
  <class>com.kms.katalon.core.logging.XmlKeywordLogger</class>
  <method>startTest</method>
  <thread>1</thread>
  <message>Start Test Case : Test Cases/Diagnosis/TC17_Canine_Filter_Diagnosis-RespCarciStg2</message>
  <nestedLevel>1</nestedLevel>
  <property name="name">Test Cases/Diagnosis/TC17_Canine_Filter_Diagnosis-RespCarciStg2</property>
  <property name="description"></property>
  <property name="id">Test Cases/Diagnosis/TC17_Canine_Filter_Diagnosis-RespCarciStg2</property>
  <property name="source">C:\\Users\\radhakrishnang2\\Desktop\\DataCommons_Automation\\ICDC_Automation\\Test Cases\\Diagnosis\\TC17_Canine_Filter_Diagnosis-RespCarciStg2.tc</property>
  <property name="tag">Filter</property>
  <property name="isOptional">false</property>
</record>
<record>
  <date>2020-05-11T14:15:09</date>
  <millis>1589231709775</millis>
  <sequence>171</sequence>
  <level>START</level>
  <class>com.kms.katalon.core.logging.XmlKeywordLogger</class>
  <method>startKeyword</method>
  <thread>1</thread>
  <message>Start action : openBrowser(\&amp;quot;\&amp;quot;)</message>
  <nestedLevel>1</nestedLevel>
  <property name="startLine">41</property>
  <property name="stepIndex">1</property>
</record>
<record>
  <date>2020-05-11T14:15:09</date>
  <millis>1589231709787</millis>
  <sequence>173</sequence>
  <level>WARNING</level>
  <class>com.kms.katalon.core.logging.XmlKeywordLogger</class>
  <method>logMessage</method>
  <thread>1</thread>
  <message>A browser is already opened. Closing browser and opening a new one</message>
  <nestedLevel>1</nestedLevel>
</record>
<record>
  <date>2020-05-11T14:15:11</date>
  <millis>1589231711372</millis>
  <sequence>174</sequence>
  <level>INFO</level>
  <class>com.kms.katalon.core.logging.XmlKeywordLogger</class>
  <method>logMessage</method>
  <thread>1</thread>
  <message>Starting &amp;apos;Firefox (headless)&amp;apos; driver</message>
  <nestedLevel>1</nestedLevel>
</record>
<record>
  <date>2020-05-11T14:15:14</date>
  <millis>1589231714780</millis>
  <sequence>177</sequence>
  <level>RUN_DATA</level>
  <class>com.kms.katalon.core.logging.XmlKeywordLogger</class>
  <method>logMessage</method>
  <thread>1</thread>
  <message>sessionId = 7deb55c8-1460-46a5-924d-2fc1cb2ccecd</message>
  <nestedLevel>1</nestedLevel>
  <property name="sessionId">7deb55c8-1460-46a5-924d-2fc1cb2ccecd</property>
</record>
<record>
  <date>2020-05-11T14:15:14</date>
  <millis>1589231714793</millis>
  <sequence>178</sequence>
  <level>RUN_DATA</level>
  <class>com.kms.katalon.core.logging.XmlKeywordLogger</class>
  <method>logMessage</method>
  <thread>1</thread>
  <message>browser = Firefox 68.0</message>
  <nestedLevel>1</nestedLevel>
  <property name="browser">Firefox 68.0</property>
</record>
<record>
  <date>2020-05-11T14:15:14</date>
  <millis>1589231714794</millis>
  <sequence>179</sequence>
  <level>RUN_DATA</level>
  <class>com.kms.katalon.core.logging.XmlKeywordLogger</class>
  <method>logMessage</method>
  <thread>1</thread>
  <message>platform = Windows 10</message>
  <nestedLevel>1</nestedLevel>
  <property name="platform">Windows 10</property>
</record>
<record>
  <date>2020-05-11T14:15:14</date>
  <millis>1589231714794</millis>
  <sequence>180</sequence>
  <level>RUN_DATA</level>
  <class>com.kms.katalon.core.logging.XmlKeywordLogger</class>
  <method>logMessage</method>
  <thread>1</thread>
  <message>seleniumVersion = 3.141.59</message>
  <nestedLevel>1</nestedLevel>
  <property name="seleniumVersion">3.141.59</property>
</record>
<record>
  <date>2020-05-11T14:15:14</date>
  <millis>1589231714795</millis>
  <sequence>181</sequence>
  <level>RUN_DATA</level>
  <class>com.kms.katalon.core.logging.XmlKeywordLogger</class>
  <method>logMessage</method>
  <thread>1</thread>
  <message>proxyInformation = ProxyInformation{proxyOption=NO_PROXY, proxyServerType=HTTP, password=, proxyServerAddress=, proxyServerPort=0, executionList=}</message>
  <nestedLevel>1</nestedLevel>
  <property name="proxyInformation">ProxyInformation{proxyOption=NO_PROXY, proxyServerType=HTTP, password=, proxyServerAddress=, proxyServerPort=0, executionList=}</property>
</record>
<record>
  <date>2020-05-11T14:15:14</date>
  <millis>1589231714809</millis>
  <sequence>182</sequence>
  <level>PASSED</level>
  <class>com.kms.katalon.core.logging.XmlKeywordLogger</class>
  <method>logMessage</method>
  <thread>1</thread>
  <message>Browser is opened with url: &amp;apos;&amp;apos;</message>
  <nestedLevel>1</nestedLevel>
</record>
<record>
  <date>2020-05-11T14:15:14</date>
  <millis>1589231714810</millis>
  <sequence>183</sequence>
  <level>END</level>
  <class>com.kms.katalon.core.logging.XmlKeywordLogger</class>
  <method>endKeyword</method>
  <thread>1</thread>
  <message>End action : openBrowser(\&amp;quot;\&amp;quot;)</message>
  <nestedLevel>1</nestedLevel>
</record>
<record>
  <date>2020-05-11T14:15:14</date>
  <millis>1589231714810</millis>
  <sequence>184</sequence>
  <level>START</level>
  <class>com.kms.katalon.core.logging.XmlKeywordLogger</class>
  <method>startKeyword</method>
  <thread>1</thread>
  <message>Start action : ctdc.utilities.runtestcaseforKatalon.browserDriver(\&amp;quot;\&amp;quot;)</message>
  <nestedLevel>1</nestedLevel>
  <property name="startLine">43</property>
  <property name="stepIndex">2</property>
</record>
<record>
  <date>2020-05-11T14:15:14</date>
  <millis>1589231714813</millis>
  <sequence>185</sequence>
  <level>PASSED</level>
  <class>com.kms.katalon.core.logging.XmlKeywordLogger</class>
  <method>logMessage</method>
  <thread>1</thread>
  <message>ctdc.utilities.runtestcaseforKatalon.browserDriver is PASSED</message>
  <nestedLevel>1</nestedLevel>
</record>
<record>
  <date>2020-05-11T14:15:14</date>
  <millis>1589231714814</millis>
  <sequence>186</sequence>
  <level>END</level>
  <class>com.kms.katalon.core.logging.XmlKeywordLogger</class>
  <method>endKeyword</method>
  <thread>1</thread>
  <message>End action : ctdc.utilities.runtestcaseforKatalon.browserDriver(\&amp;quot;\&amp;quot;)</message>
  <nestedLevel>1</nestedLevel>
</record>
<record>
  <date>2020-05-11T14:15:14</date>
  <millis>1589231714814</millis>
  <sequence>187</sequence>
  <level>START</level>
  <class>com.kms.katalon.core.logging.XmlKeywordLogger</class>
  <method>startKeyword</method>
  <thread>1</thread>
  <message>Start action : ctdc.utilities.runtestcaseforKatalon.RunKatalon(\&amp;quot;TC17_Canine_Filter_Diagnosis-RespCarciStg2.xlsx\&amp;quot;)</message>
  <nestedLevel>1</nestedLevel>
  <property name="startLine">45</property>
  <property name="stepIndex">3</property>
</record>
<record>
  <date>2020-05-11T14:15:14</date>
  <millis>1589231714817</millis>
  <sequence>188</sequence>
  <level>PASSED</level>
  <class>com.kms.katalon.core.logging.XmlKeywordLogger</class>
  <method>logMessage</method>
  <thread>1</thread>
  <message>Test case file loaded This is the full filepath after converting to string :C:\\Users\\radhakrishnang2\\Desktop\\DataCommons_Automation\\ICDC_Automation\\InputFiles\\TC17_Canine_Filter_Diagnosis-RespCarciStg2.xlsx</message>
  <nestedLevel>1</nestedLevel>
</record>
<record>
  <date>2020-05-11T14:15:14</date>
  <millis>1589231714817</millis>
  <sequence>189</sequence>
  <level>INFO</level>
  <class>com.kms.katalon.core.logging.XmlKeywordLogger</class>
  <method>logMessage</method>
  <thread>1</thread>
  <message>Global variable set for password file is :  C:\\Users\\radhakrishnang2\\Desktop\\DataCommons_Automation\\ICDC_Automation\\InputFiles\\TC17_Canine_Filter_Diagnosis-RespCarciStg2.xlsx</message>
  <nestedLevel>1</nestedLevel>
</record>
<record>
  <date>2020-05-11T14:15:14</date>
  <millis>1589231714856</millis>
  <sequence>190</sequence>
  <level>PASSED</level>
  <class>com.kms.katalon.core.logging.XmlKeywordLogger</class>
  <method>logMessage</method>
  <thread>1</thread>
  <message>Data loaded from input file for the test case. </message>
  <nestedLevel>1</nestedLevel>
</record>
<record>
  <date>2020-05-11T14:15:19</date>
  <millis>1589231719400</millis>
  <sequence>191</sequence>
  <level>END</level>
  <class>com.kms.katalon.core.logging.XmlKeywordLogger</class>
  <method>endKeyword</method>
  <thread>1</thread>
  <message>End action : ctdc.utilities.runtestcaseforKatalon.RunKatalon(\&amp;quot;TC17_Canine_Filter_Diagnosis-RespCarciStg2.xlsx\&amp;quot;)</message>
  <nestedLevel>1</nestedLevel>
</record>
<record>
  <date>2020-05-11T14:15:19</date>
  <millis>1589231719400</millis>
  <sequence>192</sequence>
  <level>START</level>
  <class>com.kms.katalon.core.logging.XmlKeywordLogger</class>
  <method>startKeyword</method>
  <thread>1</thread>
  <message>Start action : click(findTestObject(\&amp;quot;Object Repository/Canine/Canine_Cases_Btn\&amp;quot;))</message>
  <nestedLevel>1</nestedLevel>
  <property name="startLine">47</property>
  <property name="stepIndex">4</property>
</record>
<record>
  <date>2020-05-11T14:15:19</date>
  <millis>1589231719541</millis>
  <sequence>201</sequence>
  <level>PASSED</level>
  <class>com.kms.katalon.core.logging.XmlKeywordLogger</class>
  <method>logMessage</method>
  <thread>1</thread>
  <message>Object: &amp;apos;Object Repository/Canine/Canine_Cases_Btn&amp;apos; is clicked on</message>
  <nestedLevel>1</nestedLevel>
</record>
<record>
  <date>2020-05-11T14:15:19</date>
  <millis>1589231719542</millis>
  <sequence>202</sequence>
  <level>END</level>
  <class>com.kms.katalon.core.logging.XmlKeywordLogger</class>
  <method>endKeyword</method>
  <thread>1</thread>
  <message>End action : click(findTestObject(\&amp;quot;Object Repository/Canine/Canine_Cases_Btn\&amp;quot;))</message>
  <nestedLevel>1</nestedLevel>
</record>
<record>
  <date>2020-05-11T14:15:19</date>
  <millis>1589231719542</millis>
  <sequence>203</sequence>
  <level>START</level>
  <class>com.kms.katalon.core.logging.XmlKeywordLogger</class>
  <method>startKeyword</method>
  <thread>1</thread>
  <message>Start action : click(findTestObject(\&amp;quot;Object Repository/Canine/Filter/Diagnosis/DIAGNOSIS_Ddn\&amp;quot;))</message>
  <nestedLevel>1</nestedLevel>
  <property name="startLine">49</property>
  <property name="stepIndex">5</property>
</record>
<record>
  <date>2020-05-11T14:15:21</date>
  <millis>1589231721639</millis>
  <sequence>214</sequence>
  <level>PASSED</level>
  <class>com.kms.katalon.core.logging.XmlKeywordLogger</class>
  <method>logMessage</method>
  <thread>1</thread>
  <message>Object: &amp;apos;Object Repository/Canine/Filter/Diagnosis/DIAGNOSIS_Ddn&amp;apos; is clicked on</message>
  <nestedLevel>1</nestedLevel>
</record>
<record>
  <date>2020-05-11T14:15:21</date>
  <millis>1589231721641</millis>
  <sequence>215</sequence>
  <level>END</level>
  <class>com.kms.katalon.core.logging.XmlKeywordLogger</class>
  <method>endKeyword</method>
  <thread>1</thread>
  <message>End action : click(findTestObject(\&amp;quot;Object Repository/Canine/Filter/Diagnosis/DIAGNOSIS_Ddn\&amp;quot;))</message>
  <nestedLevel>1</nestedLevel>
</record>
<record>
  <date>2020-05-11T14:15:21</date>
  <millis>1589231721642</millis>
  <sequence>216</sequence>
  <level>START</level>
  <class>com.kms.katalon.core.logging.XmlKeywordLogger</class>
  <method>startKeyword</method>
  <thread>1</thread>
  <message>Start action : click(findTestObject(\&amp;quot;Object Repository/Canine/Filter/Diagnosis/RespiratoryCarciStg2_Chkbx\&amp;quot;))</message>
  <nestedLevel>1</nestedLevel>
  <property name="startLine">51</property>
  <property name="stepIndex">6</property>
</record>
<record>
  <date>2020-05-11T14:15:22</date>
  <millis>1589231722310</millis>
  <sequence>225</sequence>
  <level>PASSED</level>
  <class>com.kms.katalon.core.logging.XmlKeywordLogger</class>
  <method>logMessage</method>
  <thread>1</thread>
  <message>Object: &amp;apos;Object Repository/Canine/Filter/Diagnosis/RespiratoryCarciStg2_Chkbx&amp;apos; is clicked on</message>
  <nestedLevel>1</nestedLevel>
</record>
<record>
  <date>2020-05-11T14:15:22</date>
  <millis>1589231722311</millis>
  <sequence>226</sequence>
  <level>END</level>
  <class>com.kms.katalon.core.logging.XmlKeywordLogger</class>
  <method>endKeyword</method>
  <thread>1</thread>
  <message>End action : click(findTestObject(\&amp;quot;Object Repository/Canine/Filter/Diagnosis/RespiratoryCarciStg2_Chkbx\&amp;quot;))</message>
  <nestedLevel>1</nestedLevel>
</record>
<record>
  <date>2020-05-11T14:15:22</date>
  <millis>1589231722311</millis>
  <sequence>227</sequence>
  <level>START</level>
  <class>com.kms.katalon.core.logging.XmlKeywordLogger</class>
  <method>startKeyword</method>
  <thread>1</thread>
  <message>Start action : ctdc.utilities.runtestcaseforKatalon.ReadCasesTableKatalon(\&amp;quot;Object Repository/Canine/Canine_CasesTable\&amp;quot;, \&amp;quot;Object Repository/Canine/Canine_TableHeader\&amp;quot;, \&amp;quot;Object Repository/Canine/Canine_NextBtn\&amp;quot;)</message>
  <nestedLevel>1</nestedLevel>
  <property name="startLine">53</property>
  <property name="stepIndex">7</property>
</record>
<record>
  <date>2020-05-11T14:15:23</date>
  <millis>1589231723878</millis>
  <sequence>256</sequence>
  <level>PASSED</level>
  <class>com.kms.katalon.core.logging.XmlKeywordLogger</class>
  <method>logMessage</method>
  <thread>1</thread>
  <message>ctdc.utilities.runtestcaseforKatalon.ReadCasesTableKatalon is PASSED</message>
  <nestedLevel>1</nestedLevel>
</record>
<record>
  <date>2020-05-11T14:15:23</date>
  <millis>1589231723879</millis>
  <sequence>257</sequence>
  <level>END</level>
  <class>com.kms.katalon.core.logging.XmlKeywordLogger</class>
  <method>endKeyword</method>
  <thread>1</thread>
  <message>End action : ctdc.utilities.runtestcaseforKatalon.ReadCasesTableKatalon(\&amp;quot;Object Repository/Canine/Canine_CasesTable\&amp;quot;, \&amp;quot;Object Repository/Canine/Canine_TableHeader\&amp;quot;, \&amp;quot;Object Repository/Canine/Canine_NextBtn\&amp;quot;)</message>
  <nestedLevel>1</nestedLevel>
</record>
<record>
  <date>2020-05-11T14:15:23</date>
  <millis>1589231723879</millis>
  <sequence>258</sequence>
  <level>START</level>
  <class>com.kms.katalon.core.logging.XmlKeywordLogger</class>
  <method>startKeyword</method>
  <thread>1</thread>
  <message>Start action : ctdc.utilities.ReadExcel.Neo4j()</message>
  <nestedLevel>1</nestedLevel>
  <property name="startLine">56</property>
  <property name="stepIndex">8</property>
</record>
<record>
  <date>2020-05-11T14:15:27</date>
  <millis>1589231727448</millis>
  <sequence>262</sequence>
  <level>PASSED</level>
  <class>com.kms.katalon.core.logging.XmlKeywordLogger</class>
  <method>logMessage</method>
  <thread>1</thread>
  <message>ctdc.utilities.ReadExcel.Neo4j is PASSED</message>
  <nestedLevel>1</nestedLevel>
</record>
<record>
  <date>2020-05-11T14:15:27</date>
  <millis>1589231727449</millis>
  <sequence>263</sequence>
  <level>END</level>
  <class>com.kms.katalon.core.logging.XmlKeywordLogger</class>
  <method>endKeyword</method>
  <thread>1</thread>
  <message>End action : ctdc.utilities.ReadExcel.Neo4j()</message>
  <nestedLevel>1</nestedLevel>
</record>
<record>
  <date>2020-05-11T14:15:27</date>
  <millis>1589231727450</millis>
  <sequence>264</sequence>
  <level>START</level>
  <class>com.kms.katalon.core.logging.XmlKeywordLogger</class>
  <method>startKeyword</method>
  <thread>1</thread>
  <message>Start action : ctdc.utilities.runtestcaseforKatalon.compareLists()</message>
  <nestedLevel>1</nestedLevel>
  <property name="startLine">58</property>
  <property name="stepIndex">9</property>
</record>
<record>
  <date>2020-05-11T14:15:27</date>
  <millis>1589231727523</millis>
  <sequence>265</sequence>
  <level>PASSED</level>
  <class>com.kms.katalon.core.logging.XmlKeywordLogger</class>
  <method>logMessage</method>
  <thread>1</thread>
  <message>ctdc.utilities.runtestcaseforKatalon.compareLists is PASSED</message>
  <nestedLevel>1</nestedLevel>
</record>
<record>
  <date>2020-05-11T14:15:27</date>
  <millis>1589231727524</millis>
  <sequence>266</sequence>
  <level>END</level>
  <class>com.kms.katalon.core.logging.XmlKeywordLogger</class>
  <method>endKeyword</method>
  <thread>1</thread>
  <message>End action : ctdc.utilities.runtestcaseforKatalon.compareLists()</message>
  <nestedLevel>1</nestedLevel>
</record>
<record>
  <date>2020-05-11T14:15:27</date>
  <millis>1589231727524</millis>
  <sequence>267</sequence>
  <level>PASSED</level>
  <class>com.kms.katalon.core.logging.XmlKeywordLogger</class>
  <method>logMessage</method>
  <thread>1</thread>
  <message>Test Cases/Diagnosis/TC17_Canine_Filter_Diagnosis-RespCarciStg2</message>
  <nestedLevel>1</nestedLevel>
</record>
<record>
  <date>2020-05-11T14:15:29</date>
  <millis>1589231729670</millis>
  <sequence>268</sequence>
  <level>START</level>
  <class>com.kms.katalon.core.logging.XmlKeywordLogger</class>
  <method>startKeyword</method>
  <thread>1</thread>
  <message>Start action : Video</message>
  <nestedLevel>1</nestedLevel>
</record>
<record>
  <date>2020-05-11T14:15:29</date>
  <millis>1589231729671</millis>
  <sequence>269</sequence>
  <level>INFO</level>
  <class>com.kms.katalon.core.logging.XmlKeywordLogger</class>
  <method>logMessage</method>
  <thread>1</thread>
  <message>Video recording for test case &amp;apos;Test Cases/Diagnosis/TC17_Canine_Filter_Diagnosis-RespCarciStg2&amp;apos; .</message>
  <nestedLevel>1</nestedLevel>
  <property name="attachment">C:\\Users\\radhakrishnang2\\Desktop\\DataCommons_Automation\\ICDC_Automation\\Reports\\20200511_141428\\TrialSuite\\20200511_141428/videos\\test_3.avi</property>
</record>
<record>
  <date>2020-05-11T14:15:29</date>
  <millis>1589231729671</millis>
  <sequence>270</sequence>
  <level>END</level>
  <class>com.kms.katalon.core.logging.XmlKeywordLogger</class>
  <method>endKeyword</method>
  <thread>1</thread>
  <message>End End action : Video</message>
  <nestedLevel>1</nestedLevel>
</record>
<record>
  <date>2020-05-11T14:15:29</date>
  <millis>1589231729672</millis>
  <sequence>271</sequence>
  <level>END</level>
  <class>com.kms.katalon.core.logging.XmlKeywordLogger</class>
  <method>endTest</method>
  <thread>1</thread>
  <message>End Test Case : Test Cases/Diagnosis/TC17_Canine_Filter_Diagnosis-RespCarciStg2</message>
  <nestedLevel>0</nestedLevel>
</record>
<record>
  <date>2020-05-11T14:15:31</date>
  <millis>1589231731631</millis>
  <sequence>272</sequence>
  <level>END</level>
  <class>com.kms.katalon.core.logging.XmlKeywordLogger</class>
  <method>endSuite</method>
  <thread>1</thread>
  <message>End Test Suite : Test Suites/TrialSuite</message>
  <nestedLevel>0</nestedLevel>
</record>
</log>
