<?xml version="1.0" encoding="UTF-8" standalone="no"?>
<!DOCTYPE log SYSTEM "logger.dtd">
<log>
<record>
  <date>2022-05-23T15:07:55</date>
  <millis>1653332875558</millis>
  <sequence>0</sequence>
  <level>START</level>
  <class>com.kms.katalon.core.logging.XmlKeywordLogger</class>
  <method>startSuite</method>
  <thread>1</thread>
  <message>Start Test Suite : Test Suites/ICDC_QuickRun</message>
  <nestedLevel>0</nestedLevel>
  <escapedJava>false</escapedJava>
  <property name="rerunTestFailImmediately">false</property>
  <property name="retryCount">0</property>
  <property name="name">ICDC_QuickRun</property>
  <property name="description"></property>
  <property name="id">Test Suites/ICDC_QuickRun</property>
</record>
<record>
  <date>2022-05-23T15:07:55</date>
  <millis>1653332875575</millis>
  <sequence>1</sequence>
  <level>RUN_DATA</level>
  <class>com.kms.katalon.core.logging.XmlKeywordLogger</class>
  <method>logMessage</method>
  <thread>1</thread>
  <message>hostName = sohilz2 - host.docker.internal</message>
  <nestedLevel>0</nestedLevel>
  <escapedJava>false</escapedJava>
  <property name="hostName">sohilz2 - host.docker.internal</property>
</record>
<record>
  <date>2022-05-23T15:07:55</date>
  <millis>1653332875575</millis>
  <sequence>2</sequence>
  <level>RUN_DATA</level>
  <class>com.kms.katalon.core.logging.XmlKeywordLogger</class>
  <method>logMessage</method>
  <thread>1</thread>
  <message>os = Windows 10 64bit</message>
  <nestedLevel>0</nestedLevel>
  <escapedJava>false</escapedJava>
  <property name="os">Windows 10 64bit</property>
</record>
<record>
  <date>2022-05-23T15:07:55</date>
  <millis>1653332875576</millis>
  <sequence>3</sequence>
  <level>RUN_DATA</level>
  <class>com.kms.katalon.core.logging.XmlKeywordLogger</class>
  <method>logMessage</method>
  <thread>1</thread>
  <message>hostAddress = 192.168.0.86</message>
  <nestedLevel>0</nestedLevel>
  <escapedJava>false</escapedJava>
  <property name="hostAddress">192.168.0.86</property>
</record>
<record>
  <date>2022-05-23T15:07:55</date>
  <millis>1653332875576</millis>
  <sequence>4</sequence>
  <level>RUN_DATA</level>
  <class>com.kms.katalon.core.logging.XmlKeywordLogger</class>
  <method>logMessage</method>
  <thread>1</thread>
  <message>katalonVersion = 8.2.0.208</message>
  <nestedLevel>0</nestedLevel>
  <escapedJava>false</escapedJava>
  <property name="katalonVersion">8.2.0.208</property>
</record>
<record>
  <date>2022-05-23T15:07:57</date>
  <millis>1653332877580</millis>
  <sequence>5</sequence>
  <level>START</level>
  <class>com.kms.katalon.core.logging.XmlKeywordLogger</class>
  <method>startTest</method>
  <thread>1</thread>
  <message>Start Test Case : Test Cases/Canine_TestCases/Breed/TC01_Canine_Filter_Breed-Akita</message>
  <nestedLevel>1</nestedLevel>
  <escapedJava>false</escapedJava>
  <property name="name">Test Cases/Canine_TestCases/Breed/TC01_Canine_Filter_Breed-Akita</property>
  <property name="description"></property>
  <property name="id">Test Cases/Canine_TestCases/Breed/TC01_Canine_Filter_Breed-Akita</property>
  <property name="source">C:\Users\sohilz2\Documents\GitHub\Commons_Automation\Test Cases\Canine_TestCases\Breed\TC01_Canine_Filter_Breed-Akita.tc</property>
  <property name="tag">Filter</property>
  <property name="isOptional">false</property>
</record>
<record>
  <date>2022-05-23T15:07:57</date>
  <millis>1653332877629</millis>
  <sequence>7</sequence>
  <level>START</level>
  <class>com.kms.katalon.core.logging.XmlKeywordLogger</class>
  <method>startKeyword</method>
  <thread>1</thread>
  <message>Start listener action : getTestScriptName</message>
  <nestedLevel>1</nestedLevel>
  <escapedJava>false</escapedJava>
</record>
<record>
  <date>2022-05-23T15:07:57</date>
  <millis>1653332877650</millis>
  <sequence>9</sequence>
  <level>START</level>
  <class>com.kms.katalon.core.logging.XmlKeywordLogger</class>
  <method>startKeyword</method>
  <thread>1</thread>
  <message>Start action : TestCaseId = testCaseContext.getTestCaseId()</message>
  <nestedLevel>1</nestedLevel>
  <escapedJava>false</escapedJava>
  <property name="startLine">36</property>
  <property name="stepIndex">1</property>
</record>
<record>
  <date>2022-05-23T15:07:57</date>
  <millis>1653332877663</millis>
  <sequence>10</sequence>
  <level>END</level>
  <class>com.kms.katalon.core.logging.XmlKeywordLogger</class>
  <method>endKeyword</method>
  <thread>1</thread>
  <message>End action : TestCaseId = testCaseContext.getTestCaseId()</message>
  <nestedLevel>1</nestedLevel>
  <escapedJava>false</escapedJava>
</record>
<record>
  <date>2022-05-23T15:07:57</date>
  <millis>1653332877665</millis>
  <sequence>11</sequence>
  <level>START</level>
  <class>com.kms.katalon.core.logging.XmlKeywordLogger</class>
  <method>startKeyword</method>
  <thread>1</thread>
  <message>Start action : G_currentTCName = TestCaseId.substring(TestCaseId.lastIndexOf(&amp;quot;TC&amp;quot;))</message>
  <nestedLevel>1</nestedLevel>
  <escapedJava>false</escapedJava>
  <property name="startLine">38</property>
  <property name="stepIndex">2</property>
</record>
<record>
  <date>2022-05-23T15:07:57</date>
  <millis>1653332877669</millis>
  <sequence>12</sequence>
  <level>END</level>
  <class>com.kms.katalon.core.logging.XmlKeywordLogger</class>
  <method>endKeyword</method>
  <thread>1</thread>
  <message>End action : G_currentTCName = TestCaseId.substring(TestCaseId.lastIndexOf(&amp;quot;TC&amp;quot;))</message>
  <nestedLevel>1</nestedLevel>
  <escapedJava>false</escapedJava>
</record>
<record>
  <date>2022-05-23T15:07:57</date>
  <millis>1653332877672</millis>
  <sequence>13</sequence>
  <level>START</level>
  <class>com.kms.katalon.core.logging.XmlKeywordLogger</class>
  <method>startKeyword</method>
  <thread>1</thread>
  <message>Start action : out.println(&amp;quot;This is the test case name: &amp;quot; + G_currentTCName)</message>
  <nestedLevel>1</nestedLevel>
  <escapedJava>false</escapedJava>
  <property name="startLine">40</property>
  <property name="stepIndex">3</property>
</record>
<record>
  <date>2022-05-23T15:07:57</date>
  <millis>1653332877715</millis>
  <sequence>15</sequence>
  <level>END</level>
  <class>com.kms.katalon.core.logging.XmlKeywordLogger</class>
  <method>endKeyword</method>
  <thread>1</thread>
  <message>End action : out.println(&amp;quot;This is the test case name: &amp;quot; + G_currentTCName)</message>
  <nestedLevel>1</nestedLevel>
  <escapedJava>false</escapedJava>
</record>
<record>
  <date>2022-05-23T15:07:57</date>
  <millis>1653332877716</millis>
  <sequence>16</sequence>
  <level>END</level>
  <class>com.kms.katalon.core.logging.XmlKeywordLogger</class>
  <method>endKeyword</method>
  <thread>1</thread>
  <message>End listener action : getTestScriptName</message>
  <nestedLevel>1</nestedLevel>
  <escapedJava>false</escapedJava>
</record>
<record>
  <date>2022-05-23T15:07:58</date>
  <millis>1653332878404</millis>
  <sequence>17</sequence>
  <level>START</level>
  <class>com.kms.katalon.core.logging.XmlKeywordLogger</class>
  <method>startKeyword</method>
  <thread>1</thread>
  <message>Start action : closeBrowser()</message>
  <nestedLevel>1</nestedLevel>
  <escapedJava>false</escapedJava>
  <property name="startLine">48</property>
  <property name="stepIndex">1</property>
</record>
<record>
  <date>2022-05-23T15:07:58</date>
  <millis>1653332878708</millis>
  <sequence>19</sequence>
  <level>PASSED</level>
  <class>com.kms.katalon.core.logging.XmlKeywordLogger</class>
  <method>logMessage</method>
  <thread>1</thread>
  <message>Browser is closed</message>
  <nestedLevel>1</nestedLevel>
  <escapedJava>false</escapedJava>
  <property name="testops-method-name">com.kms.katalon.core.webui.keyword.builtin.CloseBrowserKeyword.closeBrowser</property>
  <property name="testops-execution-stacktrace"></property>
</record>
<record>
  <date>2022-05-23T15:07:58</date>
  <millis>1653332878709</millis>
  <sequence>20</sequence>
  <level>END</level>
  <class>com.kms.katalon.core.logging.XmlKeywordLogger</class>
  <method>endKeyword</method>
  <thread>1</thread>
  <message>End action : closeBrowser()</message>
  <nestedLevel>1</nestedLevel>
  <escapedJava>false</escapedJava>
</record>
<record>
  <date>2022-05-23T15:07:58</date>
  <millis>1653332878709</millis>
  <sequence>21</sequence>
  <level>START</level>
  <class>com.kms.katalon.core.logging.XmlKeywordLogger</class>
  <method>startKeyword</method>
  <thread>1</thread>
  <message>Start action : ctdc.utilities.runtestcaseforKatalon.RunKatalon(&amp;quot;TC01_Canine_Filter_Breed-Akita.xlsx&amp;quot;)</message>
  <nestedLevel>1</nestedLevel>
  <escapedJava>false</escapedJava>
  <property name="startLine">52</property>
  <property name="stepIndex">2</property>
</record>
<record>
  <date>2022-05-23T15:07:58</date>
  <millis>1653332878763</millis>
  <sequence>23</sequence>
  <level>PASSED</level>
  <class>com.kms.katalon.core.logging.XmlKeywordLogger</class>
  <method>logMessage</method>
  <thread>1</thread>
  <message>Test case file loaded This is the full filepath after converting to string :C:\Users\sohilz2\Documents\GitHub\Commons_Automation\InputFiles\TC01_Canine_Filter_Breed-Akita.xlsx</message>
  <nestedLevel>1</nestedLevel>
  <escapedJava>false</escapedJava>
  <property name="testops-execution-stacktrace">com.kms.katalon.core.logging.KeywordLogger.logPassed(KeywordLogger.java:330)
com.kms.katalon.core.logging.KeywordLogger.logPassed(KeywordLogger.java:324)
com.kms.katalon.core.util.KeywordUtil.markPassed(KeywordUtil.java:55)
com.kms.katalon.core.util.KeywordUtil$markPassed.call(Unknown Source)
ctdc.utilities.runtestcaseforKatalon.RunKatalon(runtestcaseforKatalon.groovy:65)
ctdc.utilities.runtestcaseforKatalon.invokeMethod(runtestcaseforKatalon.groovy)
com.kms.katalon.core.main.CustomKeywordDelegatingMetaClass.invokeStaticMethod(CustomKeywordDelegatingMetaClass.java:50)
TC01_Canine_Filter_Breed-Akita.run(TC01_Canine_Filter_Breed-Akita:52)
</property>
</record>
<record>
  <date>2022-05-23T15:07:58</date>
  <millis>1653332878764</millis>
  <sequence>24</sequence>
  <level>INFO</level>
  <class>com.kms.katalon.core.logging.XmlKeywordLogger</class>
  <method>logMessage</method>
  <thread>1</thread>
  <message>Global variable set for password file is :  C:\Users\sohilz2\Documents\GitHub\Commons_Automation\InputFiles\TC01_Canine_Filter_Breed-Akita.xlsx</message>
  <nestedLevel>1</nestedLevel>
  <escapedJava>false</escapedJava>
</record>
<record>
  <date>2022-05-23T15:08:03</date>
  <millis>1653332883494</millis>
  <sequence>26</sequence>
  <level>PASSED</level>
  <class>com.kms.katalon.core.logging.XmlKeywordLogger</class>
  <method>logMessage</method>
  <thread>1</thread>
  <message>Data loaded from input file for the test case. </message>
  <nestedLevel>1</nestedLevel>
  <escapedJava>false</escapedJava>
  <property name="testops-execution-stacktrace">com.kms.katalon.core.logging.KeywordLogger.logPassed(KeywordLogger.java:330)
com.kms.katalon.core.logging.KeywordLogger.logPassed(KeywordLogger.java:324)
com.kms.katalon.core.util.KeywordUtil.markPassed(KeywordUtil.java:55)
com.kms.katalon.core.util.KeywordUtil$markPassed.call(Unknown Source)
ctdc.utilities.runtestcaseforKatalon.RunKatalon(runtestcaseforKatalon.groovy:101)
ctdc.utilities.runtestcaseforKatalon.invokeMethod(runtestcaseforKatalon.groovy)
com.kms.katalon.core.main.CustomKeywordDelegatingMetaClass.invokeStaticMethod(CustomKeywordDelegatingMetaClass.java:50)
TC01_Canine_Filter_Breed-Akita.run(TC01_Canine_Filter_Breed-Akita:52)
</property>
</record>
<record>
  <date>2022-05-23T15:08:06</date>
  <millis>1653332886448</millis>
  <sequence>28</sequence>
  <level>RUN_DATA</level>
  <class>com.kms.katalon.core.logging.XmlKeywordLogger</class>
  <method>logMessage</method>
  <thread>1</thread>
  <message>sessionId = e739e824c2027859d563d83b441da812</message>
  <nestedLevel>1</nestedLevel>
  <escapedJava>false</escapedJava>
  <property name="sessionId">e739e824c2027859d563d83b441da812</property>
</record>
<record>
  <date>2022-05-23T15:08:06</date>
  <millis>1653332886468</millis>
  <sequence>29</sequence>
  <level>RUN_DATA</level>
  <class>com.kms.katalon.core.logging.XmlKeywordLogger</class>
  <method>logMessage</method>
  <thread>1</thread>
  <message>browser = Chrome 101.0.4951.67</message>
  <nestedLevel>1</nestedLevel>
  <escapedJava>false</escapedJava>
  <property name="browser">Chrome 101.0.4951.67</property>
</record>
<record>
  <date>2022-05-23T15:08:06</date>
  <millis>1653332886468</millis>
  <sequence>30</sequence>
  <level>RUN_DATA</level>
  <class>com.kms.katalon.core.logging.XmlKeywordLogger</class>
  <method>logMessage</method>
  <thread>1</thread>
  <message>platform = Windows 10</message>
  <nestedLevel>1</nestedLevel>
  <escapedJava>false</escapedJava>
  <property name="platform">Windows 10</property>
</record>
<record>
  <date>2022-05-23T15:08:06</date>
  <millis>1653332886468</millis>
  <sequence>31</sequence>
  <level>RUN_DATA</level>
  <class>com.kms.katalon.core.logging.XmlKeywordLogger</class>
  <method>logMessage</method>
  <thread>1</thread>
  <message>seleniumVersion = 3.141.59</message>
  <nestedLevel>1</nestedLevel>
  <escapedJava>false</escapedJava>
  <property name="seleniumVersion">3.141.59</property>
</record>
<record>
  <date>2022-05-23T15:08:06</date>
  <millis>1653332886469</millis>
  <sequence>32</sequence>
  <level>RUN_DATA</level>
  <class>com.kms.katalon.core.logging.XmlKeywordLogger</class>
  <method>logMessage</method>
  <thread>1</thread>
  <message>proxyInformation = ProxyInformation { proxyOption=NO_PROXY, proxyServerType=HTTP, username=, password=********, proxyServerAddress=, proxyServerPort=0, executionList=&amp;quot;&amp;quot;, isApplyToDesiredCapabilities=true }</message>
  <nestedLevel>1</nestedLevel>
  <escapedJava>false</escapedJava>
  <property name="proxyInformation">ProxyInformation { proxyOption=NO_PROXY, proxyServerType=HTTP, username=, password=********, proxyServerAddress=, proxyServerPort=0, executionList=&quot;&quot;, isApplyToDesiredCapabilities=true }</property>
</record>
<record>
  <date>2022-05-23T15:08:15</date>
  <millis>1653332895264</millis>
  <sequence>33</sequence>
  <level>END</level>
  <class>com.kms.katalon.core.logging.XmlKeywordLogger</class>
  <method>endKeyword</method>
  <thread>1</thread>
  <message>End action : ctdc.utilities.runtestcaseforKatalon.RunKatalon(&amp;quot;TC01_Canine_Filter_Breed-Akita.xlsx&amp;quot;)</message>
  <nestedLevel>1</nestedLevel>
  <escapedJava>false</escapedJava>
</record>
<record>
  <date>2022-05-23T15:08:15</date>
  <millis>1653332895265</millis>
  <sequence>34</sequence>
  <level>START</level>
  <class>com.kms.katalon.core.logging.XmlKeywordLogger</class>
  <method>startKeyword</method>
  <thread>1</thread>
  <message>Start action : ctdc.utilities.runtestcaseforKatalon.clickTab(&amp;quot;Object Repository/Canine/Canine_PopUp_Continue_Btn&amp;quot;)</message>
  <nestedLevel>1</nestedLevel>
  <escapedJava>false</escapedJava>
  <property name="startLine">54</property>
  <property name="stepIndex">3</property>
</record>
<record>
  <date>2022-05-23T15:08:15</date>
  <millis>1653332895493</millis>
  <sequence>36</sequence>
  <level>PASSED</level>
  <class>com.kms.katalon.core.logging.XmlKeywordLogger</class>
  <method>logMessage</method>
  <thread>1</thread>
  <message>ctdc.utilities.runtestcaseforKatalon.clickTab is PASSED</message>
  <nestedLevel>1</nestedLevel>
  <escapedJava>false</escapedJava>
</record>
<record>
  <date>2022-05-23T15:08:15</date>
  <millis>1653332895493</millis>
  <sequence>37</sequence>
  <level>END</level>
  <class>com.kms.katalon.core.logging.XmlKeywordLogger</class>
  <method>endKeyword</method>
  <thread>1</thread>
  <message>End action : ctdc.utilities.runtestcaseforKatalon.clickTab(&amp;quot;Object Repository/Canine/Canine_PopUp_Continue_Btn&amp;quot;)</message>
  <nestedLevel>1</nestedLevel>
  <escapedJava>false</escapedJava>
</record>
<record>
  <date>2022-05-23T15:08:15</date>
  <millis>1653332895494</millis>
  <sequence>38</sequence>
  <level>START</level>
  <class>com.kms.katalon.core.logging.XmlKeywordLogger</class>
  <method>startKeyword</method>
  <thread>1</thread>
  <message>Start action : out.println(&amp;quot;Closed the popup window&amp;quot;)</message>
  <nestedLevel>1</nestedLevel>
  <escapedJava>false</escapedJava>
  <property name="startLine">55</property>
  <property name="stepIndex">4</property>
</record>
<record>
  <date>2022-05-23T15:08:15</date>
  <millis>1653332895496</millis>
  <sequence>39</sequence>
  <level>END</level>
  <class>com.kms.katalon.core.logging.XmlKeywordLogger</class>
  <method>endKeyword</method>
  <thread>1</thread>
  <message>End action : out.println(&amp;quot;Closed the popup window&amp;quot;)</message>
  <nestedLevel>1</nestedLevel>
  <escapedJava>false</escapedJava>
</record>
<record>
  <date>2022-05-23T15:08:15</date>
  <millis>1653332895496</millis>
  <sequence>40</sequence>
  <level>START</level>
  <class>com.kms.katalon.core.logging.XmlKeywordLogger</class>
  <method>startKeyword</method>
  <thread>1</thread>
  <message>Start action : waitForElementPresent(findTestObject(&amp;quot;Canine/NavBar/Canine_Cases_Btn&amp;quot;), 5)</message>
  <nestedLevel>1</nestedLevel>
  <escapedJava>false</escapedJava>
  <property name="startLine">57</property>
  <property name="stepIndex">5</property>
</record>
<record>
  <date>2022-05-23T15:08:15</date>
  <millis>1653332895683</millis>
  <sequence>48</sequence>
  <level>PASSED</level>
  <class>com.kms.katalon.core.logging.XmlKeywordLogger</class>
  <method>logMessage</method>
  <thread>1</thread>
  <message>Object &amp;apos;Object Repository/Canine/NavBar/Canine_Cases_Btn&amp;apos; is present</message>
  <nestedLevel>1</nestedLevel>
  <escapedJava>false</escapedJava>
  <property name="testops-method-name">com.kms.katalon.core.webui.keyword.builtin.WaitForElementPresentKeyword.waitForElementPresent</property>
  <property name="testops-execution-stacktrace"></property>
</record>
<record>
  <date>2022-05-23T15:08:15</date>
  <millis>1653332895683</millis>
  <sequence>49</sequence>
  <level>END</level>
  <class>com.kms.katalon.core.logging.XmlKeywordLogger</class>
  <method>endKeyword</method>
  <thread>1</thread>
  <message>End action : waitForElementPresent(findTestObject(&amp;quot;Canine/NavBar/Canine_Cases_Btn&amp;quot;), 5)</message>
  <nestedLevel>1</nestedLevel>
  <escapedJava>false</escapedJava>
</record>
<record>
  <date>2022-05-23T15:08:15</date>
  <millis>1653332895684</millis>
  <sequence>50</sequence>
  <level>START</level>
  <class>com.kms.katalon.core.logging.XmlKeywordLogger</class>
  <method>startKeyword</method>
  <thread>1</thread>
  <message>Start action : ctdc.utilities.runtestcaseforKatalon.clickTab(&amp;quot;Canine/NavBar/Canine_Cases_Btn&amp;quot;)</message>
  <nestedLevel>1</nestedLevel>
  <escapedJava>false</escapedJava>
  <property name="startLine">58</property>
  <property name="stepIndex">6</property>
</record>
<record>
  <date>2022-05-23T15:08:15</date>
  <millis>1653332895887</millis>
  <sequence>52</sequence>
  <level>PASSED</level>
  <class>com.kms.katalon.core.logging.XmlKeywordLogger</class>
  <method>logMessage</method>
  <thread>1</thread>
  <message>ctdc.utilities.runtestcaseforKatalon.clickTab is PASSED</message>
  <nestedLevel>1</nestedLevel>
  <escapedJava>false</escapedJava>
</record>
<record>
  <date>2022-05-23T15:08:15</date>
  <millis>1653332895887</millis>
  <sequence>53</sequence>
  <level>END</level>
  <class>com.kms.katalon.core.logging.XmlKeywordLogger</class>
  <method>endKeyword</method>
  <thread>1</thread>
  <message>End action : ctdc.utilities.runtestcaseforKatalon.clickTab(&amp;quot;Canine/NavBar/Canine_Cases_Btn&amp;quot;)</message>
  <nestedLevel>1</nestedLevel>
  <escapedJava>false</escapedJava>
</record>
<record>
  <date>2022-05-23T15:08:15</date>
  <millis>1653332895889</millis>
  <sequence>54</sequence>
  <level>START</level>
  <class>com.kms.katalon.core.logging.XmlKeywordLogger</class>
  <method>startKeyword</method>
  <thread>1</thread>
  <message>Start action : waitForElementPresent(findTestObject(&amp;quot;Object Repository/Canine/Filter/Breed/BREED_Ddn&amp;quot;), 5)</message>
  <nestedLevel>1</nestedLevel>
  <escapedJava>false</escapedJava>
  <property name="startLine">64</property>
  <property name="stepIndex">7</property>
</record>
<record>
  <date>2022-05-23T15:08:17</date>
  <millis>1653332897503</millis>
  <sequence>62</sequence>
  <level>PASSED</level>
  <class>com.kms.katalon.core.logging.XmlKeywordLogger</class>
  <method>logMessage</method>
  <thread>1</thread>
  <message>Object &amp;apos;Object Repository/Canine/Filter/Breed/BREED_Ddn&amp;apos; is present</message>
  <nestedLevel>1</nestedLevel>
  <escapedJava>false</escapedJava>
  <property name="testops-method-name">com.kms.katalon.core.webui.keyword.builtin.WaitForElementPresentKeyword.waitForElementPresent</property>
  <property name="testops-execution-stacktrace"></property>
</record>
<record>
  <date>2022-05-23T15:08:17</date>
  <millis>1653332897504</millis>
  <sequence>63</sequence>
  <level>END</level>
  <class>com.kms.katalon.core.logging.XmlKeywordLogger</class>
  <method>endKeyword</method>
  <thread>1</thread>
  <message>End action : waitForElementPresent(findTestObject(&amp;quot;Object Repository/Canine/Filter/Breed/BREED_Ddn&amp;quot;), 5)</message>
  <nestedLevel>1</nestedLevel>
  <escapedJava>false</escapedJava>
</record>
<record>
  <date>2022-05-23T15:08:17</date>
  <millis>1653332897504</millis>
  <sequence>64</sequence>
  <level>START</level>
  <class>com.kms.katalon.core.logging.XmlKeywordLogger</class>
  <method>startKeyword</method>
  <thread>1</thread>
  <message>Start action : ctdc.utilities.runtestcaseforKatalon.clickTabCanineStat(&amp;quot;Object Repository/Canine/Filter/Breed/BREED_Ddn&amp;quot;)</message>
  <nestedLevel>1</nestedLevel>
  <escapedJava>false</escapedJava>
  <property name="startLine">65</property>
  <property name="stepIndex">8</property>
</record>
<record>
  <date>2022-05-23T15:08:22</date>
  <millis>1653332902179</millis>
  <sequence>67</sequence>
  <level>PASSED</level>
  <class>com.kms.katalon.core.logging.XmlKeywordLogger</class>
  <method>logMessage</method>
  <thread>1</thread>
  <message>ctdc.utilities.runtestcaseforKatalon.clickTabCanineStat is PASSED</message>
  <nestedLevel>1</nestedLevel>
  <escapedJava>false</escapedJava>
</record>
<record>
  <date>2022-05-23T15:08:22</date>
  <millis>1653332902179</millis>
  <sequence>68</sequence>
  <level>END</level>
  <class>com.kms.katalon.core.logging.XmlKeywordLogger</class>
  <method>endKeyword</method>
  <thread>1</thread>
  <message>End action : ctdc.utilities.runtestcaseforKatalon.clickTabCanineStat(&amp;quot;Object Repository/Canine/Filter/Breed/BREED_Ddn&amp;quot;)</message>
  <nestedLevel>1</nestedLevel>
  <escapedJava>false</escapedJava>
</record>
<record>
  <date>2022-05-23T15:08:22</date>
  <millis>1653332902179</millis>
  <sequence>69</sequence>
  <level>START</level>
  <class>com.kms.katalon.core.logging.XmlKeywordLogger</class>
  <method>startKeyword</method>
  <thread>1</thread>
  <message>Start action : ctdc.utilities.runtestcaseforKatalon.clickTabCanineStat(&amp;quot;Object Repository/Canine/Filter/Breed/Akita_Chkbx&amp;quot;)</message>
  <nestedLevel>1</nestedLevel>
  <escapedJava>false</escapedJava>
  <property name="startLine">66</property>
  <property name="stepIndex">9</property>
</record>
<record>
  <date>2022-05-23T15:08:26</date>
  <millis>1653332906551</millis>
  <sequence>72</sequence>
  <level>PASSED</level>
  <class>com.kms.katalon.core.logging.XmlKeywordLogger</class>
  <method>logMessage</method>
  <thread>1</thread>
  <message>ctdc.utilities.runtestcaseforKatalon.clickTabCanineStat is PASSED</message>
  <nestedLevel>1</nestedLevel>
  <escapedJava>false</escapedJava>
</record>
<record>
  <date>2022-05-23T15:08:26</date>
  <millis>1653332906552</millis>
  <sequence>73</sequence>
  <level>END</level>
  <class>com.kms.katalon.core.logging.XmlKeywordLogger</class>
  <method>endKeyword</method>
  <thread>1</thread>
  <message>End action : ctdc.utilities.runtestcaseforKatalon.clickTabCanineStat(&amp;quot;Object Repository/Canine/Filter/Breed/Akita_Chkbx&amp;quot;)</message>
  <nestedLevel>1</nestedLevel>
  <escapedJava>false</escapedJava>
</record>
<record>
  <date>2022-05-23T15:08:26</date>
  <millis>1653332906554</millis>
  <sequence>74</sequence>
  <level>START</level>
  <class>com.kms.katalon.core.logging.XmlKeywordLogger</class>
  <method>startKeyword</method>
  <thread>1</thread>
  <message>Start action : ctdc.utilities.runtestcaseforKatalon.readStatBarCanine(&amp;quot;Object Repository/Canine/StatBar/Canine_StatBar-Programs&amp;quot;, &amp;quot;Object Repository/Canine/StatBar/Canine_StatBar-Studies&amp;quot;, &amp;quot;Object Repository/Canine/StatBar/Canine_StatBar-Cases&amp;quot;, &amp;quot;Object Repository/Canine/StatBar/Canine_StatBar-Samples&amp;quot;, &amp;quot;Object Repository/Canine/StatBar/Canine_StatBar-CaseFiles&amp;quot;, &amp;quot;Object Repository/Canine/StatBar/Canine_StatBar-StudyFiles&amp;quot;)</message>
  <nestedLevel>1</nestedLevel>
  <escapedJava>false</escapedJava>
  <property name="startLine">74</property>
  <property name="stepIndex">10</property>
</record>
<record>
  <date>2022-05-23T15:08:44</date>
  <millis>1653332924496</millis>
  <sequence>81</sequence>
  <level>PASSED</level>
  <class>com.kms.katalon.core.logging.XmlKeywordLogger</class>
  <method>logMessage</method>
  <thread>1</thread>
  <message>ctdc.utilities.runtestcaseforKatalon.readStatBarCanine is PASSED</message>
  <nestedLevel>1</nestedLevel>
  <escapedJava>false</escapedJava>
</record>
<record>
  <date>2022-05-23T15:08:44</date>
  <millis>1653332924497</millis>
  <sequence>82</sequence>
  <level>END</level>
  <class>com.kms.katalon.core.logging.XmlKeywordLogger</class>
  <method>endKeyword</method>
  <thread>1</thread>
  <message>End action : ctdc.utilities.runtestcaseforKatalon.readStatBarCanine(&amp;quot;Object Repository/Canine/StatBar/Canine_StatBar-Programs&amp;quot;, &amp;quot;Object Repository/Canine/StatBar/Canine_StatBar-Studies&amp;quot;, &amp;quot;Object Repository/Canine/StatBar/Canine_StatBar-Cases&amp;quot;, &amp;quot;Object Repository/Canine/StatBar/Canine_StatBar-Samples&amp;quot;, &amp;quot;Object Repository/Canine/StatBar/Canine_StatBar-CaseFiles&amp;quot;, &amp;quot;Object Repository/Canine/StatBar/Canine_StatBar-StudyFiles&amp;quot;)</message>
  <nestedLevel>1</nestedLevel>
  <escapedJava>false</escapedJava>
</record>
<record>
  <date>2022-05-23T15:08:44</date>
  <millis>1653332924497</millis>
  <sequence>83</sequence>
  <level>START</level>
  <class>com.kms.katalon.core.logging.XmlKeywordLogger</class>
  <method>startKeyword</method>
  <thread>1</thread>
  <message>Start action : waitForElementPresent(findTestObject(&amp;quot;Object Repository/Canine/CanineResults_Cases_Tab&amp;quot;), 5)</message>
  <nestedLevel>1</nestedLevel>
  <escapedJava>false</escapedJava>
  <property name="startLine">79</property>
  <property name="stepIndex">11</property>
</record>
<record>
  <date>2022-05-23T15:08:44</date>
  <millis>1653332924610</millis>
  <sequence>91</sequence>
  <level>PASSED</level>
  <class>com.kms.katalon.core.logging.XmlKeywordLogger</class>
  <method>logMessage</method>
  <thread>1</thread>
  <message>Object &amp;apos;Object Repository/Canine/CanineResults_Cases_Tab&amp;apos; is present</message>
  <nestedLevel>1</nestedLevel>
  <escapedJava>false</escapedJava>
  <property name="testops-method-name">com.kms.katalon.core.webui.keyword.builtin.WaitForElementPresentKeyword.waitForElementPresent</property>
  <property name="testops-execution-stacktrace"></property>
</record>
<record>
  <date>2022-05-23T15:08:44</date>
  <millis>1653332924610</millis>
  <sequence>92</sequence>
  <level>END</level>
  <class>com.kms.katalon.core.logging.XmlKeywordLogger</class>
  <method>endKeyword</method>
  <thread>1</thread>
  <message>End action : waitForElementPresent(findTestObject(&amp;quot;Object Repository/Canine/CanineResults_Cases_Tab&amp;quot;), 5)</message>
  <nestedLevel>1</nestedLevel>
  <escapedJava>false</escapedJava>
</record>
<record>
  <date>2022-05-23T15:08:44</date>
  <millis>1653332924610</millis>
  <sequence>93</sequence>
  <level>START</level>
  <class>com.kms.katalon.core.logging.XmlKeywordLogger</class>
  <method>startKeyword</method>
  <thread>1</thread>
  <message>Start action : ctdc.utilities.runtestcaseforKatalon.clickTab(&amp;quot;Object Repository/Canine/CanineResults_Cases_Tab&amp;quot;)</message>
  <nestedLevel>1</nestedLevel>
  <escapedJava>false</escapedJava>
  <property name="startLine">80</property>
  <property name="stepIndex">12</property>
</record>
<record>
  <date>2022-05-23T15:08:45</date>
  <millis>1653332925037</millis>
  <sequence>95</sequence>
  <level>PASSED</level>
  <class>com.kms.katalon.core.logging.XmlKeywordLogger</class>
  <method>logMessage</method>
  <thread>1</thread>
  <message>ctdc.utilities.runtestcaseforKatalon.clickTab is PASSED</message>
  <nestedLevel>1</nestedLevel>
  <escapedJava>false</escapedJava>
</record>
<record>
  <date>2022-05-23T15:08:45</date>
  <millis>1653332925037</millis>
  <sequence>96</sequence>
  <level>END</level>
  <class>com.kms.katalon.core.logging.XmlKeywordLogger</class>
  <method>endKeyword</method>
  <thread>1</thread>
  <message>End action : ctdc.utilities.runtestcaseforKatalon.clickTab(&amp;quot;Object Repository/Canine/CanineResults_Cases_Tab&amp;quot;)</message>
  <nestedLevel>1</nestedLevel>
  <escapedJava>false</escapedJava>
</record>
<record>
  <date>2022-05-23T15:08:45</date>
  <millis>1653332925038</millis>
  <sequence>97</sequence>
  <level>START</level>
  <class>com.kms.katalon.core.logging.XmlKeywordLogger</class>
  <method>startKeyword</method>
  <thread>1</thread>
  <message>Start action : ctdc.utilities.runtestcaseforKatalon.multiFunction(&amp;quot;ICDC&amp;quot;, G_StatBar_Studies, &amp;quot;Object Repository/Canine/Canine_CasesTable&amp;quot;, &amp;quot;Object Repository/Canine/Canine_TableHeader&amp;quot;, &amp;quot;Object Repository/Canine/Canine_CasesTabNextBtn&amp;quot;, G_WebTabnameCases, G_CypherTabnameCases, G_QueryCasesTab)</message>
  <nestedLevel>1</nestedLevel>
  <escapedJava>false</escapedJava>
  <property name="startLine">81</property>
  <property name="stepIndex">13</property>
</record>
<record>
  <date>2022-05-23T15:09:01</date>
  <millis>1653332941331</millis>
  <sequence>108</sequence>
  <level>PASSED</level>
  <class>com.kms.katalon.core.logging.XmlKeywordLogger</class>
  <method>logMessage</method>
  <thread>1</thread>
  <message>Statbar Programs count matches</message>
  <nestedLevel>1</nestedLevel>
  <escapedJava>false</escapedJava>
  <property name="testops-execution-stacktrace">com.kms.katalon.core.logging.KeywordLogger.logPassed(KeywordLogger.java:330)
com.kms.katalon.core.logging.KeywordLogger.logPassed(KeywordLogger.java:324)
com.kms.katalon.core.util.KeywordUtil.markPassed(KeywordUtil.java:55)
com.kms.katalon.core.util.KeywordUtil$markPassed.call(Unknown Source)
ctdc.utilities.runtestcaseforKatalon.validateStatBar(runtestcaseforKatalon.groovy:1505)
ctdc.utilities.runtestcaseforKatalon.multiFunction(runtestcaseforKatalon.groovy:298)
ctdc.utilities.runtestcaseforKatalon.invokeMethod(runtestcaseforKatalon.groovy)
com.kms.katalon.core.main.CustomKeywordDelegatingMetaClass.invokeStaticMethod(CustomKeywordDelegatingMetaClass.java:50)
TC01_Canine_Filter_Breed-Akita.run(TC01_Canine_Filter_Breed-Akita:81)
</property>
</record>
<record>
  <date>2022-05-23T15:09:01</date>
  <millis>1653332941335</millis>
  <sequence>110</sequence>
  <level>PASSED</level>
  <class>com.kms.katalon.core.logging.XmlKeywordLogger</class>
  <method>logMessage</method>
  <thread>1</thread>
  <message>Statbar Studies count matches</message>
  <nestedLevel>1</nestedLevel>
  <escapedJava>false</escapedJava>
  <property name="testops-execution-stacktrace">com.kms.katalon.core.logging.KeywordLogger.logPassed(KeywordLogger.java:330)
com.kms.katalon.core.logging.KeywordLogger.logPassed(KeywordLogger.java:324)
com.kms.katalon.core.util.KeywordUtil.markPassed(KeywordUtil.java:55)
com.kms.katalon.core.util.KeywordUtil$markPassed.call(Unknown Source)
ctdc.utilities.runtestcaseforKatalon.validateStatBar(runtestcaseforKatalon.groovy:1506)
ctdc.utilities.runtestcaseforKatalon.multiFunction(runtestcaseforKatalon.groovy:298)
ctdc.utilities.runtestcaseforKatalon.invokeMethod(runtestcaseforKatalon.groovy)
com.kms.katalon.core.main.CustomKeywordDelegatingMetaClass.invokeStaticMethod(CustomKeywordDelegatingMetaClass.java:50)
TC01_Canine_Filter_Breed-Akita.run(TC01_Canine_Filter_Breed-Akita:81)
</property>
</record>
<record>
  <date>2022-05-23T15:09:01</date>
  <millis>1653332941337</millis>
  <sequence>112</sequence>
  <level>PASSED</level>
  <class>com.kms.katalon.core.logging.XmlKeywordLogger</class>
  <method>logMessage</method>
  <thread>1</thread>
  <message>Statbar Cases count matches</message>
  <nestedLevel>1</nestedLevel>
  <escapedJava>false</escapedJava>
  <property name="testops-execution-stacktrace">com.kms.katalon.core.logging.KeywordLogger.logPassed(KeywordLogger.java:330)
com.kms.katalon.core.logging.KeywordLogger.logPassed(KeywordLogger.java:324)
com.kms.katalon.core.util.KeywordUtil.markPassed(KeywordUtil.java:55)
com.kms.katalon.core.util.KeywordUtil$markPassed.call(Unknown Source)
ctdc.utilities.runtestcaseforKatalon.validateStatBar(runtestcaseforKatalon.groovy:1507)
ctdc.utilities.runtestcaseforKatalon.multiFunction(runtestcaseforKatalon.groovy:298)
ctdc.utilities.runtestcaseforKatalon.invokeMethod(runtestcaseforKatalon.groovy)
com.kms.katalon.core.main.CustomKeywordDelegatingMetaClass.invokeStaticMethod(CustomKeywordDelegatingMetaClass.java:50)
TC01_Canine_Filter_Breed-Akita.run(TC01_Canine_Filter_Breed-Akita:81)
</property>
</record>
<record>
  <date>2022-05-23T15:09:01</date>
  <millis>1653332941339</millis>
  <sequence>114</sequence>
  <level>PASSED</level>
  <class>com.kms.katalon.core.logging.XmlKeywordLogger</class>
  <method>logMessage</method>
  <thread>1</thread>
  <message>Statbar Samples count matches</message>
  <nestedLevel>1</nestedLevel>
  <escapedJava>false</escapedJava>
  <property name="testops-execution-stacktrace">com.kms.katalon.core.logging.KeywordLogger.logPassed(KeywordLogger.java:330)
com.kms.katalon.core.logging.KeywordLogger.logPassed(KeywordLogger.java:324)
com.kms.katalon.core.util.KeywordUtil.markPassed(KeywordUtil.java:55)
com.kms.katalon.core.util.KeywordUtil$markPassed.call(Unknown Source)
ctdc.utilities.runtestcaseforKatalon.validateStatBar(runtestcaseforKatalon.groovy:1508)
ctdc.utilities.runtestcaseforKatalon.multiFunction(runtestcaseforKatalon.groovy:298)
ctdc.utilities.runtestcaseforKatalon.invokeMethod(runtestcaseforKatalon.groovy)
com.kms.katalon.core.main.CustomKeywordDelegatingMetaClass.invokeStaticMethod(CustomKeywordDelegatingMetaClass.java:50)
TC01_Canine_Filter_Breed-Akita.run(TC01_Canine_Filter_Breed-Akita:81)
</property>
</record>
<record>
  <date>2022-05-23T15:09:01</date>
  <millis>1653332941341</millis>
  <sequence>116</sequence>
  <level>PASSED</level>
  <class>com.kms.katalon.core.logging.XmlKeywordLogger</class>
  <method>logMessage</method>
  <thread>1</thread>
  <message>Statbar Case Files count matches</message>
  <nestedLevel>1</nestedLevel>
  <escapedJava>false</escapedJava>
  <property name="testops-execution-stacktrace">com.kms.katalon.core.logging.KeywordLogger.logPassed(KeywordLogger.java:330)
com.kms.katalon.core.logging.KeywordLogger.logPassed(KeywordLogger.java:324)
com.kms.katalon.core.util.KeywordUtil.markPassed(KeywordUtil.java:55)
com.kms.katalon.core.util.KeywordUtil$markPassed.call(Unknown Source)
ctdc.utilities.runtestcaseforKatalon.validateStatBar(runtestcaseforKatalon.groovy:1509)
ctdc.utilities.runtestcaseforKatalon.multiFunction(runtestcaseforKatalon.groovy:298)
ctdc.utilities.runtestcaseforKatalon.invokeMethod(runtestcaseforKatalon.groovy)
com.kms.katalon.core.main.CustomKeywordDelegatingMetaClass.invokeStaticMethod(CustomKeywordDelegatingMetaClass.java:50)
TC01_Canine_Filter_Breed-Akita.run(TC01_Canine_Filter_Breed-Akita:81)
</property>
</record>
<record>
  <date>2022-05-23T15:09:01</date>
  <millis>1653332941342</millis>
  <sequence>118</sequence>
  <level>PASSED</level>
  <class>com.kms.katalon.core.logging.XmlKeywordLogger</class>
  <method>logMessage</method>
  <thread>1</thread>
  <message>Statbar Study Files count matches</message>
  <nestedLevel>1</nestedLevel>
  <escapedJava>false</escapedJava>
  <property name="testops-execution-stacktrace">com.kms.katalon.core.logging.KeywordLogger.logPassed(KeywordLogger.java:330)
com.kms.katalon.core.logging.KeywordLogger.logPassed(KeywordLogger.java:324)
com.kms.katalon.core.util.KeywordUtil.markPassed(KeywordUtil.java:55)
com.kms.katalon.core.util.KeywordUtil$markPassed.call(Unknown Source)
ctdc.utilities.runtestcaseforKatalon.validateStatBar(runtestcaseforKatalon.groovy:1510)
ctdc.utilities.runtestcaseforKatalon.multiFunction(runtestcaseforKatalon.groovy:298)
ctdc.utilities.runtestcaseforKatalon.invokeMethod(runtestcaseforKatalon.groovy)
com.kms.katalon.core.main.CustomKeywordDelegatingMetaClass.invokeStaticMethod(CustomKeywordDelegatingMetaClass.java:50)
TC01_Canine_Filter_Breed-Akita.run(TC01_Canine_Filter_Breed-Akita:81)
</property>
</record>
<record>
  <date>2022-05-23T15:09:01</date>
  <millis>1653332941343</millis>
  <sequence>119</sequence>
  <level>END</level>
  <class>com.kms.katalon.core.logging.XmlKeywordLogger</class>
  <method>endKeyword</method>
  <thread>1</thread>
  <message>End action : ctdc.utilities.runtestcaseforKatalon.multiFunction(&amp;quot;ICDC&amp;quot;, G_StatBar_Studies, &amp;quot;Object Repository/Canine/Canine_CasesTable&amp;quot;, &amp;quot;Object Repository/Canine/Canine_TableHeader&amp;quot;, &amp;quot;Object Repository/Canine/Canine_CasesTabNextBtn&amp;quot;, G_WebTabnameCases, G_CypherTabnameCases, G_QueryCasesTab)</message>
  <nestedLevel>1</nestedLevel>
  <escapedJava>false</escapedJava>
</record>
<record>
  <date>2022-05-23T15:09:01</date>
  <millis>1653332941344</millis>
  <sequence>120</sequence>
  <level>START</level>
  <class>com.kms.katalon.core.logging.XmlKeywordLogger</class>
  <method>startKeyword</method>
  <thread>1</thread>
  <message>Start action : waitForElementPresent(findTestObject(&amp;quot;Object Repository/Canine/CanineResults_Samples_Tab&amp;quot;), 5)</message>
  <nestedLevel>1</nestedLevel>
  <escapedJava>false</escapedJava>
  <property name="startLine">86</property>
  <property name="stepIndex">14</property>
</record>
<record>
  <date>2022-05-23T15:09:01</date>
  <millis>1653332941480</millis>
  <sequence>128</sequence>
  <level>PASSED</level>
  <class>com.kms.katalon.core.logging.XmlKeywordLogger</class>
  <method>logMessage</method>
  <thread>1</thread>
  <message>Object &amp;apos;Object Repository/Canine/CanineResults_Samples_Tab&amp;apos; is present</message>
  <nestedLevel>1</nestedLevel>
  <escapedJava>false</escapedJava>
  <property name="testops-method-name">com.kms.katalon.core.webui.keyword.builtin.WaitForElementPresentKeyword.waitForElementPresent</property>
  <property name="testops-execution-stacktrace"></property>
</record>
<record>
  <date>2022-05-23T15:09:01</date>
  <millis>1653332941480</millis>
  <sequence>129</sequence>
  <level>END</level>
  <class>com.kms.katalon.core.logging.XmlKeywordLogger</class>
  <method>endKeyword</method>
  <thread>1</thread>
  <message>End action : waitForElementPresent(findTestObject(&amp;quot;Object Repository/Canine/CanineResults_Samples_Tab&amp;quot;), 5)</message>
  <nestedLevel>1</nestedLevel>
  <escapedJava>false</escapedJava>
</record>
<record>
  <date>2022-05-23T15:09:01</date>
  <millis>1653332941481</millis>
  <sequence>130</sequence>
  <level>START</level>
  <class>com.kms.katalon.core.logging.XmlKeywordLogger</class>
  <method>startKeyword</method>
  <thread>1</thread>
  <message>Start action : ctdc.utilities.runtestcaseforKatalon.clickTabCanineStat(&amp;quot;Object Repository/Canine/CanineResults_Samples_Tab&amp;quot;)</message>
  <nestedLevel>1</nestedLevel>
  <escapedJava>false</escapedJava>
  <property name="startLine">87</property>
  <property name="stepIndex">15</property>
</record>
<record>
  <date>2022-05-23T15:09:05</date>
  <millis>1653332945999</millis>
  <sequence>133</sequence>
  <level>PASSED</level>
  <class>com.kms.katalon.core.logging.XmlKeywordLogger</class>
  <method>logMessage</method>
  <thread>1</thread>
  <message>ctdc.utilities.runtestcaseforKatalon.clickTabCanineStat is PASSED</message>
  <nestedLevel>1</nestedLevel>
  <escapedJava>false</escapedJava>
</record>
<record>
  <date>2022-05-23T15:09:06</date>
  <millis>1653332946000</millis>
  <sequence>134</sequence>
  <level>END</level>
  <class>com.kms.katalon.core.logging.XmlKeywordLogger</class>
  <method>endKeyword</method>
  <thread>1</thread>
  <message>End action : ctdc.utilities.runtestcaseforKatalon.clickTabCanineStat(&amp;quot;Object Repository/Canine/CanineResults_Samples_Tab&amp;quot;)</message>
  <nestedLevel>1</nestedLevel>
  <escapedJava>false</escapedJava>
</record>
<record>
  <date>2022-05-23T15:09:06</date>
  <millis>1653332946000</millis>
  <sequence>135</sequence>
  <level>START</level>
  <class>com.kms.katalon.core.logging.XmlKeywordLogger</class>
  <method>startKeyword</method>
  <thread>1</thread>
  <message>Start action : ctdc.utilities.runtestcaseforKatalon.multiFunction(&amp;quot;ICDC&amp;quot;, G_StatBar_Samples, &amp;quot;Object Repository/Canine/Canine_Samples_Table&amp;quot;, &amp;quot;Object Repository/Canine/Canine_Samples_TableHdr&amp;quot;, &amp;quot;Object Repository/Canine/Canine_SamplesTabNextBtn&amp;quot;, G_WebTabnameSamples, G_CypherTabnameSamples, G_QuerySamplesTab)</message>
  <nestedLevel>1</nestedLevel>
  <escapedJava>false</escapedJava>
  <property name="startLine">88</property>
  <property name="stepIndex">16</property>
</record>
<record>
  <date>2022-05-23T15:09:23</date>
  <millis>1653332963499</millis>
  <sequence>148</sequence>
  <level>PASSED</level>
  <class>com.kms.katalon.core.logging.XmlKeywordLogger</class>
  <method>logMessage</method>
  <thread>1</thread>
  <message>Statbar Programs count matches</message>
  <nestedLevel>1</nestedLevel>
  <escapedJava>false</escapedJava>
  <property name="testops-execution-stacktrace">com.kms.katalon.core.logging.KeywordLogger.logPassed(KeywordLogger.java:330)
com.kms.katalon.core.logging.KeywordLogger.logPassed(KeywordLogger.java:324)
com.kms.katalon.core.util.KeywordUtil.markPassed(KeywordUtil.java:55)
com.kms.katalon.core.util.KeywordUtil$markPassed.call(Unknown Source)
ctdc.utilities.runtestcaseforKatalon.validateStatBar(runtestcaseforKatalon.groovy:1505)
ctdc.utilities.runtestcaseforKatalon.multiFunction(runtestcaseforKatalon.groovy:298)
ctdc.utilities.runtestcaseforKatalon.invokeMethod(runtestcaseforKatalon.groovy)
com.kms.katalon.core.main.CustomKeywordDelegatingMetaClass.invokeStaticMethod(CustomKeywordDelegatingMetaClass.java:50)
TC01_Canine_Filter_Breed-Akita.run(TC01_Canine_Filter_Breed-Akita:88)
</property>
</record>
<record>
  <date>2022-05-23T15:09:23</date>
  <millis>1653332963506</millis>
  <sequence>150</sequence>
  <level>PASSED</level>
  <class>com.kms.katalon.core.logging.XmlKeywordLogger</class>
  <method>logMessage</method>
  <thread>1</thread>
  <message>Statbar Studies count matches</message>
  <nestedLevel>1</nestedLevel>
  <escapedJava>false</escapedJava>
  <property name="testops-execution-stacktrace">com.kms.katalon.core.logging.KeywordLogger.logPassed(KeywordLogger.java:330)
com.kms.katalon.core.logging.KeywordLogger.logPassed(KeywordLogger.java:324)
com.kms.katalon.core.util.KeywordUtil.markPassed(KeywordUtil.java:55)
com.kms.katalon.core.util.KeywordUtil$markPassed.call(Unknown Source)
ctdc.utilities.runtestcaseforKatalon.validateStatBar(runtestcaseforKatalon.groovy:1506)
ctdc.utilities.runtestcaseforKatalon.multiFunction(runtestcaseforKatalon.groovy:298)
ctdc.utilities.runtestcaseforKatalon.invokeMethod(runtestcaseforKatalon.groovy)
com.kms.katalon.core.main.CustomKeywordDelegatingMetaClass.invokeStaticMethod(CustomKeywordDelegatingMetaClass.java:50)
TC01_Canine_Filter_Breed-Akita.run(TC01_Canine_Filter_Breed-Akita:88)
</property>
</record>
<record>
  <date>2022-05-23T15:09:23</date>
  <millis>1653332963511</millis>
  <sequence>152</sequence>
  <level>PASSED</level>
  <class>com.kms.katalon.core.logging.XmlKeywordLogger</class>
  <method>logMessage</method>
  <thread>1</thread>
  <message>Statbar Cases count matches</message>
  <nestedLevel>1</nestedLevel>
  <escapedJava>false</escapedJava>
  <property name="testops-execution-stacktrace">com.kms.katalon.core.logging.KeywordLogger.logPassed(KeywordLogger.java:330)
com.kms.katalon.core.logging.KeywordLogger.logPassed(KeywordLogger.java:324)
com.kms.katalon.core.util.KeywordUtil.markPassed(KeywordUtil.java:55)
com.kms.katalon.core.util.KeywordUtil$markPassed.call(Unknown Source)
ctdc.utilities.runtestcaseforKatalon.validateStatBar(runtestcaseforKatalon.groovy:1507)
ctdc.utilities.runtestcaseforKatalon.multiFunction(runtestcaseforKatalon.groovy:298)
ctdc.utilities.runtestcaseforKatalon.invokeMethod(runtestcaseforKatalon.groovy)
com.kms.katalon.core.main.CustomKeywordDelegatingMetaClass.invokeStaticMethod(CustomKeywordDelegatingMetaClass.java:50)
TC01_Canine_Filter_Breed-Akita.run(TC01_Canine_Filter_Breed-Akita:88)
</property>
</record>
<record>
  <date>2022-05-23T15:09:23</date>
  <millis>1653332963515</millis>
  <sequence>154</sequence>
  <level>PASSED</level>
  <class>com.kms.katalon.core.logging.XmlKeywordLogger</class>
  <method>logMessage</method>
  <thread>1</thread>
  <message>Statbar Samples count matches</message>
  <nestedLevel>1</nestedLevel>
  <escapedJava>false</escapedJava>
  <property name="testops-execution-stacktrace">com.kms.katalon.core.logging.KeywordLogger.logPassed(KeywordLogger.java:330)
com.kms.katalon.core.logging.KeywordLogger.logPassed(KeywordLogger.java:324)
com.kms.katalon.core.util.KeywordUtil.markPassed(KeywordUtil.java:55)
com.kms.katalon.core.util.KeywordUtil$markPassed.call(Unknown Source)
ctdc.utilities.runtestcaseforKatalon.validateStatBar(runtestcaseforKatalon.groovy:1508)
ctdc.utilities.runtestcaseforKatalon.multiFunction(runtestcaseforKatalon.groovy:298)
ctdc.utilities.runtestcaseforKatalon.invokeMethod(runtestcaseforKatalon.groovy)
com.kms.katalon.core.main.CustomKeywordDelegatingMetaClass.invokeStaticMethod(CustomKeywordDelegatingMetaClass.java:50)
TC01_Canine_Filter_Breed-Akita.run(TC01_Canine_Filter_Breed-Akita:88)
</property>
</record>
<record>
  <date>2022-05-23T15:09:23</date>
  <millis>1653332963519</millis>
  <sequence>156</sequence>
  <level>PASSED</level>
  <class>com.kms.katalon.core.logging.XmlKeywordLogger</class>
  <method>logMessage</method>
  <thread>1</thread>
  <message>Statbar Case Files count matches</message>
  <nestedLevel>1</nestedLevel>
  <escapedJava>false</escapedJava>
  <property name="testops-execution-stacktrace">com.kms.katalon.core.logging.KeywordLogger.logPassed(KeywordLogger.java:330)
com.kms.katalon.core.logging.KeywordLogger.logPassed(KeywordLogger.java:324)
com.kms.katalon.core.util.KeywordUtil.markPassed(KeywordUtil.java:55)
com.kms.katalon.core.util.KeywordUtil$markPassed.call(Unknown Source)
ctdc.utilities.runtestcaseforKatalon.validateStatBar(runtestcaseforKatalon.groovy:1509)
ctdc.utilities.runtestcaseforKatalon.multiFunction(runtestcaseforKatalon.groovy:298)
ctdc.utilities.runtestcaseforKatalon.invokeMethod(runtestcaseforKatalon.groovy)
com.kms.katalon.core.main.CustomKeywordDelegatingMetaClass.invokeStaticMethod(CustomKeywordDelegatingMetaClass.java:50)
TC01_Canine_Filter_Breed-Akita.run(TC01_Canine_Filter_Breed-Akita:88)
</property>
</record>
<record>
  <date>2022-05-23T15:09:23</date>
  <millis>1653332963522</millis>
  <sequence>158</sequence>
  <level>PASSED</level>
  <class>com.kms.katalon.core.logging.XmlKeywordLogger</class>
  <method>logMessage</method>
  <thread>1</thread>
  <message>Statbar Study Files count matches</message>
  <nestedLevel>1</nestedLevel>
  <escapedJava>false</escapedJava>
  <property name="testops-execution-stacktrace">com.kms.katalon.core.logging.KeywordLogger.logPassed(KeywordLogger.java:330)
com.kms.katalon.core.logging.KeywordLogger.logPassed(KeywordLogger.java:324)
com.kms.katalon.core.util.KeywordUtil.markPassed(KeywordUtil.java:55)
com.kms.katalon.core.util.KeywordUtil$markPassed.call(Unknown Source)
ctdc.utilities.runtestcaseforKatalon.validateStatBar(runtestcaseforKatalon.groovy:1510)
ctdc.utilities.runtestcaseforKatalon.multiFunction(runtestcaseforKatalon.groovy:298)
ctdc.utilities.runtestcaseforKatalon.invokeMethod(runtestcaseforKatalon.groovy)
com.kms.katalon.core.main.CustomKeywordDelegatingMetaClass.invokeStaticMethod(CustomKeywordDelegatingMetaClass.java:50)
TC01_Canine_Filter_Breed-Akita.run(TC01_Canine_Filter_Breed-Akita:88)
</property>
</record>
<record>
  <date>2022-05-23T15:09:23</date>
  <millis>1653332963525</millis>
  <sequence>159</sequence>
  <level>END</level>
  <class>com.kms.katalon.core.logging.XmlKeywordLogger</class>
  <method>endKeyword</method>
  <thread>1</thread>
  <message>End action : ctdc.utilities.runtestcaseforKatalon.multiFunction(&amp;quot;ICDC&amp;quot;, G_StatBar_Samples, &amp;quot;Object Repository/Canine/Canine_Samples_Table&amp;quot;, &amp;quot;Object Repository/Canine/Canine_Samples_TableHdr&amp;quot;, &amp;quot;Object Repository/Canine/Canine_SamplesTabNextBtn&amp;quot;, G_WebTabnameSamples, G_CypherTabnameSamples, G_QuerySamplesTab)</message>
  <nestedLevel>1</nestedLevel>
  <escapedJava>false</escapedJava>
</record>
<record>
  <date>2022-05-23T15:09:23</date>
  <millis>1653332963526</millis>
  <sequence>160</sequence>
  <level>START</level>
  <class>com.kms.katalon.core.logging.XmlKeywordLogger</class>
  <method>startKeyword</method>
  <thread>1</thread>
  <message>Start action : waitForElementPresent(findTestObject(&amp;quot;Canine/CanineResults_CaseFiles_Tab&amp;quot;), 5)</message>
  <nestedLevel>1</nestedLevel>
  <escapedJava>false</escapedJava>
  <property name="startLine">93</property>
  <property name="stepIndex">17</property>
</record>
<record>
  <date>2022-05-23T15:09:23</date>
  <millis>1653332963729</millis>
  <sequence>168</sequence>
  <level>PASSED</level>
  <class>com.kms.katalon.core.logging.XmlKeywordLogger</class>
  <method>logMessage</method>
  <thread>1</thread>
  <message>Object &amp;apos;Object Repository/Canine/CanineResults_CaseFiles_Tab&amp;apos; is present</message>
  <nestedLevel>1</nestedLevel>
  <escapedJava>false</escapedJava>
  <property name="testops-method-name">com.kms.katalon.core.webui.keyword.builtin.WaitForElementPresentKeyword.waitForElementPresent</property>
  <property name="testops-execution-stacktrace"></property>
</record>
<record>
  <date>2022-05-23T15:09:23</date>
  <millis>1653332963730</millis>
  <sequence>169</sequence>
  <level>END</level>
  <class>com.kms.katalon.core.logging.XmlKeywordLogger</class>
  <method>endKeyword</method>
  <thread>1</thread>
  <message>End action : waitForElementPresent(findTestObject(&amp;quot;Canine/CanineResults_CaseFiles_Tab&amp;quot;), 5)</message>
  <nestedLevel>1</nestedLevel>
  <escapedJava>false</escapedJava>
</record>
<record>
  <date>2022-05-23T15:09:23</date>
  <millis>1653332963730</millis>
  <sequence>170</sequence>
  <level>START</level>
  <class>com.kms.katalon.core.logging.XmlKeywordLogger</class>
  <method>startKeyword</method>
  <thread>1</thread>
  <message>Start action : ctdc.utilities.runtestcaseforKatalon.clickTab(&amp;quot;Object Repository/Canine/CanineResults_CaseFiles_Tab&amp;quot;)</message>
  <nestedLevel>1</nestedLevel>
  <escapedJava>false</escapedJava>
  <property name="startLine">94</property>
  <property name="stepIndex">18</property>
</record>
<record>
  <date>2022-05-23T15:09:24</date>
  <millis>1653332964129</millis>
  <sequence>172</sequence>
  <level>PASSED</level>
  <class>com.kms.katalon.core.logging.XmlKeywordLogger</class>
  <method>logMessage</method>
  <thread>1</thread>
  <message>ctdc.utilities.runtestcaseforKatalon.clickTab is PASSED</message>
  <nestedLevel>1</nestedLevel>
  <escapedJava>false</escapedJava>
</record>
<record>
  <date>2022-05-23T15:09:24</date>
  <millis>1653332964130</millis>
  <sequence>173</sequence>
  <level>END</level>
  <class>com.kms.katalon.core.logging.XmlKeywordLogger</class>
  <method>endKeyword</method>
  <thread>1</thread>
  <message>End action : ctdc.utilities.runtestcaseforKatalon.clickTab(&amp;quot;Object Repository/Canine/CanineResults_CaseFiles_Tab&amp;quot;)</message>
  <nestedLevel>1</nestedLevel>
  <escapedJava>false</escapedJava>
</record>
<record>
  <date>2022-05-23T15:09:24</date>
  <millis>1653332964130</millis>
  <sequence>174</sequence>
  <level>START</level>
  <class>com.kms.katalon.core.logging.XmlKeywordLogger</class>
  <method>startKeyword</method>
  <thread>1</thread>
  <message>Start action : ctdc.utilities.runtestcaseforKatalon.multiFunction(&amp;quot;ICDC&amp;quot;, G_StatBar_Files, &amp;quot;Object Repository/Canine/Canine_Files_Table&amp;quot;, &amp;quot;Object Repository/Canine/Canine_Files_TableHdr&amp;quot;, &amp;quot;Object Repository/Canine/Canine_FilesTabNextBtn&amp;quot;, G_WebTabnameFiles, G_CypherTabnameFiles, G_QueryFilesTab)</message>
  <nestedLevel>1</nestedLevel>
  <escapedJava>false</escapedJava>
  <property name="startLine">95</property>
  <property name="stepIndex">19</property>
</record>
<record>
  <date>2022-05-23T15:10:04</date>
  <millis>1653333004713</millis>
  <sequence>187</sequence>
  <level>PASSED</level>
  <class>com.kms.katalon.core.logging.XmlKeywordLogger</class>
  <method>logMessage</method>
  <thread>1</thread>
  <message>Statbar Programs count matches</message>
  <nestedLevel>1</nestedLevel>
  <escapedJava>false</escapedJava>
  <property name="testops-execution-stacktrace">com.kms.katalon.core.logging.KeywordLogger.logPassed(KeywordLogger.java:330)
com.kms.katalon.core.logging.KeywordLogger.logPassed(KeywordLogger.java:324)
com.kms.katalon.core.util.KeywordUtil.markPassed(KeywordUtil.java:55)
com.kms.katalon.core.util.KeywordUtil$markPassed.call(Unknown Source)
ctdc.utilities.runtestcaseforKatalon.validateStatBar(runtestcaseforKatalon.groovy:1505)
ctdc.utilities.runtestcaseforKatalon.multiFunction(runtestcaseforKatalon.groovy:298)
ctdc.utilities.runtestcaseforKatalon.invokeMethod(runtestcaseforKatalon.groovy)
com.kms.katalon.core.main.CustomKeywordDelegatingMetaClass.invokeStaticMethod(CustomKeywordDelegatingMetaClass.java:50)
TC01_Canine_Filter_Breed-Akita.run(TC01_Canine_Filter_Breed-Akita:95)
</property>
</record>
<record>
  <date>2022-05-23T15:10:04</date>
  <millis>1653333004715</millis>
  <sequence>189</sequence>
  <level>PASSED</level>
  <class>com.kms.katalon.core.logging.XmlKeywordLogger</class>
  <method>logMessage</method>
  <thread>1</thread>
  <message>Statbar Studies count matches</message>
  <nestedLevel>1</nestedLevel>
  <escapedJava>false</escapedJava>
  <property name="testops-execution-stacktrace">com.kms.katalon.core.logging.KeywordLogger.logPassed(KeywordLogger.java:330)
com.kms.katalon.core.logging.KeywordLogger.logPassed(KeywordLogger.java:324)
com.kms.katalon.core.util.KeywordUtil.markPassed(KeywordUtil.java:55)
com.kms.katalon.core.util.KeywordUtil$markPassed.call(Unknown Source)
ctdc.utilities.runtestcaseforKatalon.validateStatBar(runtestcaseforKatalon.groovy:1506)
ctdc.utilities.runtestcaseforKatalon.multiFunction(runtestcaseforKatalon.groovy:298)
ctdc.utilities.runtestcaseforKatalon.invokeMethod(runtestcaseforKatalon.groovy)
com.kms.katalon.core.main.CustomKeywordDelegatingMetaClass.invokeStaticMethod(CustomKeywordDelegatingMetaClass.java:50)
TC01_Canine_Filter_Breed-Akita.run(TC01_Canine_Filter_Breed-Akita:95)
</property>
</record>
<record>
  <date>2022-05-23T15:10:04</date>
  <millis>1653333004716</millis>
  <sequence>191</sequence>
  <level>PASSED</level>
  <class>com.kms.katalon.core.logging.XmlKeywordLogger</class>
  <method>logMessage</method>
  <thread>1</thread>
  <message>Statbar Cases count matches</message>
  <nestedLevel>1</nestedLevel>
  <escapedJava>false</escapedJava>
  <property name="testops-execution-stacktrace">com.kms.katalon.core.logging.KeywordLogger.logPassed(KeywordLogger.java:330)
com.kms.katalon.core.logging.KeywordLogger.logPassed(KeywordLogger.java:324)
com.kms.katalon.core.util.KeywordUtil.markPassed(KeywordUtil.java:55)
com.kms.katalon.core.util.KeywordUtil$markPassed.call(Unknown Source)
ctdc.utilities.runtestcaseforKatalon.validateStatBar(runtestcaseforKatalon.groovy:1507)
ctdc.utilities.runtestcaseforKatalon.multiFunction(runtestcaseforKatalon.groovy:298)
ctdc.utilities.runtestcaseforKatalon.invokeMethod(runtestcaseforKatalon.groovy)
com.kms.katalon.core.main.CustomKeywordDelegatingMetaClass.invokeStaticMethod(CustomKeywordDelegatingMetaClass.java:50)
TC01_Canine_Filter_Breed-Akita.run(TC01_Canine_Filter_Breed-Akita:95)
</property>
</record>
<record>
  <date>2022-05-23T15:10:04</date>
  <millis>1653333004717</millis>
  <sequence>193</sequence>
  <level>PASSED</level>
  <class>com.kms.katalon.core.logging.XmlKeywordLogger</class>
  <method>logMessage</method>
  <thread>1</thread>
  <message>Statbar Samples count matches</message>
  <nestedLevel>1</nestedLevel>
  <escapedJava>false</escapedJava>
  <property name="testops-execution-stacktrace">com.kms.katalon.core.logging.KeywordLogger.logPassed(KeywordLogger.java:330)
com.kms.katalon.core.logging.KeywordLogger.logPassed(KeywordLogger.java:324)
com.kms.katalon.core.util.KeywordUtil.markPassed(KeywordUtil.java:55)
com.kms.katalon.core.util.KeywordUtil$markPassed.call(Unknown Source)
ctdc.utilities.runtestcaseforKatalon.validateStatBar(runtestcaseforKatalon.groovy:1508)
ctdc.utilities.runtestcaseforKatalon.multiFunction(runtestcaseforKatalon.groovy:298)
ctdc.utilities.runtestcaseforKatalon.invokeMethod(runtestcaseforKatalon.groovy)
com.kms.katalon.core.main.CustomKeywordDelegatingMetaClass.invokeStaticMethod(CustomKeywordDelegatingMetaClass.java:50)
TC01_Canine_Filter_Breed-Akita.run(TC01_Canine_Filter_Breed-Akita:95)
</property>
</record>
<record>
  <date>2022-05-23T15:10:04</date>
  <millis>1653333004719</millis>
  <sequence>195</sequence>
  <level>PASSED</level>
  <class>com.kms.katalon.core.logging.XmlKeywordLogger</class>
  <method>logMessage</method>
  <thread>1</thread>
  <message>Statbar Case Files count matches</message>
  <nestedLevel>1</nestedLevel>
  <escapedJava>false</escapedJava>
  <property name="testops-execution-stacktrace">com.kms.katalon.core.logging.KeywordLogger.logPassed(KeywordLogger.java:330)
com.kms.katalon.core.logging.KeywordLogger.logPassed(KeywordLogger.java:324)
com.kms.katalon.core.util.KeywordUtil.markPassed(KeywordUtil.java:55)
com.kms.katalon.core.util.KeywordUtil$markPassed.call(Unknown Source)
ctdc.utilities.runtestcaseforKatalon.validateStatBar(runtestcaseforKatalon.groovy:1509)
ctdc.utilities.runtestcaseforKatalon.multiFunction(runtestcaseforKatalon.groovy:298)
ctdc.utilities.runtestcaseforKatalon.invokeMethod(runtestcaseforKatalon.groovy)
com.kms.katalon.core.main.CustomKeywordDelegatingMetaClass.invokeStaticMethod(CustomKeywordDelegatingMetaClass.java:50)
TC01_Canine_Filter_Breed-Akita.run(TC01_Canine_Filter_Breed-Akita:95)
</property>
</record>
<record>
  <date>2022-05-23T15:10:04</date>
  <millis>1653333004720</millis>
  <sequence>197</sequence>
  <level>PASSED</level>
  <class>com.kms.katalon.core.logging.XmlKeywordLogger</class>
  <method>logMessage</method>
  <thread>1</thread>
  <message>Statbar Study Files count matches</message>
  <nestedLevel>1</nestedLevel>
  <escapedJava>false</escapedJava>
  <property name="testops-execution-stacktrace">com.kms.katalon.core.logging.KeywordLogger.logPassed(KeywordLogger.java:330)
com.kms.katalon.core.logging.KeywordLogger.logPassed(KeywordLogger.java:324)
com.kms.katalon.core.util.KeywordUtil.markPassed(KeywordUtil.java:55)
com.kms.katalon.core.util.KeywordUtil$markPassed.call(Unknown Source)
ctdc.utilities.runtestcaseforKatalon.validateStatBar(runtestcaseforKatalon.groovy:1510)
ctdc.utilities.runtestcaseforKatalon.multiFunction(runtestcaseforKatalon.groovy:298)
ctdc.utilities.runtestcaseforKatalon.invokeMethod(runtestcaseforKatalon.groovy)
com.kms.katalon.core.main.CustomKeywordDelegatingMetaClass.invokeStaticMethod(CustomKeywordDelegatingMetaClass.java:50)
TC01_Canine_Filter_Breed-Akita.run(TC01_Canine_Filter_Breed-Akita:95)
</property>
</record>
<record>
  <date>2022-05-23T15:10:04</date>
  <millis>1653333004720</millis>
  <sequence>198</sequence>
  <level>END</level>
  <class>com.kms.katalon.core.logging.XmlKeywordLogger</class>
  <method>endKeyword</method>
  <thread>1</thread>
  <message>End action : ctdc.utilities.runtestcaseforKatalon.multiFunction(&amp;quot;ICDC&amp;quot;, G_StatBar_Files, &amp;quot;Object Repository/Canine/Canine_Files_Table&amp;quot;, &amp;quot;Object Repository/Canine/Canine_Files_TableHdr&amp;quot;, &amp;quot;Object Repository/Canine/Canine_FilesTabNextBtn&amp;quot;, G_WebTabnameFiles, G_CypherTabnameFiles, G_QueryFilesTab)</message>
  <nestedLevel>1</nestedLevel>
  <escapedJava>false</escapedJava>
</record>
<record>
  <date>2022-05-23T15:10:04</date>
  <millis>1653333004721</millis>
  <sequence>199</sequence>
  <level>START</level>
  <class>com.kms.katalon.core.logging.XmlKeywordLogger</class>
  <method>startKeyword</method>
  <thread>1</thread>
  <message>Start action : waitForElementPresent(findTestObject(&amp;quot;Canine/CanineResults_StudyFiles_Tab&amp;quot;), 5)</message>
  <nestedLevel>1</nestedLevel>
  <escapedJava>false</escapedJava>
  <property name="startLine">100</property>
  <property name="stepIndex">20</property>
</record>
<record>
  <date>2022-05-23T15:10:04</date>
  <millis>1653333004894</millis>
  <sequence>207</sequence>
  <level>PASSED</level>
  <class>com.kms.katalon.core.logging.XmlKeywordLogger</class>
  <method>logMessage</method>
  <thread>1</thread>
  <message>Object &amp;apos;Object Repository/Canine/CanineResults_StudyFiles_Tab&amp;apos; is present</message>
  <nestedLevel>1</nestedLevel>
  <escapedJava>false</escapedJava>
  <property name="testops-method-name">com.kms.katalon.core.webui.keyword.builtin.WaitForElementPresentKeyword.waitForElementPresent</property>
  <property name="testops-execution-stacktrace"></property>
</record>
<record>
  <date>2022-05-23T15:10:04</date>
  <millis>1653333004895</millis>
  <sequence>208</sequence>
  <level>END</level>
  <class>com.kms.katalon.core.logging.XmlKeywordLogger</class>
  <method>endKeyword</method>
  <thread>1</thread>
  <message>End action : waitForElementPresent(findTestObject(&amp;quot;Canine/CanineResults_StudyFiles_Tab&amp;quot;), 5)</message>
  <nestedLevel>1</nestedLevel>
  <escapedJava>false</escapedJava>
</record>
<record>
  <date>2022-05-23T15:10:04</date>
  <millis>1653333004896</millis>
  <sequence>209</sequence>
  <level>START</level>
  <class>com.kms.katalon.core.logging.XmlKeywordLogger</class>
  <method>startKeyword</method>
  <thread>1</thread>
  <message>Start action : ctdc.utilities.runtestcaseforKatalon.clickTab(&amp;quot;Object Repository/Canine/CanineResults_StudyFiles_Tab&amp;quot;)</message>
  <nestedLevel>1</nestedLevel>
  <escapedJava>false</escapedJava>
  <property name="startLine">101</property>
  <property name="stepIndex">21</property>
</record>
<record>
  <date>2022-05-23T15:10:05</date>
  <millis>1653333005424</millis>
  <sequence>211</sequence>
  <level>PASSED</level>
  <class>com.kms.katalon.core.logging.XmlKeywordLogger</class>
  <method>logMessage</method>
  <thread>1</thread>
  <message>ctdc.utilities.runtestcaseforKatalon.clickTab is PASSED</message>
  <nestedLevel>1</nestedLevel>
  <escapedJava>false</escapedJava>
</record>
<record>
  <date>2022-05-23T15:10:05</date>
  <millis>1653333005425</millis>
  <sequence>212</sequence>
  <level>END</level>
  <class>com.kms.katalon.core.logging.XmlKeywordLogger</class>
  <method>endKeyword</method>
  <thread>1</thread>
  <message>End action : ctdc.utilities.runtestcaseforKatalon.clickTab(&amp;quot;Object Repository/Canine/CanineResults_StudyFiles_Tab&amp;quot;)</message>
  <nestedLevel>1</nestedLevel>
  <escapedJava>false</escapedJava>
</record>
<record>
  <date>2022-05-23T15:10:05</date>
  <millis>1653333005425</millis>
  <sequence>213</sequence>
  <level>START</level>
  <class>com.kms.katalon.core.logging.XmlKeywordLogger</class>
  <method>startKeyword</method>
  <thread>1</thread>
  <message>Start action : ctdc.utilities.runtestcaseforKatalon.multiFunction(&amp;quot;ICDC&amp;quot;, G_StatBar_StudyFiles, &amp;quot;Object Repository/Canine/Canine_StudyFiles_Table&amp;quot;, &amp;quot;Object Repository/Canine/Canine_StudyFiles_TableHdr&amp;quot;, &amp;quot;Object Repository/Canine/Canine_StudyFilesTabNextBtn&amp;quot;, G_WebTabnameStudyFiles, G_CypherTabnameStudyFiles, G_QueryStudyFilesTab)</message>
  <nestedLevel>1</nestedLevel>
  <escapedJava>false</escapedJava>
  <property name="startLine">102</property>
  <property name="stepIndex">22</property>
</record>
<record>
  <date>2022-05-23T15:10:23</date>
  <millis>1653333023346</millis>
  <sequence>226</sequence>
  <level>PASSED</level>
  <class>com.kms.katalon.core.logging.XmlKeywordLogger</class>
  <method>logMessage</method>
  <thread>1</thread>
  <message>Statbar Programs count matches</message>
  <nestedLevel>1</nestedLevel>
  <escapedJava>false</escapedJava>
  <property name="testops-execution-stacktrace">com.kms.katalon.core.logging.KeywordLogger.logPassed(KeywordLogger.java:330)
com.kms.katalon.core.logging.KeywordLogger.logPassed(KeywordLogger.java:324)
com.kms.katalon.core.util.KeywordUtil.markPassed(KeywordUtil.java:55)
com.kms.katalon.core.util.KeywordUtil$markPassed.call(Unknown Source)
ctdc.utilities.runtestcaseforKatalon.validateStatBar(runtestcaseforKatalon.groovy:1505)
ctdc.utilities.runtestcaseforKatalon.multiFunction(runtestcaseforKatalon.groovy:298)
ctdc.utilities.runtestcaseforKatalon.invokeMethod(runtestcaseforKatalon.groovy)
com.kms.katalon.core.main.CustomKeywordDelegatingMetaClass.invokeStaticMethod(CustomKeywordDelegatingMetaClass.java:50)
TC01_Canine_Filter_Breed-Akita.run(TC01_Canine_Filter_Breed-Akita:102)
</property>
</record>
<record>
  <date>2022-05-23T15:10:23</date>
  <millis>1653333023347</millis>
  <sequence>228</sequence>
  <level>PASSED</level>
  <class>com.kms.katalon.core.logging.XmlKeywordLogger</class>
  <method>logMessage</method>
  <thread>1</thread>
  <message>Statbar Studies count matches</message>
  <nestedLevel>1</nestedLevel>
  <escapedJava>false</escapedJava>
  <property name="testops-execution-stacktrace">com.kms.katalon.core.logging.KeywordLogger.logPassed(KeywordLogger.java:330)
com.kms.katalon.core.logging.KeywordLogger.logPassed(KeywordLogger.java:324)
com.kms.katalon.core.util.KeywordUtil.markPassed(KeywordUtil.java:55)
com.kms.katalon.core.util.KeywordUtil$markPassed.call(Unknown Source)
ctdc.utilities.runtestcaseforKatalon.validateStatBar(runtestcaseforKatalon.groovy:1506)
ctdc.utilities.runtestcaseforKatalon.multiFunction(runtestcaseforKatalon.groovy:298)
ctdc.utilities.runtestcaseforKatalon.invokeMethod(runtestcaseforKatalon.groovy)
com.kms.katalon.core.main.CustomKeywordDelegatingMetaClass.invokeStaticMethod(CustomKeywordDelegatingMetaClass.java:50)
TC01_Canine_Filter_Breed-Akita.run(TC01_Canine_Filter_Breed-Akita:102)
</property>
</record>
<record>
  <date>2022-05-23T15:10:23</date>
  <millis>1653333023348</millis>
  <sequence>230</sequence>
  <level>PASSED</level>
  <class>com.kms.katalon.core.logging.XmlKeywordLogger</class>
  <method>logMessage</method>
  <thread>1</thread>
  <message>Statbar Cases count matches</message>
  <nestedLevel>1</nestedLevel>
  <escapedJava>false</escapedJava>
  <property name="testops-execution-stacktrace">com.kms.katalon.core.logging.KeywordLogger.logPassed(KeywordLogger.java:330)
com.kms.katalon.core.logging.KeywordLogger.logPassed(KeywordLogger.java:324)
com.kms.katalon.core.util.KeywordUtil.markPassed(KeywordUtil.java:55)
com.kms.katalon.core.util.KeywordUtil$markPassed.call(Unknown Source)
ctdc.utilities.runtestcaseforKatalon.validateStatBar(runtestcaseforKatalon.groovy:1507)
ctdc.utilities.runtestcaseforKatalon.multiFunction(runtestcaseforKatalon.groovy:298)
ctdc.utilities.runtestcaseforKatalon.invokeMethod(runtestcaseforKatalon.groovy)
com.kms.katalon.core.main.CustomKeywordDelegatingMetaClass.invokeStaticMethod(CustomKeywordDelegatingMetaClass.java:50)
TC01_Canine_Filter_Breed-Akita.run(TC01_Canine_Filter_Breed-Akita:102)
</property>
</record>
<record>
  <date>2022-05-23T15:10:23</date>
  <millis>1653333023355</millis>
  <sequence>232</sequence>
  <level>PASSED</level>
  <class>com.kms.katalon.core.logging.XmlKeywordLogger</class>
  <method>logMessage</method>
  <thread>1</thread>
  <message>Statbar Samples count matches</message>
  <nestedLevel>1</nestedLevel>
  <escapedJava>false</escapedJava>
  <property name="testops-execution-stacktrace">com.kms.katalon.core.logging.KeywordLogger.logPassed(KeywordLogger.java:330)
com.kms.katalon.core.logging.KeywordLogger.logPassed(KeywordLogger.java:324)
com.kms.katalon.core.util.KeywordUtil.markPassed(KeywordUtil.java:55)
com.kms.katalon.core.util.KeywordUtil$markPassed.call(Unknown Source)
ctdc.utilities.runtestcaseforKatalon.validateStatBar(runtestcaseforKatalon.groovy:1508)
ctdc.utilities.runtestcaseforKatalon.multiFunction(runtestcaseforKatalon.groovy:298)
ctdc.utilities.runtestcaseforKatalon.invokeMethod(runtestcaseforKatalon.groovy)
com.kms.katalon.core.main.CustomKeywordDelegatingMetaClass.invokeStaticMethod(CustomKeywordDelegatingMetaClass.java:50)
TC01_Canine_Filter_Breed-Akita.run(TC01_Canine_Filter_Breed-Akita:102)
</property>
</record>
<record>
  <date>2022-05-23T15:10:23</date>
  <millis>1653333023360</millis>
  <sequence>234</sequence>
  <level>PASSED</level>
  <class>com.kms.katalon.core.logging.XmlKeywordLogger</class>
  <method>logMessage</method>
  <thread>1</thread>
  <message>Statbar Case Files count matches</message>
  <nestedLevel>1</nestedLevel>
  <escapedJava>false</escapedJava>
  <property name="testops-execution-stacktrace">com.kms.katalon.core.logging.KeywordLogger.logPassed(KeywordLogger.java:330)
com.kms.katalon.core.logging.KeywordLogger.logPassed(KeywordLogger.java:324)
com.kms.katalon.core.util.KeywordUtil.markPassed(KeywordUtil.java:55)
com.kms.katalon.core.util.KeywordUtil$markPassed.call(Unknown Source)
ctdc.utilities.runtestcaseforKatalon.validateStatBar(runtestcaseforKatalon.groovy:1509)
ctdc.utilities.runtestcaseforKatalon.multiFunction(runtestcaseforKatalon.groovy:298)
ctdc.utilities.runtestcaseforKatalon.invokeMethod(runtestcaseforKatalon.groovy)
com.kms.katalon.core.main.CustomKeywordDelegatingMetaClass.invokeStaticMethod(CustomKeywordDelegatingMetaClass.java:50)
TC01_Canine_Filter_Breed-Akita.run(TC01_Canine_Filter_Breed-Akita:102)
</property>
</record>
<record>
  <date>2022-05-23T15:10:23</date>
  <millis>1653333023362</millis>
  <sequence>236</sequence>
  <level>PASSED</level>
  <class>com.kms.katalon.core.logging.XmlKeywordLogger</class>
  <method>logMessage</method>
  <thread>1</thread>
  <message>Statbar Study Files count matches</message>
  <nestedLevel>1</nestedLevel>
  <escapedJava>false</escapedJava>
  <property name="testops-execution-stacktrace">com.kms.katalon.core.logging.KeywordLogger.logPassed(KeywordLogger.java:330)
com.kms.katalon.core.logging.KeywordLogger.logPassed(KeywordLogger.java:324)
com.kms.katalon.core.util.KeywordUtil.markPassed(KeywordUtil.java:55)
com.kms.katalon.core.util.KeywordUtil$markPassed.call(Unknown Source)
ctdc.utilities.runtestcaseforKatalon.validateStatBar(runtestcaseforKatalon.groovy:1510)
ctdc.utilities.runtestcaseforKatalon.multiFunction(runtestcaseforKatalon.groovy:298)
ctdc.utilities.runtestcaseforKatalon.invokeMethod(runtestcaseforKatalon.groovy)
com.kms.katalon.core.main.CustomKeywordDelegatingMetaClass.invokeStaticMethod(CustomKeywordDelegatingMetaClass.java:50)
TC01_Canine_Filter_Breed-Akita.run(TC01_Canine_Filter_Breed-Akita:102)
</property>
</record>
<record>
  <date>2022-05-23T15:10:23</date>
  <millis>1653333023363</millis>
  <sequence>237</sequence>
  <level>END</level>
  <class>com.kms.katalon.core.logging.XmlKeywordLogger</class>
  <method>endKeyword</method>
  <thread>1</thread>
  <message>End action : ctdc.utilities.runtestcaseforKatalon.multiFunction(&amp;quot;ICDC&amp;quot;, G_StatBar_StudyFiles, &amp;quot;Object Repository/Canine/Canine_StudyFiles_Table&amp;quot;, &amp;quot;Object Repository/Canine/Canine_StudyFiles_TableHdr&amp;quot;, &amp;quot;Object Repository/Canine/Canine_StudyFilesTabNextBtn&amp;quot;, G_WebTabnameStudyFiles, G_CypherTabnameStudyFiles, G_QueryStudyFilesTab)</message>
  <nestedLevel>1</nestedLevel>
  <escapedJava>false</escapedJava>
</record>
<record>
  <date>2022-05-23T15:10:23</date>
  <millis>1653333023363</millis>
  <sequence>238</sequence>
  <level>START</level>
  <class>com.kms.katalon.core.logging.XmlKeywordLogger</class>
  <method>startKeyword</method>
  <thread>1</thread>
  <message>Start action : closeBrowser()</message>
  <nestedLevel>1</nestedLevel>
  <escapedJava>false</escapedJava>
  <property name="startLine">108</property>
  <property name="stepIndex">23</property>
</record>
<record>
  <date>2022-05-23T15:10:24</date>
  <millis>1653333024001</millis>
  <sequence>240</sequence>
  <level>PASSED</level>
  <class>com.kms.katalon.core.logging.XmlKeywordLogger</class>
  <method>logMessage</method>
  <thread>1</thread>
  <message>Browser is closed</message>
  <nestedLevel>1</nestedLevel>
  <escapedJava>false</escapedJava>
  <property name="testops-method-name">com.kms.katalon.core.webui.keyword.builtin.CloseBrowserKeyword.closeBrowser</property>
  <property name="testops-execution-stacktrace"></property>
</record>
<record>
  <date>2022-05-23T15:10:24</date>
  <millis>1653333024002</millis>
  <sequence>241</sequence>
  <level>END</level>
  <class>com.kms.katalon.core.logging.XmlKeywordLogger</class>
  <method>endKeyword</method>
  <thread>1</thread>
  <message>End action : closeBrowser()</message>
  <nestedLevel>1</nestedLevel>
  <escapedJava>false</escapedJava>
</record>
<record>
  <date>2022-05-23T15:10:24</date>
  <millis>1653333024002</millis>
  <sequence>242</sequence>
  <level>PASSED</level>
  <class>com.kms.katalon.core.logging.XmlKeywordLogger</class>
  <method>logMessage</method>
  <thread>1</thread>
  <message>Test Cases/Canine_TestCases/Breed/TC01_Canine_Filter_Breed-Akita</message>
  <nestedLevel>1</nestedLevel>
  <escapedJava>false</escapedJava>
</record>
<record>
  <date>2022-05-23T15:10:24</date>
  <millis>1653333024003</millis>
  <sequence>243</sequence>
  <level>END</level>
  <class>com.kms.katalon.core.logging.XmlKeywordLogger</class>
  <method>endTest</method>
  <thread>1</thread>
  <message>End Test Case : Test Cases/Canine_TestCases/Breed/TC01_Canine_Filter_Breed-Akita</message>
  <nestedLevel>0</nestedLevel>
  <escapedJava>false</escapedJava>
  <property name="executionBindingVariables">[]</property>
  <property name="keywordsUsage">{
  &quot;web_ui&quot;: true,
  &quot;web_service&quot;: false,
  &quot;cucumber&quot;: false,
  &quot;builtin&quot;: false,
  &quot;mobile&quot;: false,
  &quot;windows&quot;: false,
  &quot;testng&quot;: false
}</property>
</record>
<record>
  <date>2022-05-23T15:10:24</date>
  <millis>1653333024008</millis>
  <sequence>244</sequence>
  <level>START</level>
  <class>com.kms.katalon.core.logging.XmlKeywordLogger</class>
  <method>startKeyword</method>
  <thread>1</thread>
  <message>Start listener action : exportKatalonReports</message>
  <nestedLevel>0</nestedLevel>
  <escapedJava>false</escapedJava>
</record>
<record>
  <date>2022-05-23T15:10:24</date>
  <millis>1653333024257</millis>
  <sequence>470</sequence>
  <level>INFO</level>
  <class>com.kms.katalon.core.logging.XmlKeywordLogger</class>
  <method>logMessage</method>
  <thread>1</thread>
  <message>Start generating HTML report folder at: C:\Users\sohilz2\Documents\GitHub\Commons_Automation\Reports\20220523_150749\ICDC_QuickRun\20220523_150749...</message>
  <nestedLevel>0</nestedLevel>
  <escapedJava>false</escapedJava>
</record>
<record>
  <date>2022-05-23T15:10:24</date>
  <millis>1653333024332</millis>
  <sequence>471</sequence>
  <level>INFO</level>
  <class>com.kms.katalon.core.logging.XmlKeywordLogger</class>
  <method>logMessage</method>
  <thread>1</thread>
  <message>HTML report generated</message>
  <nestedLevel>0</nestedLevel>
  <escapedJava>false</escapedJava>
</record>
<record>
  <date>2022-05-23T15:10:24</date>
  <millis>1653333024333</millis>
  <sequence>472</sequence>
  <level>INFO</level>
  <class>com.kms.katalon.core.logging.XmlKeywordLogger</class>
  <method>logMessage</method>
  <thread>1</thread>
  <message>Start generating CSV report folder at: C:\Users\sohilz2\Documents\GitHub\Commons_Automation\Reports\20220523_150749\ICDC_QuickRun\20220523_150749...</message>
  <nestedLevel>0</nestedLevel>
  <escapedJava>false</escapedJava>
</record>
<record>
  <date>2022-05-23T15:10:24</date>
  <millis>1653333024355</millis>
  <sequence>473</sequence>
  <level>INFO</level>
  <class>com.kms.katalon.core.logging.XmlKeywordLogger</class>
  <method>logMessage</method>
  <thread>1</thread>
  <message>CSV report generated</message>
  <nestedLevel>0</nestedLevel>
  <escapedJava>false</escapedJava>
</record>
<record>
  <date>2022-05-23T15:10:24</date>
  <millis>1653333024376</millis>
  <sequence>475</sequence>
  <level>END</level>
  <class>com.kms.katalon.core.logging.XmlKeywordLogger</class>
  <method>endKeyword</method>
  <thread>1</thread>
  <message>End listener action : exportKatalonReports</message>
  <nestedLevel>0</nestedLevel>
  <escapedJava>false</escapedJava>
</record>
<record>
  <date>2022-05-23T15:10:24</date>
  <millis>1653333024426</millis>
  <sequence>476</sequence>
  <level>END</level>
  <class>com.kms.katalon.core.logging.XmlKeywordLogger</class>
  <method>endSuite</method>
  <thread>1</thread>
  <message>End Test Suite : Test Suites/ICDC_QuickRun</message>
  <nestedLevel>0</nestedLevel>
  <escapedJava>false</escapedJava>
</record>
</log>