<?xml version="1.0" encoding="UTF-8" standalone="no"?>
<!DOCTYPE log SYSTEM "logger.dtd">
<log>
<record>
  <date>2022-05-02T14:03:30</date>
  <millis>1651514610482</millis>
  <sequence>0</sequence>
  <level>START</level>
  <class>com.kms.katalon.core.logging.XmlKeywordLogger</class>
  <method>startSuite</method>
  <thread>1</thread>
  <message>Start Test Suite : Test Suites/Bento_Quick_Run</message>
  <nestedLevel>0</nestedLevel>
  <escapedJava>false</escapedJava>
  <property name="rerunTestFailImmediately">false</property>
  <property name="retryCount">0</property>
  <property name="name">Bento_Quick_Run</property>
  <property name="description"></property>
  <property name="id">Test Suites/Bento_Quick_Run</property>
</record>
<record>
  <date>2022-05-02T14:03:30</date>
  <millis>1651514610497</millis>
  <sequence>1</sequence>
  <level>RUN_DATA</level>
  <class>com.kms.katalon.core.logging.XmlKeywordLogger</class>
  <method>logMessage</method>
  <thread>1</thread>
  <message>hostName = sohilz2 - host.docker.internal</message>
  <nestedLevel>0</nestedLevel>
  <escapedJava>false</escapedJava>
  <property name="hostName">sohilz2 - host.docker.internal</property>
</record>
<record>
  <date>2022-05-02T14:03:30</date>
  <millis>1651514610497</millis>
  <sequence>2</sequence>
  <level>RUN_DATA</level>
  <class>com.kms.katalon.core.logging.XmlKeywordLogger</class>
  <method>logMessage</method>
  <thread>1</thread>
  <message>os = Windows 10 64bit</message>
  <nestedLevel>0</nestedLevel>
  <escapedJava>false</escapedJava>
  <property name="os">Windows 10 64bit</property>
</record>
<record>
  <date>2022-05-02T14:03:30</date>
  <millis>1651514610497</millis>
  <sequence>3</sequence>
  <level>RUN_DATA</level>
  <class>com.kms.katalon.core.logging.XmlKeywordLogger</class>
  <method>logMessage</method>
  <thread>1</thread>
  <message>hostAddress = 192.168.0.86</message>
  <nestedLevel>0</nestedLevel>
  <escapedJava>false</escapedJava>
  <property name="hostAddress">192.168.0.86</property>
</record>
<record>
  <date>2022-05-02T14:03:30</date>
  <millis>1651514610498</millis>
  <sequence>4</sequence>
  <level>RUN_DATA</level>
  <class>com.kms.katalon.core.logging.XmlKeywordLogger</class>
  <method>logMessage</method>
  <thread>1</thread>
  <message>katalonVersion = 8.2.0.208</message>
  <nestedLevel>0</nestedLevel>
  <escapedJava>false</escapedJava>
  <property name="katalonVersion">8.2.0.208</property>
</record>
<record>
  <date>2022-05-02T14:03:31</date>
  <millis>1651514611455</millis>
  <sequence>5</sequence>
  <level>WARNING</level>
  <class>com.kms.katalon.core.logging.XmlKeywordLogger</class>
  <method>logMessage</method>
  <thread>1</thread>
  <message>Test object id is null</message>
  <nestedLevel>0</nestedLevel>
  <escapedJava>false</escapedJava>
</record>
<record>
  <date>2022-05-02T14:03:32</date>
  <millis>1651514612604</millis>
  <sequence>6</sequence>
  <level>START</level>
  <class>com.kms.katalon.core.logging.XmlKeywordLogger</class>
  <method>startTest</method>
  <thread>1</thread>
  <message>Start Test Case : Test Cases/Bento_TestCases/FileType/TC03_Bento_Filter_FileType-vcf</message>
  <nestedLevel>1</nestedLevel>
  <escapedJava>false</escapedJava>
  <property name="name">Test Cases/Bento_TestCases/FileType/TC03_Bento_Filter_FileType-vcf</property>
  <property name="description"></property>
  <property name="id">Test Cases/Bento_TestCases/FileType/TC03_Bento_Filter_FileType-vcf</property>
  <property name="source">C:\Users\sohilz2\Documents\Commons_Automation\Test Cases\Bento_TestCases\FileType\TC03_Bento_Filter_FileType-vcf.tc</property>
  <property name="tag"></property>
  <property name="isOptional">false</property>
</record>
<record>
  <date>2022-05-02T14:03:32</date>
  <millis>1651514612633</millis>
  <sequence>8</sequence>
  <level>START</level>
  <class>com.kms.katalon.core.logging.XmlKeywordLogger</class>
  <method>startKeyword</method>
  <thread>1</thread>
  <message>Start listener action : getTestScriptName</message>
  <nestedLevel>1</nestedLevel>
  <escapedJava>false</escapedJava>
</record>
<record>
  <date>2022-05-02T14:03:32</date>
  <millis>1651514612656</millis>
  <sequence>10</sequence>
  <level>START</level>
  <class>com.kms.katalon.core.logging.XmlKeywordLogger</class>
  <method>startKeyword</method>
  <thread>1</thread>
  <message>Start action : TestCaseId = testCaseContext.getTestCaseId()</message>
  <nestedLevel>1</nestedLevel>
  <escapedJava>false</escapedJava>
  <property name="startLine">36</property>
  <property name="stepIndex">1</property>
</record>
<record>
  <date>2022-05-02T14:03:32</date>
  <millis>1651514612675</millis>
  <sequence>11</sequence>
  <level>END</level>
  <class>com.kms.katalon.core.logging.XmlKeywordLogger</class>
  <method>endKeyword</method>
  <thread>1</thread>
  <message>End action : TestCaseId = testCaseContext.getTestCaseId()</message>
  <nestedLevel>1</nestedLevel>
  <escapedJava>false</escapedJava>
</record>
<record>
  <date>2022-05-02T14:03:32</date>
  <millis>1651514612676</millis>
  <sequence>12</sequence>
  <level>START</level>
  <class>com.kms.katalon.core.logging.XmlKeywordLogger</class>
  <method>startKeyword</method>
  <thread>1</thread>
  <message>Start action : out.println(&amp;quot;**********this is the value of test case id string******** &amp;quot; + testCaseContext.getTestCaseId())</message>
  <nestedLevel>1</nestedLevel>
  <escapedJava>false</escapedJava>
  <property name="startLine">37</property>
  <property name="stepIndex">2</property>
</record>
<record>
  <date>2022-05-02T14:03:32</date>
  <millis>1651514612708</millis>
  <sequence>13</sequence>
  <level>END</level>
  <class>com.kms.katalon.core.logging.XmlKeywordLogger</class>
  <method>endKeyword</method>
  <thread>1</thread>
  <message>End action : out.println(&amp;quot;**********this is the value of test case id string******** &amp;quot; + testCaseContext.getTestCaseId())</message>
  <nestedLevel>1</nestedLevel>
  <escapedJava>false</escapedJava>
</record>
<record>
  <date>2022-05-02T14:03:32</date>
  <millis>1651514612709</millis>
  <sequence>14</sequence>
  <level>START</level>
  <class>com.kms.katalon.core.logging.XmlKeywordLogger</class>
  <method>startKeyword</method>
  <thread>1</thread>
  <message>Start action : G_currentTCName = TestCaseId.substring(TestCaseId.lastIndexOf(&amp;quot;TC&amp;quot;))</message>
  <nestedLevel>1</nestedLevel>
  <escapedJava>false</escapedJava>
  <property name="startLine">38</property>
  <property name="stepIndex">3</property>
</record>
<record>
  <date>2022-05-02T14:03:32</date>
  <millis>1651514612711</millis>
  <sequence>15</sequence>
  <level>END</level>
  <class>com.kms.katalon.core.logging.XmlKeywordLogger</class>
  <method>endKeyword</method>
  <thread>1</thread>
  <message>End action : G_currentTCName = TestCaseId.substring(TestCaseId.lastIndexOf(&amp;quot;TC&amp;quot;))</message>
  <nestedLevel>1</nestedLevel>
  <escapedJava>false</escapedJava>
</record>
<record>
  <date>2022-05-02T14:03:32</date>
  <millis>1651514612712</millis>
  <sequence>16</sequence>
  <level>START</level>
  <class>com.kms.katalon.core.logging.XmlKeywordLogger</class>
  <method>startKeyword</method>
  <thread>1</thread>
  <message>Start action : out.println(&amp;quot;This is the test case name : &amp;quot; + G_currentTCName)</message>
  <nestedLevel>1</nestedLevel>
  <escapedJava>false</escapedJava>
  <property name="startLine">40</property>
  <property name="stepIndex">4</property>
</record>
<record>
  <date>2022-05-02T14:03:32</date>
  <millis>1651514612713</millis>
  <sequence>18</sequence>
  <level>END</level>
  <class>com.kms.katalon.core.logging.XmlKeywordLogger</class>
  <method>endKeyword</method>
  <thread>1</thread>
  <message>End action : out.println(&amp;quot;This is the test case name : &amp;quot; + G_currentTCName)</message>
  <nestedLevel>1</nestedLevel>
  <escapedJava>false</escapedJava>
</record>
<record>
  <date>2022-05-02T14:03:32</date>
  <millis>1651514612713</millis>
  <sequence>19</sequence>
  <level>END</level>
  <class>com.kms.katalon.core.logging.XmlKeywordLogger</class>
  <method>endKeyword</method>
  <thread>1</thread>
  <message>End listener action : getTestScriptName</message>
  <nestedLevel>1</nestedLevel>
  <escapedJava>false</escapedJava>
</record>
<record>
  <date>2022-05-02T14:03:33</date>
  <millis>1651514613540</millis>
  <sequence>20</sequence>
  <level>START</level>
  <class>com.kms.katalon.core.logging.XmlKeywordLogger</class>
  <method>startKeyword</method>
  <thread>1</thread>
  <message>Start action : closeBrowser()</message>
  <nestedLevel>1</nestedLevel>
  <escapedJava>false</escapedJava>
  <property name="startLine">42</property>
  <property name="stepIndex">1</property>
</record>
<record>
  <date>2022-05-02T14:03:33</date>
  <millis>1651514613816</millis>
  <sequence>22</sequence>
  <level>PASSED</level>
  <class>com.kms.katalon.core.logging.XmlKeywordLogger</class>
  <method>logMessage</method>
  <thread>1</thread>
  <message>Browser is closed</message>
  <nestedLevel>1</nestedLevel>
  <escapedJava>false</escapedJava>
  <property name="testops-method-name">com.kms.katalon.core.webui.keyword.builtin.CloseBrowserKeyword.closeBrowser</property>
  <property name="testops-execution-stacktrace"></property>
</record>
<record>
  <date>2022-05-02T14:03:33</date>
  <millis>1651514613817</millis>
  <sequence>23</sequence>
  <level>END</level>
  <class>com.kms.katalon.core.logging.XmlKeywordLogger</class>
  <method>endKeyword</method>
  <thread>1</thread>
  <message>End action : closeBrowser()</message>
  <nestedLevel>1</nestedLevel>
  <escapedJava>false</escapedJava>
</record>
<record>
  <date>2022-05-02T14:03:33</date>
  <millis>1651514613817</millis>
  <sequence>24</sequence>
  <level>START</level>
  <class>com.kms.katalon.core.logging.XmlKeywordLogger</class>
  <method>startKeyword</method>
  <thread>1</thread>
  <message>Start action : ctdc.utilities.runtestcaseforKatalon.RunKatalon(&amp;quot;TC03_Bento_Filter_FileType-vcf.xlsx&amp;quot;)</message>
  <nestedLevel>1</nestedLevel>
  <escapedJava>false</escapedJava>
  <property name="startLine">44</property>
  <property name="stepIndex">2</property>
</record>
<record>
  <date>2022-05-02T14:03:33</date>
  <millis>1651514613879</millis>
  <sequence>26</sequence>
  <level>PASSED</level>
  <class>com.kms.katalon.core.logging.XmlKeywordLogger</class>
  <method>logMessage</method>
  <thread>1</thread>
  <message>Test case file loaded This is the full filepath after converting to string :C:\Users\sohilz2\Documents\Commons_Automation\InputFiles\TC03_Bento_Filter_FileType-vcf.xlsx</message>
  <nestedLevel>1</nestedLevel>
  <escapedJava>false</escapedJava>
  <property name="testops-execution-stacktrace">com.kms.katalon.core.logging.KeywordLogger.logPassed(KeywordLogger.java:330)
com.kms.katalon.core.logging.KeywordLogger.logPassed(KeywordLogger.java:324)
com.kms.katalon.core.util.KeywordUtil.markPassed(KeywordUtil.java:55)
com.kms.katalon.core.util.KeywordUtil$markPassed.call(Unknown Source)
ctdc.utilities.runtestcaseforKatalon.RunKatalon(runtestcaseforKatalon.groovy:66)
ctdc.utilities.runtestcaseforKatalon.invokeMethod(runtestcaseforKatalon.groovy)
com.kms.katalon.core.main.CustomKeywordDelegatingMetaClass.invokeStaticMethod(CustomKeywordDelegatingMetaClass.java:50)
TC03_Bento_Filter_FileType-vcf.run(TC03_Bento_Filter_FileType-vcf:44)
</property>
</record>
<record>
  <date>2022-05-02T14:03:33</date>
  <millis>1651514613881</millis>
  <sequence>27</sequence>
  <level>INFO</level>
  <class>com.kms.katalon.core.logging.XmlKeywordLogger</class>
  <method>logMessage</method>
  <thread>1</thread>
  <message>Global variable set for password file is :  C:\Users\sohilz2\Documents\Commons_Automation\InputFiles\TC03_Bento_Filter_FileType-vcf.xlsx</message>
  <nestedLevel>1</nestedLevel>
  <escapedJava>false</escapedJava>
</record>
<record>
  <date>2022-05-02T14:03:38</date>
  <millis>1651514618477</millis>
  <sequence>29</sequence>
  <level>PASSED</level>
  <class>com.kms.katalon.core.logging.XmlKeywordLogger</class>
  <method>logMessage</method>
  <thread>1</thread>
  <message>Data loaded from input file for the test case. </message>
  <nestedLevel>1</nestedLevel>
  <escapedJava>false</escapedJava>
  <property name="testops-execution-stacktrace">com.kms.katalon.core.logging.KeywordLogger.logPassed(KeywordLogger.java:330)
com.kms.katalon.core.logging.KeywordLogger.logPassed(KeywordLogger.java:324)
com.kms.katalon.core.util.KeywordUtil.markPassed(KeywordUtil.java:55)
com.kms.katalon.core.util.KeywordUtil$markPassed.call(Unknown Source)
ctdc.utilities.runtestcaseforKatalon.RunKatalon(runtestcaseforKatalon.groovy:102)
ctdc.utilities.runtestcaseforKatalon.invokeMethod(runtestcaseforKatalon.groovy)
com.kms.katalon.core.main.CustomKeywordDelegatingMetaClass.invokeStaticMethod(CustomKeywordDelegatingMetaClass.java:50)
TC03_Bento_Filter_FileType-vcf.run(TC03_Bento_Filter_FileType-vcf:44)
</property>
</record>
<record>
  <date>2022-05-02T14:03:40</date>
  <millis>1651514620784</millis>
  <sequence>31</sequence>
  <level>RUN_DATA</level>
  <class>com.kms.katalon.core.logging.XmlKeywordLogger</class>
  <method>logMessage</method>
  <thread>1</thread>
  <message>sessionId = 2db92c16d33e310e41df49cde28847c5</message>
  <nestedLevel>1</nestedLevel>
  <escapedJava>false</escapedJava>
  <property name="sessionId">2db92c16d33e310e41df49cde28847c5</property>
</record>
<record>
  <date>2022-05-02T14:03:40</date>
  <millis>1651514620805</millis>
  <sequence>32</sequence>
  <level>RUN_DATA</level>
  <class>com.kms.katalon.core.logging.XmlKeywordLogger</class>
  <method>logMessage</method>
  <thread>1</thread>
  <message>browser = Chrome 100.0.4896.127</message>
  <nestedLevel>1</nestedLevel>
  <escapedJava>false</escapedJava>
  <property name="browser">Chrome 100.0.4896.127</property>
</record>
<record>
  <date>2022-05-02T14:03:40</date>
  <millis>1651514620806</millis>
  <sequence>33</sequence>
  <level>RUN_DATA</level>
  <class>com.kms.katalon.core.logging.XmlKeywordLogger</class>
  <method>logMessage</method>
  <thread>1</thread>
  <message>platform = Windows 10</message>
  <nestedLevel>1</nestedLevel>
  <escapedJava>false</escapedJava>
  <property name="platform">Windows 10</property>
</record>
<record>
  <date>2022-05-02T14:03:40</date>
  <millis>1651514620806</millis>
  <sequence>34</sequence>
  <level>RUN_DATA</level>
  <class>com.kms.katalon.core.logging.XmlKeywordLogger</class>
  <method>logMessage</method>
  <thread>1</thread>
  <message>seleniumVersion = 3.141.59</message>
  <nestedLevel>1</nestedLevel>
  <escapedJava>false</escapedJava>
  <property name="seleniumVersion">3.141.59</property>
</record>
<record>
  <date>2022-05-02T14:03:40</date>
  <millis>1651514620807</millis>
  <sequence>35</sequence>
  <level>RUN_DATA</level>
  <class>com.kms.katalon.core.logging.XmlKeywordLogger</class>
  <method>logMessage</method>
  <thread>1</thread>
  <message>proxyInformation = ProxyInformation { proxyOption=NO_PROXY, proxyServerType=HTTP, username=, password=********, proxyServerAddress=, proxyServerPort=0, executionList=&amp;quot;&amp;quot;, isApplyToDesiredCapabilities=true }</message>
  <nestedLevel>1</nestedLevel>
  <escapedJava>false</escapedJava>
  <property name="proxyInformation">ProxyInformation { proxyOption=NO_PROXY, proxyServerType=HTTP, username=, password=********, proxyServerAddress=, proxyServerPort=0, executionList=&quot;&quot;, isApplyToDesiredCapabilities=true }</property>
</record>
<record>
  <date>2022-05-02T14:03:53</date>
  <millis>1651514633778</millis>
  <sequence>36</sequence>
  <level>END</level>
  <class>com.kms.katalon.core.logging.XmlKeywordLogger</class>
  <method>endKeyword</method>
  <thread>1</thread>
  <message>End action : ctdc.utilities.runtestcaseforKatalon.RunKatalon(&amp;quot;TC03_Bento_Filter_FileType-vcf.xlsx&amp;quot;)</message>
  <nestedLevel>1</nestedLevel>
  <escapedJava>false</escapedJava>
</record>
<record>
  <date>2022-05-02T14:03:53</date>
  <millis>1651514633778</millis>
  <sequence>37</sequence>
  <level>START</level>
  <class>com.kms.katalon.core.logging.XmlKeywordLogger</class>
  <method>startKeyword</method>
  <thread>1</thread>
  <message>Start action : waitForElementClickable(findTestObject(&amp;quot;Object Repository/Bento/NavBar/Bento_Cases-Btn&amp;quot;), 5)</message>
  <nestedLevel>1</nestedLevel>
  <escapedJava>false</escapedJava>
  <property name="startLine">47</property>
  <property name="stepIndex">3</property>
</record>
<record>
  <date>2022-05-02T14:03:54</date>
  <millis>1651514634032</millis>
  <sequence>47</sequence>
  <level>PASSED</level>
  <class>com.kms.katalon.core.logging.XmlKeywordLogger</class>
  <method>logMessage</method>
  <thread>1</thread>
  <message>Object &amp;apos;Object Repository/Bento/NavBar/Bento_Cases-Btn&amp;apos; is clickable</message>
  <nestedLevel>1</nestedLevel>
  <escapedJava>false</escapedJava>
  <property name="testops-method-name">com.kms.katalon.core.webui.keyword.internal.WebUIKeywordMain$runKeyword.call</property>
  <property name="testops-execution-stacktrace">com.kms.katalon.core.logging.KeywordLogger.logPassed(KeywordLogger.java:330)
com.kms.katalon.core.logging.KeywordLogger.logPassed(KeywordLogger.java:324)
com.kms.katalon.core.logging.KeywordLogger$logPassed$0.call(Unknown Source)
com.kms.katalon.core.webui.keyword.builtin.WaitForElementClickableKeyword$_waitForElementClickable_closure1.doCall(WaitForElementClickableKeyword.groovy:92)
com.kms.katalon.core.webui.keyword.builtin.WaitForElementClickableKeyword$_waitForElementClickable_closure1.doCall(WaitForElementClickableKeyword.groovy)
com.kms.katalon.core.webui.keyword.internal.WebUIKeywordMain.runKeyword(WebUIKeywordMain.groovy:20)
com.kms.katalon.core.webui.keyword.internal.WebUIKeywordMain$runKeyword.call(Unknown Source)
com.kms.katalon.core.webui.keyword.builtin.WaitForElementClickableKeyword.waitForElementClickable(WaitForElementClickableKeyword.groovy:107)
com.kms.katalon.core.webui.keyword.builtin.WaitForElementClickableKeyword.execute(WaitForElementClickableKeyword.groovy:68)
com.kms.katalon.core.keyword.internal.KeywordExecutor.executeKeywordForPlatform(KeywordExecutor.groovy:74)
com.kms.katalon.core.webui.keyword.WebUiBuiltInKeywords.waitForElementClickable(WebUiBuiltInKeywords.groovy:504)
com.kms.katalon.core.webui.keyword.WebUiBuiltInKeywords$waitForElementClickable$0.call(Unknown Source)
TC03_Bento_Filter_FileType-vcf.run(TC03_Bento_Filter_FileType-vcf:47)
</property>
</record>
<record>
  <date>2022-05-02T14:03:54</date>
  <millis>1651514634033</millis>
  <sequence>48</sequence>
  <level>END</level>
  <class>com.kms.katalon.core.logging.XmlKeywordLogger</class>
  <method>endKeyword</method>
  <thread>1</thread>
  <message>End action : waitForElementClickable(findTestObject(&amp;quot;Object Repository/Bento/NavBar/Bento_Cases-Btn&amp;quot;), 5)</message>
  <nestedLevel>1</nestedLevel>
  <escapedJava>false</escapedJava>
</record>
<record>
  <date>2022-05-02T14:03:54</date>
  <millis>1651514634033</millis>
  <sequence>49</sequence>
  <level>START</level>
  <class>com.kms.katalon.core.logging.XmlKeywordLogger</class>
  <method>startKeyword</method>
  <thread>1</thread>
  <message>Start action : ctdc.utilities.runtestcaseforKatalon.clickTab(&amp;quot;Object Repository/Bento/NavBar/Bento_Cases-Btn&amp;quot;)</message>
  <nestedLevel>1</nestedLevel>
  <escapedJava>false</escapedJava>
  <property name="startLine">48</property>
  <property name="stepIndex">4</property>
</record>
<record>
  <date>2022-05-02T14:03:54</date>
  <millis>1651514634180</millis>
  <sequence>51</sequence>
  <level>PASSED</level>
  <class>com.kms.katalon.core.logging.XmlKeywordLogger</class>
  <method>logMessage</method>
  <thread>1</thread>
  <message>ctdc.utilities.runtestcaseforKatalon.clickTab is PASSED</message>
  <nestedLevel>1</nestedLevel>
  <escapedJava>false</escapedJava>
</record>
<record>
  <date>2022-05-02T14:03:54</date>
  <millis>1651514634180</millis>
  <sequence>52</sequence>
  <level>END</level>
  <class>com.kms.katalon.core.logging.XmlKeywordLogger</class>
  <method>endKeyword</method>
  <thread>1</thread>
  <message>End action : ctdc.utilities.runtestcaseforKatalon.clickTab(&amp;quot;Object Repository/Bento/NavBar/Bento_Cases-Btn&amp;quot;)</message>
  <nestedLevel>1</nestedLevel>
  <escapedJava>false</escapedJava>
</record>
<record>
  <date>2022-05-02T14:03:54</date>
  <millis>1651514634180</millis>
  <sequence>53</sequence>
  <level>START</level>
  <class>com.kms.katalon.core.logging.XmlKeywordLogger</class>
  <method>startKeyword</method>
  <thread>1</thread>
  <message>Start action : waitForElementClickable(findTestObject(&amp;quot;Bento/Cases_page/Filter/FileType/FILETYPE_Ddn&amp;quot;), 5)</message>
  <nestedLevel>1</nestedLevel>
  <escapedJava>false</escapedJava>
  <property name="startLine">53</property>
  <property name="stepIndex">5</property>
</record>
<record>
  <date>2022-05-02T14:03:55</date>
  <millis>1651514635202</millis>
  <sequence>63</sequence>
  <level>PASSED</level>
  <class>com.kms.katalon.core.logging.XmlKeywordLogger</class>
  <method>logMessage</method>
  <thread>1</thread>
  <message>Object &amp;apos;Object Repository/Bento/Cases_page/Filter/FileType/FILETYPE_Ddn&amp;apos; is clickable</message>
  <nestedLevel>1</nestedLevel>
  <escapedJava>false</escapedJava>
  <property name="testops-method-name">com.kms.katalon.core.webui.keyword.internal.WebUIKeywordMain$runKeyword.call</property>
  <property name="testops-execution-stacktrace">com.kms.katalon.core.logging.KeywordLogger.logPassed(KeywordLogger.java:330)
com.kms.katalon.core.logging.KeywordLogger.logPassed(KeywordLogger.java:324)
com.kms.katalon.core.logging.KeywordLogger$logPassed$0.call(Unknown Source)
com.kms.katalon.core.webui.keyword.builtin.WaitForElementClickableKeyword$_waitForElementClickable_closure1.doCall(WaitForElementClickableKeyword.groovy:92)
com.kms.katalon.core.webui.keyword.builtin.WaitForElementClickableKeyword$_waitForElementClickable_closure1.doCall(WaitForElementClickableKeyword.groovy)
com.kms.katalon.core.webui.keyword.internal.WebUIKeywordMain.runKeyword(WebUIKeywordMain.groovy:20)
com.kms.katalon.core.webui.keyword.internal.WebUIKeywordMain$runKeyword.call(Unknown Source)
com.kms.katalon.core.webui.keyword.builtin.WaitForElementClickableKeyword.waitForElementClickable(WaitForElementClickableKeyword.groovy:107)
com.kms.katalon.core.webui.keyword.builtin.WaitForElementClickableKeyword.execute(WaitForElementClickableKeyword.groovy:68)
com.kms.katalon.core.keyword.internal.KeywordExecutor.executeKeywordForPlatform(KeywordExecutor.groovy:74)
com.kms.katalon.core.webui.keyword.WebUiBuiltInKeywords.waitForElementClickable(WebUiBuiltInKeywords.groovy:504)
com.kms.katalon.core.webui.keyword.WebUiBuiltInKeywords$waitForElementClickable$0.call(Unknown Source)
TC03_Bento_Filter_FileType-vcf.run(TC03_Bento_Filter_FileType-vcf:53)
</property>
</record>
<record>
  <date>2022-05-02T14:03:55</date>
  <millis>1651514635203</millis>
  <sequence>64</sequence>
  <level>END</level>
  <class>com.kms.katalon.core.logging.XmlKeywordLogger</class>
  <method>endKeyword</method>
  <thread>1</thread>
  <message>End action : waitForElementClickable(findTestObject(&amp;quot;Bento/Cases_page/Filter/FileType/FILETYPE_Ddn&amp;quot;), 5)</message>
  <nestedLevel>1</nestedLevel>
  <escapedJava>false</escapedJava>
</record>
<record>
  <date>2022-05-02T14:03:55</date>
  <millis>1651514635203</millis>
  <sequence>65</sequence>
  <level>START</level>
  <class>com.kms.katalon.core.logging.XmlKeywordLogger</class>
  <method>startKeyword</method>
  <thread>1</thread>
  <message>Start action : ctdc.utilities.runtestcaseforKatalon.clickTab(&amp;quot;Bento/Cases_page/Filter/FileType/FILETYPE_Ddn&amp;quot;)</message>
  <nestedLevel>1</nestedLevel>
  <escapedJava>false</escapedJava>
  <property name="startLine">54</property>
  <property name="stepIndex">6</property>
</record>
<record>
  <date>2022-05-02T14:03:55</date>
  <millis>1651514635335</millis>
  <sequence>67</sequence>
  <level>PASSED</level>
  <class>com.kms.katalon.core.logging.XmlKeywordLogger</class>
  <method>logMessage</method>
  <thread>1</thread>
  <message>ctdc.utilities.runtestcaseforKatalon.clickTab is PASSED</message>
  <nestedLevel>1</nestedLevel>
  <escapedJava>false</escapedJava>
</record>
<record>
  <date>2022-05-02T14:03:55</date>
  <millis>1651514635336</millis>
  <sequence>68</sequence>
  <level>END</level>
  <class>com.kms.katalon.core.logging.XmlKeywordLogger</class>
  <method>endKeyword</method>
  <thread>1</thread>
  <message>End action : ctdc.utilities.runtestcaseforKatalon.clickTab(&amp;quot;Bento/Cases_page/Filter/FileType/FILETYPE_Ddn&amp;quot;)</message>
  <nestedLevel>1</nestedLevel>
  <escapedJava>false</escapedJava>
</record>
<record>
  <date>2022-05-02T14:03:55</date>
  <millis>1651514635337</millis>
  <sequence>69</sequence>
  <level>START</level>
  <class>com.kms.katalon.core.logging.XmlKeywordLogger</class>
  <method>startKeyword</method>
  <thread>1</thread>
  <message>Start action : waitForElementClickable(findTestObject(&amp;quot;Bento/Cases_page/Filter/FileType/Vcf_Chkbx&amp;quot;), 5)</message>
  <nestedLevel>1</nestedLevel>
  <escapedJava>false</escapedJava>
  <property name="startLine">56</property>
  <property name="stepIndex">7</property>
</record>
<record>
  <date>2022-05-02T14:03:55</date>
  <millis>1651514635458</millis>
  <sequence>79</sequence>
  <level>PASSED</level>
  <class>com.kms.katalon.core.logging.XmlKeywordLogger</class>
  <method>logMessage</method>
  <thread>1</thread>
  <message>Object &amp;apos;Object Repository/Bento/Cases_page/Filter/FileType/Vcf_Chkbx&amp;apos; is clickable</message>
  <nestedLevel>1</nestedLevel>
  <escapedJava>false</escapedJava>
  <property name="testops-method-name">com.kms.katalon.core.webui.keyword.internal.WebUIKeywordMain$runKeyword.call</property>
  <property name="testops-execution-stacktrace">com.kms.katalon.core.logging.KeywordLogger.logPassed(KeywordLogger.java:330)
com.kms.katalon.core.logging.KeywordLogger.logPassed(KeywordLogger.java:324)
com.kms.katalon.core.logging.KeywordLogger$logPassed$0.call(Unknown Source)
com.kms.katalon.core.webui.keyword.builtin.WaitForElementClickableKeyword$_waitForElementClickable_closure1.doCall(WaitForElementClickableKeyword.groovy:92)
com.kms.katalon.core.webui.keyword.builtin.WaitForElementClickableKeyword$_waitForElementClickable_closure1.doCall(WaitForElementClickableKeyword.groovy)
com.kms.katalon.core.webui.keyword.internal.WebUIKeywordMain.runKeyword(WebUIKeywordMain.groovy:20)
com.kms.katalon.core.webui.keyword.internal.WebUIKeywordMain$runKeyword.call(Unknown Source)
com.kms.katalon.core.webui.keyword.builtin.WaitForElementClickableKeyword.waitForElementClickable(WaitForElementClickableKeyword.groovy:107)
com.kms.katalon.core.webui.keyword.builtin.WaitForElementClickableKeyword.execute(WaitForElementClickableKeyword.groovy:68)
com.kms.katalon.core.keyword.internal.KeywordExecutor.executeKeywordForPlatform(KeywordExecutor.groovy:74)
com.kms.katalon.core.webui.keyword.WebUiBuiltInKeywords.waitForElementClickable(WebUiBuiltInKeywords.groovy:504)
com.kms.katalon.core.webui.keyword.WebUiBuiltInKeywords$waitForElementClickable$0.call(Unknown Source)
TC03_Bento_Filter_FileType-vcf.run(TC03_Bento_Filter_FileType-vcf:56)
</property>
</record>
<record>
  <date>2022-05-02T14:03:55</date>
  <millis>1651514635458</millis>
  <sequence>80</sequence>
  <level>END</level>
  <class>com.kms.katalon.core.logging.XmlKeywordLogger</class>
  <method>endKeyword</method>
  <thread>1</thread>
  <message>End action : waitForElementClickable(findTestObject(&amp;quot;Bento/Cases_page/Filter/FileType/Vcf_Chkbx&amp;quot;), 5)</message>
  <nestedLevel>1</nestedLevel>
  <escapedJava>false</escapedJava>
</record>
<record>
  <date>2022-05-02T14:03:55</date>
  <millis>1651514635459</millis>
  <sequence>81</sequence>
  <level>START</level>
  <class>com.kms.katalon.core.logging.XmlKeywordLogger</class>
  <method>startKeyword</method>
  <thread>1</thread>
  <message>Start action : ctdc.utilities.runtestcaseforKatalon.clickTab(&amp;quot;Bento/Cases_page/Filter/FileType/Vcf_Chkbx&amp;quot;)</message>
  <nestedLevel>1</nestedLevel>
  <escapedJava>false</escapedJava>
  <property name="startLine">57</property>
  <property name="stepIndex">8</property>
</record>
<record>
  <date>2022-05-02T14:03:55</date>
  <millis>1651514635675</millis>
  <sequence>83</sequence>
  <level>PASSED</level>
  <class>com.kms.katalon.core.logging.XmlKeywordLogger</class>
  <method>logMessage</method>
  <thread>1</thread>
  <message>ctdc.utilities.runtestcaseforKatalon.clickTab is PASSED</message>
  <nestedLevel>1</nestedLevel>
  <escapedJava>false</escapedJava>
</record>
<record>
  <date>2022-05-02T14:03:55</date>
  <millis>1651514635675</millis>
  <sequence>84</sequence>
  <level>END</level>
  <class>com.kms.katalon.core.logging.XmlKeywordLogger</class>
  <method>endKeyword</method>
  <thread>1</thread>
  <message>End action : ctdc.utilities.runtestcaseforKatalon.clickTab(&amp;quot;Bento/Cases_page/Filter/FileType/Vcf_Chkbx&amp;quot;)</message>
  <nestedLevel>1</nestedLevel>
  <escapedJava>false</escapedJava>
</record>
<record>
  <date>2022-05-02T14:03:55</date>
  <millis>1651514635676</millis>
  <sequence>85</sequence>
  <level>START</level>
  <class>com.kms.katalon.core.logging.XmlKeywordLogger</class>
  <method>startKeyword</method>
  <thread>1</thread>
  <message>Start action : ctdc.utilities.runtestcaseforKatalon.readStatBarBento(&amp;quot;Object Repository/Bento/StatBar/Bento_StatBar-Programs&amp;quot;, &amp;quot;Object Repository/Bento/StatBar/Bento_StatBar-Arms&amp;quot;, &amp;quot;Object Repository/Bento/StatBar/Bento_StatBar-Cases&amp;quot;, &amp;quot;Object Repository/Bento/StatBar/Bento_StatBar-Samples&amp;quot;, &amp;quot;Object Repository/Bento/StatBar/Bento_StatBar-Assays&amp;quot;, &amp;quot;Object Repository/Bento/StatBar/Bento_StatBar-Files&amp;quot;)</message>
  <nestedLevel>1</nestedLevel>
  <escapedJava>false</escapedJava>
  <property name="startLine">60</property>
  <property name="stepIndex">9</property>
</record>
<record>
  <date>2022-05-02T14:04:04</date>
  <millis>1651514644285</millis>
  <sequence>92</sequence>
  <level>PASSED</level>
  <class>com.kms.katalon.core.logging.XmlKeywordLogger</class>
  <method>logMessage</method>
  <thread>1</thread>
  <message>ctdc.utilities.runtestcaseforKatalon.readStatBarBento is PASSED</message>
  <nestedLevel>1</nestedLevel>
  <escapedJava>false</escapedJava>
</record>
<record>
  <date>2022-05-02T14:04:04</date>
  <millis>1651514644286</millis>
  <sequence>93</sequence>
  <level>END</level>
  <class>com.kms.katalon.core.logging.XmlKeywordLogger</class>
  <method>endKeyword</method>
  <thread>1</thread>
  <message>End action : ctdc.utilities.runtestcaseforKatalon.readStatBarBento(&amp;quot;Object Repository/Bento/StatBar/Bento_StatBar-Programs&amp;quot;, &amp;quot;Object Repository/Bento/StatBar/Bento_StatBar-Arms&amp;quot;, &amp;quot;Object Repository/Bento/StatBar/Bento_StatBar-Cases&amp;quot;, &amp;quot;Object Repository/Bento/StatBar/Bento_StatBar-Samples&amp;quot;, &amp;quot;Object Repository/Bento/StatBar/Bento_StatBar-Assays&amp;quot;, &amp;quot;Object Repository/Bento/StatBar/Bento_StatBar-Files&amp;quot;)</message>
  <nestedLevel>1</nestedLevel>
  <escapedJava>false</escapedJava>
</record>
<record>
  <date>2022-05-02T14:04:04</date>
  <millis>1651514644287</millis>
  <sequence>94</sequence>
  <level>START</level>
  <class>com.kms.katalon.core.logging.XmlKeywordLogger</class>
  <method>startKeyword</method>
  <thread>1</thread>
  <message>Start action : waitForElementPresent(findTestObject(&amp;quot;Object Repository/Bento/Cases_page/BentoResults_Cases_Tab&amp;quot;), 5)</message>
  <nestedLevel>1</nestedLevel>
  <escapedJava>false</escapedJava>
  <property name="startLine">66</property>
  <property name="stepIndex">10</property>
</record>
<record>
  <date>2022-05-02T14:04:04</date>
  <millis>1651514644409</millis>
  <sequence>102</sequence>
  <level>PASSED</level>
  <class>com.kms.katalon.core.logging.XmlKeywordLogger</class>
  <method>logMessage</method>
  <thread>1</thread>
  <message>Object &amp;apos;Object Repository/Bento/Cases_page/BentoResults_Cases_Tab&amp;apos; is present</message>
  <nestedLevel>1</nestedLevel>
  <escapedJava>false</escapedJava>
  <property name="testops-method-name">com.kms.katalon.core.webui.keyword.builtin.WaitForElementPresentKeyword.waitForElementPresent</property>
  <property name="testops-execution-stacktrace"></property>
</record>
<record>
  <date>2022-05-02T14:04:04</date>
  <millis>1651514644410</millis>
  <sequence>103</sequence>
  <level>END</level>
  <class>com.kms.katalon.core.logging.XmlKeywordLogger</class>
  <method>endKeyword</method>
  <thread>1</thread>
  <message>End action : waitForElementPresent(findTestObject(&amp;quot;Object Repository/Bento/Cases_page/BentoResults_Cases_Tab&amp;quot;), 5)</message>
  <nestedLevel>1</nestedLevel>
  <escapedJava>false</escapedJava>
</record>
<record>
  <date>2022-05-02T14:04:04</date>
  <millis>1651514644410</millis>
  <sequence>104</sequence>
  <level>START</level>
  <class>com.kms.katalon.core.logging.XmlKeywordLogger</class>
  <method>startKeyword</method>
  <thread>1</thread>
  <message>Start action : ctdc.utilities.runtestcaseforKatalon.clickTab(&amp;quot;Object Repository/Bento/Cases_page/BentoResults_Cases_Tab&amp;quot;)</message>
  <nestedLevel>1</nestedLevel>
  <escapedJava>false</escapedJava>
  <property name="startLine">67</property>
  <property name="stepIndex">11</property>
</record>
<record>
  <date>2022-05-02T14:04:04</date>
  <millis>1651514644600</millis>
  <sequence>106</sequence>
  <level>PASSED</level>
  <class>com.kms.katalon.core.logging.XmlKeywordLogger</class>
  <method>logMessage</method>
  <thread>1</thread>
  <message>ctdc.utilities.runtestcaseforKatalon.clickTab is PASSED</message>
  <nestedLevel>1</nestedLevel>
  <escapedJava>false</escapedJava>
</record>
<record>
  <date>2022-05-02T14:04:04</date>
  <millis>1651514644602</millis>
  <sequence>107</sequence>
  <level>END</level>
  <class>com.kms.katalon.core.logging.XmlKeywordLogger</class>
  <method>endKeyword</method>
  <thread>1</thread>
  <message>End action : ctdc.utilities.runtestcaseforKatalon.clickTab(&amp;quot;Object Repository/Bento/Cases_page/BentoResults_Cases_Tab&amp;quot;)</message>
  <nestedLevel>1</nestedLevel>
  <escapedJava>false</escapedJava>
</record>
<record>
  <date>2022-05-02T14:04:04</date>
  <millis>1651514644602</millis>
  <sequence>108</sequence>
  <level>START</level>
  <class>com.kms.katalon.core.logging.XmlKeywordLogger</class>
  <method>startKeyword</method>
  <thread>1</thread>
  <message>Start action : ctdc.utilities.runtestcaseforKatalon.multiFunction(&amp;quot;Bento&amp;quot;, G_StatBar_Cases, &amp;quot;Object Repository/Bento/Cases_page/Bento_CasesTable&amp;quot;, &amp;quot;Object Repository/Bento/Cases_page/Bento_CasesTableHeader&amp;quot;, &amp;quot;Object Repository/Bento/Cases_page/Bento_CasesTabNextBtn&amp;quot;, G_WebTabnameCases, G_CypherTabnameCases, G_QueryCasesTab)</message>
  <nestedLevel>1</nestedLevel>
  <escapedJava>false</escapedJava>
  <property name="startLine">68</property>
  <property name="stepIndex">12</property>
</record>
<record>
  <date>2022-05-02T14:04:24</date>
  <millis>1651514664036</millis>
  <sequence>120</sequence>
  <level>PASSED</level>
  <class>com.kms.katalon.core.logging.XmlKeywordLogger</class>
  <method>logMessage</method>
  <thread>1</thread>
  <message>Statbar Programs count matches</message>
  <nestedLevel>1</nestedLevel>
  <escapedJava>false</escapedJava>
  <property name="testops-execution-stacktrace">com.kms.katalon.core.logging.KeywordLogger.logPassed(KeywordLogger.java:330)
com.kms.katalon.core.logging.KeywordLogger.logPassed(KeywordLogger.java:324)
com.kms.katalon.core.util.KeywordUtil.markPassed(KeywordUtil.java:55)
com.kms.katalon.core.util.KeywordUtil$markPassed.call(Unknown Source)
ctdc.utilities.runtestcaseforKatalon.validateStatBar(runtestcaseforKatalon.groovy:1375)
ctdc.utilities.runtestcaseforKatalon.multiFunction(runtestcaseforKatalon.groovy:299)
ctdc.utilities.runtestcaseforKatalon.invokeMethod(runtestcaseforKatalon.groovy)
com.kms.katalon.core.main.CustomKeywordDelegatingMetaClass.invokeStaticMethod(CustomKeywordDelegatingMetaClass.java:50)
TC03_Bento_Filter_FileType-vcf.run(TC03_Bento_Filter_FileType-vcf:68)
</property>
</record>
<record>
  <date>2022-05-02T14:04:24</date>
  <millis>1651514664037</millis>
  <sequence>122</sequence>
  <level>PASSED</level>
  <class>com.kms.katalon.core.logging.XmlKeywordLogger</class>
  <method>logMessage</method>
  <thread>1</thread>
  <message>Statbar Arms count matches</message>
  <nestedLevel>1</nestedLevel>
  <escapedJava>false</escapedJava>
  <property name="testops-execution-stacktrace">com.kms.katalon.core.logging.KeywordLogger.logPassed(KeywordLogger.java:330)
com.kms.katalon.core.logging.KeywordLogger.logPassed(KeywordLogger.java:324)
com.kms.katalon.core.util.KeywordUtil.markPassed(KeywordUtil.java:55)
com.kms.katalon.core.util.KeywordUtil$markPassed.call(Unknown Source)
ctdc.utilities.runtestcaseforKatalon.validateStatBar(runtestcaseforKatalon.groovy:1376)
ctdc.utilities.runtestcaseforKatalon.multiFunction(runtestcaseforKatalon.groovy:299)
ctdc.utilities.runtestcaseforKatalon.invokeMethod(runtestcaseforKatalon.groovy)
com.kms.katalon.core.main.CustomKeywordDelegatingMetaClass.invokeStaticMethod(CustomKeywordDelegatingMetaClass.java:50)
TC03_Bento_Filter_FileType-vcf.run(TC03_Bento_Filter_FileType-vcf:68)
</property>
</record>
<record>
  <date>2022-05-02T14:04:24</date>
  <millis>1651514664037</millis>
  <sequence>124</sequence>
  <level>PASSED</level>
  <class>com.kms.katalon.core.logging.XmlKeywordLogger</class>
  <method>logMessage</method>
  <thread>1</thread>
  <message>Statbar Cases count matches</message>
  <nestedLevel>1</nestedLevel>
  <escapedJava>false</escapedJava>
  <property name="testops-execution-stacktrace">com.kms.katalon.core.logging.KeywordLogger.logPassed(KeywordLogger.java:330)
com.kms.katalon.core.logging.KeywordLogger.logPassed(KeywordLogger.java:324)
com.kms.katalon.core.util.KeywordUtil.markPassed(KeywordUtil.java:55)
com.kms.katalon.core.util.KeywordUtil$markPassed.call(Unknown Source)
ctdc.utilities.runtestcaseforKatalon.validateStatBar(runtestcaseforKatalon.groovy:1377)
ctdc.utilities.runtestcaseforKatalon.multiFunction(runtestcaseforKatalon.groovy:299)
ctdc.utilities.runtestcaseforKatalon.invokeMethod(runtestcaseforKatalon.groovy)
com.kms.katalon.core.main.CustomKeywordDelegatingMetaClass.invokeStaticMethod(CustomKeywordDelegatingMetaClass.java:50)
TC03_Bento_Filter_FileType-vcf.run(TC03_Bento_Filter_FileType-vcf:68)
</property>
</record>
<record>
  <date>2022-05-02T14:04:24</date>
  <millis>1651514664038</millis>
  <sequence>126</sequence>
  <level>PASSED</level>
  <class>com.kms.katalon.core.logging.XmlKeywordLogger</class>
  <method>logMessage</method>
  <thread>1</thread>
  <message>Statbar Samples count matches</message>
  <nestedLevel>1</nestedLevel>
  <escapedJava>false</escapedJava>
  <property name="testops-execution-stacktrace">com.kms.katalon.core.logging.KeywordLogger.logPassed(KeywordLogger.java:330)
com.kms.katalon.core.logging.KeywordLogger.logPassed(KeywordLogger.java:324)
com.kms.katalon.core.util.KeywordUtil.markPassed(KeywordUtil.java:55)
com.kms.katalon.core.util.KeywordUtil$markPassed.call(Unknown Source)
ctdc.utilities.runtestcaseforKatalon.validateStatBar(runtestcaseforKatalon.groovy:1378)
ctdc.utilities.runtestcaseforKatalon.multiFunction(runtestcaseforKatalon.groovy:299)
ctdc.utilities.runtestcaseforKatalon.invokeMethod(runtestcaseforKatalon.groovy)
com.kms.katalon.core.main.CustomKeywordDelegatingMetaClass.invokeStaticMethod(CustomKeywordDelegatingMetaClass.java:50)
TC03_Bento_Filter_FileType-vcf.run(TC03_Bento_Filter_FileType-vcf:68)
</property>
</record>
<record>
  <date>2022-05-02T14:04:24</date>
  <millis>1651514664039</millis>
  <sequence>128</sequence>
  <level>PASSED</level>
  <class>com.kms.katalon.core.logging.XmlKeywordLogger</class>
  <method>logMessage</method>
  <thread>1</thread>
  <message>Statbar Assays count matches</message>
  <nestedLevel>1</nestedLevel>
  <escapedJava>false</escapedJava>
  <property name="testops-execution-stacktrace">com.kms.katalon.core.logging.KeywordLogger.logPassed(KeywordLogger.java:330)
com.kms.katalon.core.logging.KeywordLogger.logPassed(KeywordLogger.java:324)
com.kms.katalon.core.util.KeywordUtil.markPassed(KeywordUtil.java:55)
com.kms.katalon.core.util.KeywordUtil$markPassed.call(Unknown Source)
ctdc.utilities.runtestcaseforKatalon.validateStatBar(runtestcaseforKatalon.groovy:1379)
ctdc.utilities.runtestcaseforKatalon.multiFunction(runtestcaseforKatalon.groovy:299)
ctdc.utilities.runtestcaseforKatalon.invokeMethod(runtestcaseforKatalon.groovy)
com.kms.katalon.core.main.CustomKeywordDelegatingMetaClass.invokeStaticMethod(CustomKeywordDelegatingMetaClass.java:50)
TC03_Bento_Filter_FileType-vcf.run(TC03_Bento_Filter_FileType-vcf:68)
</property>
</record>
<record>
  <date>2022-05-02T14:04:24</date>
  <millis>1651514664039</millis>
  <sequence>130</sequence>
  <level>PASSED</level>
  <class>com.kms.katalon.core.logging.XmlKeywordLogger</class>
  <method>logMessage</method>
  <thread>1</thread>
  <message>Statbar Files count matches</message>
  <nestedLevel>1</nestedLevel>
  <escapedJava>false</escapedJava>
  <property name="testops-execution-stacktrace">com.kms.katalon.core.logging.KeywordLogger.logPassed(KeywordLogger.java:330)
com.kms.katalon.core.logging.KeywordLogger.logPassed(KeywordLogger.java:324)
com.kms.katalon.core.util.KeywordUtil.markPassed(KeywordUtil.java:55)
com.kms.katalon.core.util.KeywordUtil$markPassed.call(Unknown Source)
ctdc.utilities.runtestcaseforKatalon.validateStatBar(runtestcaseforKatalon.groovy:1380)
ctdc.utilities.runtestcaseforKatalon.multiFunction(runtestcaseforKatalon.groovy:299)
ctdc.utilities.runtestcaseforKatalon.invokeMethod(runtestcaseforKatalon.groovy)
com.kms.katalon.core.main.CustomKeywordDelegatingMetaClass.invokeStaticMethod(CustomKeywordDelegatingMetaClass.java:50)
TC03_Bento_Filter_FileType-vcf.run(TC03_Bento_Filter_FileType-vcf:68)
</property>
</record>
<record>
  <date>2022-05-02T14:04:24</date>
  <millis>1651514664040</millis>
  <sequence>131</sequence>
  <level>END</level>
  <class>com.kms.katalon.core.logging.XmlKeywordLogger</class>
  <method>endKeyword</method>
  <thread>1</thread>
  <message>End action : ctdc.utilities.runtestcaseforKatalon.multiFunction(&amp;quot;Bento&amp;quot;, G_StatBar_Cases, &amp;quot;Object Repository/Bento/Cases_page/Bento_CasesTable&amp;quot;, &amp;quot;Object Repository/Bento/Cases_page/Bento_CasesTableHeader&amp;quot;, &amp;quot;Object Repository/Bento/Cases_page/Bento_CasesTabNextBtn&amp;quot;, G_WebTabnameCases, G_CypherTabnameCases, G_QueryCasesTab)</message>
  <nestedLevel>1</nestedLevel>
  <escapedJava>false</escapedJava>
</record>
<record>
  <date>2022-05-02T14:04:24</date>
  <millis>1651514664040</millis>
  <sequence>132</sequence>
  <level>START</level>
  <class>com.kms.katalon.core.logging.XmlKeywordLogger</class>
  <method>startKeyword</method>
  <thread>1</thread>
  <message>Start action : waitForElementPresent(findTestObject(&amp;quot;Object Repository/Bento/Cases_page/BentoResults_Samples_Tab&amp;quot;), 5)</message>
  <nestedLevel>1</nestedLevel>
  <escapedJava>false</escapedJava>
  <property name="startLine">73</property>
  <property name="stepIndex">13</property>
</record>
<record>
  <date>2022-05-02T14:04:24</date>
  <millis>1651514664140</millis>
  <sequence>140</sequence>
  <level>PASSED</level>
  <class>com.kms.katalon.core.logging.XmlKeywordLogger</class>
  <method>logMessage</method>
  <thread>1</thread>
  <message>Object &amp;apos;Object Repository/Bento/Cases_page/BentoResults_Samples_Tab&amp;apos; is present</message>
  <nestedLevel>1</nestedLevel>
  <escapedJava>false</escapedJava>
  <property name="testops-method-name">com.kms.katalon.core.webui.keyword.builtin.WaitForElementPresentKeyword.waitForElementPresent</property>
  <property name="testops-execution-stacktrace"></property>
</record>
<record>
  <date>2022-05-02T14:04:24</date>
  <millis>1651514664141</millis>
  <sequence>141</sequence>
  <level>END</level>
  <class>com.kms.katalon.core.logging.XmlKeywordLogger</class>
  <method>endKeyword</method>
  <thread>1</thread>
  <message>End action : waitForElementPresent(findTestObject(&amp;quot;Object Repository/Bento/Cases_page/BentoResults_Samples_Tab&amp;quot;), 5)</message>
  <nestedLevel>1</nestedLevel>
  <escapedJava>false</escapedJava>
</record>
<record>
  <date>2022-05-02T14:04:24</date>
  <millis>1651514664141</millis>
  <sequence>142</sequence>
  <level>START</level>
  <class>com.kms.katalon.core.logging.XmlKeywordLogger</class>
  <method>startKeyword</method>
  <thread>1</thread>
  <message>Start action : ctdc.utilities.runtestcaseforKatalon.clickTab(&amp;quot;Object Repository/Bento/Cases_page/BentoResults_Samples_Tab&amp;quot;)</message>
  <nestedLevel>1</nestedLevel>
  <escapedJava>false</escapedJava>
  <property name="startLine">74</property>
  <property name="stepIndex">14</property>
</record>
<record>
  <date>2022-05-02T14:04:24</date>
  <millis>1651514664352</millis>
  <sequence>144</sequence>
  <level>PASSED</level>
  <class>com.kms.katalon.core.logging.XmlKeywordLogger</class>
  <method>logMessage</method>
  <thread>1</thread>
  <message>ctdc.utilities.runtestcaseforKatalon.clickTab is PASSED</message>
  <nestedLevel>1</nestedLevel>
  <escapedJava>false</escapedJava>
</record>
<record>
  <date>2022-05-02T14:04:24</date>
  <millis>1651514664352</millis>
  <sequence>145</sequence>
  <level>END</level>
  <class>com.kms.katalon.core.logging.XmlKeywordLogger</class>
  <method>endKeyword</method>
  <thread>1</thread>
  <message>End action : ctdc.utilities.runtestcaseforKatalon.clickTab(&amp;quot;Object Repository/Bento/Cases_page/BentoResults_Samples_Tab&amp;quot;)</message>
  <nestedLevel>1</nestedLevel>
  <escapedJava>false</escapedJava>
</record>
<record>
  <date>2022-05-02T14:04:24</date>
  <millis>1651514664352</millis>
  <sequence>146</sequence>
  <level>START</level>
  <class>com.kms.katalon.core.logging.XmlKeywordLogger</class>
  <method>startKeyword</method>
  <thread>1</thread>
  <message>Start action : ctdc.utilities.runtestcaseforKatalon.multiFunction(&amp;quot;Bento&amp;quot;, G_StatBar_Cases, &amp;quot;Object Repository/Bento/Cases_page/Bento_SamplesTable&amp;quot;, &amp;quot;Object Repository/Bento/Cases_page/Bento_SamplesTableHeader&amp;quot;, &amp;quot;Object Repository/Bento/Cases_page/Bento_SamplesTabNextBtn&amp;quot;, G_WebTabnameSamples, G_CypherTabnameSamples, G_QuerySamplesTab)</message>
  <nestedLevel>1</nestedLevel>
  <escapedJava>false</escapedJava>
  <property name="startLine">75</property>
  <property name="stepIndex">15</property>
</record>
<record>
  <date>2022-05-02T14:04:40</date>
  <millis>1651514680729</millis>
  <sequence>158</sequence>
  <level>PASSED</level>
  <class>com.kms.katalon.core.logging.XmlKeywordLogger</class>
  <method>logMessage</method>
  <thread>1</thread>
  <message>Statbar Programs count matches</message>
  <nestedLevel>1</nestedLevel>
  <escapedJava>false</escapedJava>
  <property name="testops-execution-stacktrace">com.kms.katalon.core.logging.KeywordLogger.logPassed(KeywordLogger.java:330)
com.kms.katalon.core.logging.KeywordLogger.logPassed(KeywordLogger.java:324)
com.kms.katalon.core.util.KeywordUtil.markPassed(KeywordUtil.java:55)
com.kms.katalon.core.util.KeywordUtil$markPassed.call(Unknown Source)
ctdc.utilities.runtestcaseforKatalon.validateStatBar(runtestcaseforKatalon.groovy:1375)
ctdc.utilities.runtestcaseforKatalon.multiFunction(runtestcaseforKatalon.groovy:299)
ctdc.utilities.runtestcaseforKatalon.invokeMethod(runtestcaseforKatalon.groovy)
com.kms.katalon.core.main.CustomKeywordDelegatingMetaClass.invokeStaticMethod(CustomKeywordDelegatingMetaClass.java:50)
TC03_Bento_Filter_FileType-vcf.run(TC03_Bento_Filter_FileType-vcf:75)
</property>
</record>
<record>
  <date>2022-05-02T14:04:40</date>
  <millis>1651514680730</millis>
  <sequence>160</sequence>
  <level>PASSED</level>
  <class>com.kms.katalon.core.logging.XmlKeywordLogger</class>
  <method>logMessage</method>
  <thread>1</thread>
  <message>Statbar Arms count matches</message>
  <nestedLevel>1</nestedLevel>
  <escapedJava>false</escapedJava>
  <property name="testops-execution-stacktrace">com.kms.katalon.core.logging.KeywordLogger.logPassed(KeywordLogger.java:330)
com.kms.katalon.core.logging.KeywordLogger.logPassed(KeywordLogger.java:324)
com.kms.katalon.core.util.KeywordUtil.markPassed(KeywordUtil.java:55)
com.kms.katalon.core.util.KeywordUtil$markPassed.call(Unknown Source)
ctdc.utilities.runtestcaseforKatalon.validateStatBar(runtestcaseforKatalon.groovy:1376)
ctdc.utilities.runtestcaseforKatalon.multiFunction(runtestcaseforKatalon.groovy:299)
ctdc.utilities.runtestcaseforKatalon.invokeMethod(runtestcaseforKatalon.groovy)
com.kms.katalon.core.main.CustomKeywordDelegatingMetaClass.invokeStaticMethod(CustomKeywordDelegatingMetaClass.java:50)
TC03_Bento_Filter_FileType-vcf.run(TC03_Bento_Filter_FileType-vcf:75)
</property>
</record>
<record>
  <date>2022-05-02T14:04:40</date>
  <millis>1651514680731</millis>
  <sequence>162</sequence>
  <level>PASSED</level>
  <class>com.kms.katalon.core.logging.XmlKeywordLogger</class>
  <method>logMessage</method>
  <thread>1</thread>
  <message>Statbar Cases count matches</message>
  <nestedLevel>1</nestedLevel>
  <escapedJava>false</escapedJava>
  <property name="testops-execution-stacktrace">com.kms.katalon.core.logging.KeywordLogger.logPassed(KeywordLogger.java:330)
com.kms.katalon.core.logging.KeywordLogger.logPassed(KeywordLogger.java:324)
com.kms.katalon.core.util.KeywordUtil.markPassed(KeywordUtil.java:55)
com.kms.katalon.core.util.KeywordUtil$markPassed.call(Unknown Source)
ctdc.utilities.runtestcaseforKatalon.validateStatBar(runtestcaseforKatalon.groovy:1377)
ctdc.utilities.runtestcaseforKatalon.multiFunction(runtestcaseforKatalon.groovy:299)
ctdc.utilities.runtestcaseforKatalon.invokeMethod(runtestcaseforKatalon.groovy)
com.kms.katalon.core.main.CustomKeywordDelegatingMetaClass.invokeStaticMethod(CustomKeywordDelegatingMetaClass.java:50)
TC03_Bento_Filter_FileType-vcf.run(TC03_Bento_Filter_FileType-vcf:75)
</property>
</record>
<record>
  <date>2022-05-02T14:04:40</date>
  <millis>1651514680733</millis>
  <sequence>164</sequence>
  <level>PASSED</level>
  <class>com.kms.katalon.core.logging.XmlKeywordLogger</class>
  <method>logMessage</method>
  <thread>1</thread>
  <message>Statbar Samples count matches</message>
  <nestedLevel>1</nestedLevel>
  <escapedJava>false</escapedJava>
  <property name="testops-execution-stacktrace">com.kms.katalon.core.logging.KeywordLogger.logPassed(KeywordLogger.java:330)
com.kms.katalon.core.logging.KeywordLogger.logPassed(KeywordLogger.java:324)
com.kms.katalon.core.util.KeywordUtil.markPassed(KeywordUtil.java:55)
com.kms.katalon.core.util.KeywordUtil$markPassed.call(Unknown Source)
ctdc.utilities.runtestcaseforKatalon.validateStatBar(runtestcaseforKatalon.groovy:1378)
ctdc.utilities.runtestcaseforKatalon.multiFunction(runtestcaseforKatalon.groovy:299)
ctdc.utilities.runtestcaseforKatalon.invokeMethod(runtestcaseforKatalon.groovy)
com.kms.katalon.core.main.CustomKeywordDelegatingMetaClass.invokeStaticMethod(CustomKeywordDelegatingMetaClass.java:50)
TC03_Bento_Filter_FileType-vcf.run(TC03_Bento_Filter_FileType-vcf:75)
</property>
</record>
<record>
  <date>2022-05-02T14:04:40</date>
  <millis>1651514680734</millis>
  <sequence>166</sequence>
  <level>PASSED</level>
  <class>com.kms.katalon.core.logging.XmlKeywordLogger</class>
  <method>logMessage</method>
  <thread>1</thread>
  <message>Statbar Assays count matches</message>
  <nestedLevel>1</nestedLevel>
  <escapedJava>false</escapedJava>
  <property name="testops-execution-stacktrace">com.kms.katalon.core.logging.KeywordLogger.logPassed(KeywordLogger.java:330)
com.kms.katalon.core.logging.KeywordLogger.logPassed(KeywordLogger.java:324)
com.kms.katalon.core.util.KeywordUtil.markPassed(KeywordUtil.java:55)
com.kms.katalon.core.util.KeywordUtil$markPassed.call(Unknown Source)
ctdc.utilities.runtestcaseforKatalon.validateStatBar(runtestcaseforKatalon.groovy:1379)
ctdc.utilities.runtestcaseforKatalon.multiFunction(runtestcaseforKatalon.groovy:299)
ctdc.utilities.runtestcaseforKatalon.invokeMethod(runtestcaseforKatalon.groovy)
com.kms.katalon.core.main.CustomKeywordDelegatingMetaClass.invokeStaticMethod(CustomKeywordDelegatingMetaClass.java:50)
TC03_Bento_Filter_FileType-vcf.run(TC03_Bento_Filter_FileType-vcf:75)
</property>
</record>
<record>
  <date>2022-05-02T14:04:40</date>
  <millis>1651514680735</millis>
  <sequence>168</sequence>
  <level>PASSED</level>
  <class>com.kms.katalon.core.logging.XmlKeywordLogger</class>
  <method>logMessage</method>
  <thread>1</thread>
  <message>Statbar Files count matches</message>
  <nestedLevel>1</nestedLevel>
  <escapedJava>false</escapedJava>
  <property name="testops-execution-stacktrace">com.kms.katalon.core.logging.KeywordLogger.logPassed(KeywordLogger.java:330)
com.kms.katalon.core.logging.KeywordLogger.logPassed(KeywordLogger.java:324)
com.kms.katalon.core.util.KeywordUtil.markPassed(KeywordUtil.java:55)
com.kms.katalon.core.util.KeywordUtil$markPassed.call(Unknown Source)
ctdc.utilities.runtestcaseforKatalon.validateStatBar(runtestcaseforKatalon.groovy:1380)
ctdc.utilities.runtestcaseforKatalon.multiFunction(runtestcaseforKatalon.groovy:299)
ctdc.utilities.runtestcaseforKatalon.invokeMethod(runtestcaseforKatalon.groovy)
com.kms.katalon.core.main.CustomKeywordDelegatingMetaClass.invokeStaticMethod(CustomKeywordDelegatingMetaClass.java:50)
TC03_Bento_Filter_FileType-vcf.run(TC03_Bento_Filter_FileType-vcf:75)
</property>
</record>
<record>
  <date>2022-05-02T14:04:40</date>
  <millis>1651514680735</millis>
  <sequence>169</sequence>
  <level>END</level>
  <class>com.kms.katalon.core.logging.XmlKeywordLogger</class>
  <method>endKeyword</method>
  <thread>1</thread>
  <message>End action : ctdc.utilities.runtestcaseforKatalon.multiFunction(&amp;quot;Bento&amp;quot;, G_StatBar_Cases, &amp;quot;Object Repository/Bento/Cases_page/Bento_SamplesTable&amp;quot;, &amp;quot;Object Repository/Bento/Cases_page/Bento_SamplesTableHeader&amp;quot;, &amp;quot;Object Repository/Bento/Cases_page/Bento_SamplesTabNextBtn&amp;quot;, G_WebTabnameSamples, G_CypherTabnameSamples, G_QuerySamplesTab)</message>
  <nestedLevel>1</nestedLevel>
  <escapedJava>false</escapedJava>
</record>
<record>
  <date>2022-05-02T14:04:40</date>
  <millis>1651514680736</millis>
  <sequence>170</sequence>
  <level>START</level>
  <class>com.kms.katalon.core.logging.XmlKeywordLogger</class>
  <method>startKeyword</method>
  <thread>1</thread>
  <message>Start action : waitForElementPresent(findTestObject(&amp;quot;Object Repository/Bento/Cases_page/BentoResults_Files_Tab&amp;quot;), 5)</message>
  <nestedLevel>1</nestedLevel>
  <escapedJava>false</escapedJava>
  <property name="startLine">80</property>
  <property name="stepIndex">16</property>
</record>
<record>
  <date>2022-05-02T14:04:40</date>
  <millis>1651514680868</millis>
  <sequence>178</sequence>
  <level>PASSED</level>
  <class>com.kms.katalon.core.logging.XmlKeywordLogger</class>
  <method>logMessage</method>
  <thread>1</thread>
  <message>Object &amp;apos;Object Repository/Bento/Cases_page/BentoResults_Files_Tab&amp;apos; is present</message>
  <nestedLevel>1</nestedLevel>
  <escapedJava>false</escapedJava>
  <property name="testops-method-name">com.kms.katalon.core.webui.keyword.builtin.WaitForElementPresentKeyword.waitForElementPresent</property>
  <property name="testops-execution-stacktrace"></property>
</record>
<record>
  <date>2022-05-02T14:04:40</date>
  <millis>1651514680869</millis>
  <sequence>179</sequence>
  <level>END</level>
  <class>com.kms.katalon.core.logging.XmlKeywordLogger</class>
  <method>endKeyword</method>
  <thread>1</thread>
  <message>End action : waitForElementPresent(findTestObject(&amp;quot;Object Repository/Bento/Cases_page/BentoResults_Files_Tab&amp;quot;), 5)</message>
  <nestedLevel>1</nestedLevel>
  <escapedJava>false</escapedJava>
</record>
<record>
  <date>2022-05-02T14:04:40</date>
  <millis>1651514680869</millis>
  <sequence>180</sequence>
  <level>START</level>
  <class>com.kms.katalon.core.logging.XmlKeywordLogger</class>
  <method>startKeyword</method>
  <thread>1</thread>
  <message>Start action : ctdc.utilities.runtestcaseforKatalon.clickTab(&amp;quot;Object Repository/Bento/Cases_page/BentoResults_Files_Tab&amp;quot;)</message>
  <nestedLevel>1</nestedLevel>
  <escapedJava>false</escapedJava>
  <property name="startLine">81</property>
  <property name="stepIndex">17</property>
</record>
<record>
  <date>2022-05-02T14:04:41</date>
  <millis>1651514681058</millis>
  <sequence>182</sequence>
  <level>PASSED</level>
  <class>com.kms.katalon.core.logging.XmlKeywordLogger</class>
  <method>logMessage</method>
  <thread>1</thread>
  <message>ctdc.utilities.runtestcaseforKatalon.clickTab is PASSED</message>
  <nestedLevel>1</nestedLevel>
  <escapedJava>false</escapedJava>
</record>
<record>
  <date>2022-05-02T14:04:41</date>
  <millis>1651514681059</millis>
  <sequence>183</sequence>
  <level>END</level>
  <class>com.kms.katalon.core.logging.XmlKeywordLogger</class>
  <method>endKeyword</method>
  <thread>1</thread>
  <message>End action : ctdc.utilities.runtestcaseforKatalon.clickTab(&amp;quot;Object Repository/Bento/Cases_page/BentoResults_Files_Tab&amp;quot;)</message>
  <nestedLevel>1</nestedLevel>
  <escapedJava>false</escapedJava>
</record>
<record>
  <date>2022-05-02T14:04:41</date>
  <millis>1651514681059</millis>
  <sequence>184</sequence>
  <level>START</level>
  <class>com.kms.katalon.core.logging.XmlKeywordLogger</class>
  <method>startKeyword</method>
  <thread>1</thread>
  <message>Start action : ctdc.utilities.runtestcaseforKatalon.multiFunction(&amp;quot;Bento&amp;quot;, G_StatBar_Files, &amp;quot;Object Repository/Bento/Cases_page/Bento_FilesTable&amp;quot;, &amp;quot;Object Repository/Bento/Cases_page/Bento_FilesTableHeader&amp;quot;, &amp;quot;Object Repository/Bento/Cases_page/Bento_FilesTabNextBtn&amp;quot;, G_WebTabnameFiles, G_CypherTabnameFiles, G_QueryFilesTab)</message>
  <nestedLevel>1</nestedLevel>
  <escapedJava>false</escapedJava>
  <property name="startLine">82</property>
  <property name="stepIndex">18</property>
</record>
<record>
  <date>2022-05-02T14:04:57</date>
  <millis>1651514697996</millis>
  <sequence>196</sequence>
  <level>PASSED</level>
  <class>com.kms.katalon.core.logging.XmlKeywordLogger</class>
  <method>logMessage</method>
  <thread>1</thread>
  <message>Statbar Programs count matches</message>
  <nestedLevel>1</nestedLevel>
  <escapedJava>false</escapedJava>
  <property name="testops-execution-stacktrace">com.kms.katalon.core.logging.KeywordLogger.logPassed(KeywordLogger.java:330)
com.kms.katalon.core.logging.KeywordLogger.logPassed(KeywordLogger.java:324)
com.kms.katalon.core.util.KeywordUtil.markPassed(KeywordUtil.java:55)
com.kms.katalon.core.util.KeywordUtil$markPassed.call(Unknown Source)
ctdc.utilities.runtestcaseforKatalon.validateStatBar(runtestcaseforKatalon.groovy:1375)
ctdc.utilities.runtestcaseforKatalon.multiFunction(runtestcaseforKatalon.groovy:299)
ctdc.utilities.runtestcaseforKatalon.invokeMethod(runtestcaseforKatalon.groovy)
com.kms.katalon.core.main.CustomKeywordDelegatingMetaClass.invokeStaticMethod(CustomKeywordDelegatingMetaClass.java:50)
TC03_Bento_Filter_FileType-vcf.run(TC03_Bento_Filter_FileType-vcf:82)
</property>
</record>
<record>
  <date>2022-05-02T14:04:57</date>
  <millis>1651514697996</millis>
  <sequence>198</sequence>
  <level>PASSED</level>
  <class>com.kms.katalon.core.logging.XmlKeywordLogger</class>
  <method>logMessage</method>
  <thread>1</thread>
  <message>Statbar Arms count matches</message>
  <nestedLevel>1</nestedLevel>
  <escapedJava>false</escapedJava>
  <property name="testops-execution-stacktrace">com.kms.katalon.core.logging.KeywordLogger.logPassed(KeywordLogger.java:330)
com.kms.katalon.core.logging.KeywordLogger.logPassed(KeywordLogger.java:324)
com.kms.katalon.core.util.KeywordUtil.markPassed(KeywordUtil.java:55)
com.kms.katalon.core.util.KeywordUtil$markPassed.call(Unknown Source)
ctdc.utilities.runtestcaseforKatalon.validateStatBar(runtestcaseforKatalon.groovy:1376)
ctdc.utilities.runtestcaseforKatalon.multiFunction(runtestcaseforKatalon.groovy:299)
ctdc.utilities.runtestcaseforKatalon.invokeMethod(runtestcaseforKatalon.groovy)
com.kms.katalon.core.main.CustomKeywordDelegatingMetaClass.invokeStaticMethod(CustomKeywordDelegatingMetaClass.java:50)
TC03_Bento_Filter_FileType-vcf.run(TC03_Bento_Filter_FileType-vcf:82)
</property>
</record>
<record>
  <date>2022-05-02T14:04:57</date>
  <millis>1651514697997</millis>
  <sequence>200</sequence>
  <level>PASSED</level>
  <class>com.kms.katalon.core.logging.XmlKeywordLogger</class>
  <method>logMessage</method>
  <thread>1</thread>
  <message>Statbar Cases count matches</message>
  <nestedLevel>1</nestedLevel>
  <escapedJava>false</escapedJava>
  <property name="testops-execution-stacktrace">com.kms.katalon.core.logging.KeywordLogger.logPassed(KeywordLogger.java:330)
com.kms.katalon.core.logging.KeywordLogger.logPassed(KeywordLogger.java:324)
com.kms.katalon.core.util.KeywordUtil.markPassed(KeywordUtil.java:55)
com.kms.katalon.core.util.KeywordUtil$markPassed.call(Unknown Source)
ctdc.utilities.runtestcaseforKatalon.validateStatBar(runtestcaseforKatalon.groovy:1377)
ctdc.utilities.runtestcaseforKatalon.multiFunction(runtestcaseforKatalon.groovy:299)
ctdc.utilities.runtestcaseforKatalon.invokeMethod(runtestcaseforKatalon.groovy)
com.kms.katalon.core.main.CustomKeywordDelegatingMetaClass.invokeStaticMethod(CustomKeywordDelegatingMetaClass.java:50)
TC03_Bento_Filter_FileType-vcf.run(TC03_Bento_Filter_FileType-vcf:82)
</property>
</record>
<record>
  <date>2022-05-02T14:04:57</date>
  <millis>1651514697998</millis>
  <sequence>202</sequence>
  <level>PASSED</level>
  <class>com.kms.katalon.core.logging.XmlKeywordLogger</class>
  <method>logMessage</method>
  <thread>1</thread>
  <message>Statbar Samples count matches</message>
  <nestedLevel>1</nestedLevel>
  <escapedJava>false</escapedJava>
  <property name="testops-execution-stacktrace">com.kms.katalon.core.logging.KeywordLogger.logPassed(KeywordLogger.java:330)
com.kms.katalon.core.logging.KeywordLogger.logPassed(KeywordLogger.java:324)
com.kms.katalon.core.util.KeywordUtil.markPassed(KeywordUtil.java:55)
com.kms.katalon.core.util.KeywordUtil$markPassed.call(Unknown Source)
ctdc.utilities.runtestcaseforKatalon.validateStatBar(runtestcaseforKatalon.groovy:1378)
ctdc.utilities.runtestcaseforKatalon.multiFunction(runtestcaseforKatalon.groovy:299)
ctdc.utilities.runtestcaseforKatalon.invokeMethod(runtestcaseforKatalon.groovy)
com.kms.katalon.core.main.CustomKeywordDelegatingMetaClass.invokeStaticMethod(CustomKeywordDelegatingMetaClass.java:50)
TC03_Bento_Filter_FileType-vcf.run(TC03_Bento_Filter_FileType-vcf:82)
</property>
</record>
<record>
  <date>2022-05-02T14:04:57</date>
  <millis>1651514697998</millis>
  <sequence>204</sequence>
  <level>PASSED</level>
  <class>com.kms.katalon.core.logging.XmlKeywordLogger</class>
  <method>logMessage</method>
  <thread>1</thread>
  <message>Statbar Assays count matches</message>
  <nestedLevel>1</nestedLevel>
  <escapedJava>false</escapedJava>
  <property name="testops-execution-stacktrace">com.kms.katalon.core.logging.KeywordLogger.logPassed(KeywordLogger.java:330)
com.kms.katalon.core.logging.KeywordLogger.logPassed(KeywordLogger.java:324)
com.kms.katalon.core.util.KeywordUtil.markPassed(KeywordUtil.java:55)
com.kms.katalon.core.util.KeywordUtil$markPassed.call(Unknown Source)
ctdc.utilities.runtestcaseforKatalon.validateStatBar(runtestcaseforKatalon.groovy:1379)
ctdc.utilities.runtestcaseforKatalon.multiFunction(runtestcaseforKatalon.groovy:299)
ctdc.utilities.runtestcaseforKatalon.invokeMethod(runtestcaseforKatalon.groovy)
com.kms.katalon.core.main.CustomKeywordDelegatingMetaClass.invokeStaticMethod(CustomKeywordDelegatingMetaClass.java:50)
TC03_Bento_Filter_FileType-vcf.run(TC03_Bento_Filter_FileType-vcf:82)
</property>
</record>
<record>
  <date>2022-05-02T14:04:57</date>
  <millis>1651514697999</millis>
  <sequence>206</sequence>
  <level>PASSED</level>
  <class>com.kms.katalon.core.logging.XmlKeywordLogger</class>
  <method>logMessage</method>
  <thread>1</thread>
  <message>Statbar Files count matches</message>
  <nestedLevel>1</nestedLevel>
  <escapedJava>false</escapedJava>
  <property name="testops-execution-stacktrace">com.kms.katalon.core.logging.KeywordLogger.logPassed(KeywordLogger.java:330)
com.kms.katalon.core.logging.KeywordLogger.logPassed(KeywordLogger.java:324)
com.kms.katalon.core.util.KeywordUtil.markPassed(KeywordUtil.java:55)
com.kms.katalon.core.util.KeywordUtil$markPassed.call(Unknown Source)
ctdc.utilities.runtestcaseforKatalon.validateStatBar(runtestcaseforKatalon.groovy:1380)
ctdc.utilities.runtestcaseforKatalon.multiFunction(runtestcaseforKatalon.groovy:299)
ctdc.utilities.runtestcaseforKatalon.invokeMethod(runtestcaseforKatalon.groovy)
com.kms.katalon.core.main.CustomKeywordDelegatingMetaClass.invokeStaticMethod(CustomKeywordDelegatingMetaClass.java:50)
TC03_Bento_Filter_FileType-vcf.run(TC03_Bento_Filter_FileType-vcf:82)
</property>
</record>
<record>
  <date>2022-05-02T14:04:57</date>
  <millis>1651514697999</millis>
  <sequence>207</sequence>
  <level>END</level>
  <class>com.kms.katalon.core.logging.XmlKeywordLogger</class>
  <method>endKeyword</method>
  <thread>1</thread>
  <message>End action : ctdc.utilities.runtestcaseforKatalon.multiFunction(&amp;quot;Bento&amp;quot;, G_StatBar_Files, &amp;quot;Object Repository/Bento/Cases_page/Bento_FilesTable&amp;quot;, &amp;quot;Object Repository/Bento/Cases_page/Bento_FilesTableHeader&amp;quot;, &amp;quot;Object Repository/Bento/Cases_page/Bento_FilesTabNextBtn&amp;quot;, G_WebTabnameFiles, G_CypherTabnameFiles, G_QueryFilesTab)</message>
  <nestedLevel>1</nestedLevel>
  <escapedJava>false</escapedJava>
</record>
<record>
  <date>2022-05-02T14:04:57</date>
  <millis>1651514697999</millis>
  <sequence>208</sequence>
  <level>START</level>
  <class>com.kms.katalon.core.logging.XmlKeywordLogger</class>
  <method>startKeyword</method>
  <thread>1</thread>
  <message>Start action : closeBrowser()</message>
  <nestedLevel>1</nestedLevel>
  <escapedJava>false</escapedJava>
  <property name="startLine">86</property>
  <property name="stepIndex">19</property>
</record>
<record>
  <date>2022-05-02T14:04:58</date>
  <millis>1651514698560</millis>
  <sequence>210</sequence>
  <level>PASSED</level>
  <class>com.kms.katalon.core.logging.XmlKeywordLogger</class>
  <method>logMessage</method>
  <thread>1</thread>
  <message>Browser is closed</message>
  <nestedLevel>1</nestedLevel>
  <escapedJava>false</escapedJava>
  <property name="testops-method-name">com.kms.katalon.core.webui.keyword.builtin.CloseBrowserKeyword.closeBrowser</property>
  <property name="testops-execution-stacktrace"></property>
</record>
<record>
  <date>2022-05-02T14:04:58</date>
  <millis>1651514698561</millis>
  <sequence>211</sequence>
  <level>END</level>
  <class>com.kms.katalon.core.logging.XmlKeywordLogger</class>
  <method>endKeyword</method>
  <thread>1</thread>
  <message>End action : closeBrowser()</message>
  <nestedLevel>1</nestedLevel>
  <escapedJava>false</escapedJava>
</record>
<record>
  <date>2022-05-02T14:04:58</date>
  <millis>1651514698562</millis>
  <sequence>212</sequence>
  <level>PASSED</level>
  <class>com.kms.katalon.core.logging.XmlKeywordLogger</class>
  <method>logMessage</method>
  <thread>1</thread>
  <message>Test Cases/Bento_TestCases/FileType/TC03_Bento_Filter_FileType-vcf</message>
  <nestedLevel>1</nestedLevel>
  <escapedJava>false</escapedJava>
</record>
<record>
  <date>2022-05-02T14:04:58</date>
  <millis>1651514698566</millis>
  <sequence>213</sequence>
  <level>END</level>
  <class>com.kms.katalon.core.logging.XmlKeywordLogger</class>
  <method>endTest</method>
  <thread>1</thread>
  <message>End Test Case : Test Cases/Bento_TestCases/FileType/TC03_Bento_Filter_FileType-vcf</message>
  <nestedLevel>0</nestedLevel>
  <escapedJava>false</escapedJava>
  <property name="executionBindingVariables">[]</property>
  <property name="keywordsUsage">{
  &quot;web_ui&quot;: true,
  &quot;web_service&quot;: false,
  &quot;cucumber&quot;: false,
  &quot;builtin&quot;: false,
  &quot;mobile&quot;: false,
  &quot;windows&quot;: false,
  &quot;testng&quot;: false
}</property>
</record>
<record>
  <date>2022-05-02T14:04:58</date>
  <millis>1651514698578</millis>
  <sequence>214</sequence>
  <level>START</level>
  <class>com.kms.katalon.core.logging.XmlKeywordLogger</class>
  <method>startKeyword</method>
  <thread>1</thread>
  <message>Start listener action : exportKatalonReports</message>
  <nestedLevel>0</nestedLevel>
  <escapedJava>false</escapedJava>
</record>
<record>
  <date>2022-05-02T14:04:58</date>
  <millis>1651514698757</millis>
  <sequence>414</sequence>
  <level>INFO</level>
  <class>com.kms.katalon.core.logging.XmlKeywordLogger</class>
  <method>logMessage</method>
  <thread>1</thread>
  <message>Start generating HTML report folder at: C:\Users\sohilz2\Documents\Commons_Automation\Reports\20220502_140326\Bento_Quick_Run\20220502_140326...</message>
  <nestedLevel>0</nestedLevel>
  <escapedJava>false</escapedJava>
</record>
<record>
  <date>2022-05-02T14:04:58</date>
  <millis>1651514698792</millis>
  <sequence>415</sequence>
  <level>INFO</level>
  <class>com.kms.katalon.core.logging.XmlKeywordLogger</class>
  <method>logMessage</method>
  <thread>1</thread>
  <message>HTML report generated</message>
  <nestedLevel>0</nestedLevel>
  <escapedJava>false</escapedJava>
</record>
<record>
  <date>2022-05-02T14:04:58</date>
  <millis>1651514698793</millis>
  <sequence>416</sequence>
  <level>INFO</level>
  <class>com.kms.katalon.core.logging.XmlKeywordLogger</class>
  <method>logMessage</method>
  <thread>1</thread>
  <message>Start generating CSV report folder at: C:\Users\sohilz2\Documents\Commons_Automation\Reports\20220502_140326\Bento_Quick_Run\20220502_140326...</message>
  <nestedLevel>0</nestedLevel>
  <escapedJava>false</escapedJava>
</record>
<record>
  <date>2022-05-02T14:04:58</date>
  <millis>1651514698807</millis>
  <sequence>417</sequence>
  <level>INFO</level>
  <class>com.kms.katalon.core.logging.XmlKeywordLogger</class>
  <method>logMessage</method>
  <thread>1</thread>
  <message>CSV report generated</message>
  <nestedLevel>0</nestedLevel>
  <escapedJava>false</escapedJava>
</record>
<record>
  <date>2022-05-02T14:04:58</date>
  <millis>1651514698825</millis>
  <sequence>419</sequence>
  <level>END</level>
  <class>com.kms.katalon.core.logging.XmlKeywordLogger</class>
  <method>endKeyword</method>
  <thread>1</thread>
  <message>End listener action : exportKatalonReports</message>
  <nestedLevel>0</nestedLevel>
  <escapedJava>false</escapedJava>
</record>
<record>
  <date>2022-05-02T14:04:58</date>
  <millis>1651514698858</millis>
  <sequence>420</sequence>
  <level>END</level>
  <class>com.kms.katalon.core.logging.XmlKeywordLogger</class>
  <method>endSuite</method>
  <thread>1</thread>
  <message>End Test Suite : Test Suites/Bento_Quick_Run</message>
  <nestedLevel>0</nestedLevel>
  <escapedJava>false</escapedJava>
</record>
</log>